BLOCK00/SES002/SA002S12	SES002	1.44929	22.5683	21.119
BLOCK00/SES002/SA002S13	SES002	1.53752	20.6578	19.1202
BLOCK00/SES002/SA002S23	SES002	0.873697	21.298	20.4243
BLOCK00/SES002/SA002S26	SES002	1.43562	22.5769	21.1413
BLOCK00/SES002/SA002S28	SES002	0.335009	19.5467	19.2117
BLOCK00/SES007/SA007S14	SES007	2.44268	23.8335	21.3908
BLOCK00/SES007/SA007S15	SES007	0.747721	20.6455	19.8977
BLOCK00/SES007/SA007S24	SES007	1.10627	21.2468	20.1405
BLOCK00/SES007/SA007S27	SES007	0.735483	20.3832	19.6477
BLOCK00/SES007/SA007S29	SES007	0.809896	21.514	20.7041
BLOCK00/SES008/SA008S11	SES008	1.46805	21.8465	20.3784
BLOCK00/SES008/SA008S12	SES008	0.152803	20.2647	20.1119
BLOCK00/SES008/SA008S19	SES008	2.04666	23.6561	21.6095
BLOCK00/SES008/SA008S22	SES008	0.725025	19.862	19.1369
BLOCK00/SES008/SA008S29	SES008	1.71829	22.189	20.4707
BLOCK01/SES014/SA014S10	SES014	2.54175	22.5234	19.9816
BLOCK01/SES014/SA014S12	SES014	4.08963	26.1457	22.056
BLOCK01/SES014/SA014S24	SES014	1.66255	22.3336	20.671
BLOCK01/SES014/SA014S26	SES014	2.71768	25.6448	22.9271
BLOCK01/SES014/SA014S28	SES014	4.56024	26.2811	21.7209
BLOCK01/SES016/SA016S12	SES016	1.25145	18.9269	17.6754
BLOCK01/SES016/SA016S13	SES016	1.51225	21.4354	19.9232
BLOCK01/SES016/SA016S22	SES016	0.873743	20.3493	19.4755
BLOCK01/SES016/SA016S25	SES016	2.26121	24.1988	21.9376
BLOCK01/SES016/SA016S27	SES016	1.79672	24.1632	22.3665
BLOCK01/SES019/SA019S13	SES019	3.24916	20.8232	17.5741
BLOCK01/SES019/SA019S14	SES019	1.96841	20.6008	18.6324
BLOCK01/SES019/SA019S22	SES019	3.23021	21.332	18.1018
BLOCK01/SES019/SA019S25	SES019	3.01022	21.6884	18.6781
BLOCK01/SES019/SA019S29	SES019	3.73159	21.5031	17.7715
BLOCK02/SES029/SA029S11	SES029	1.60855	21.8851	20.2765
BLOCK02/SES029/SA029S12	SES029	-0.147619	21.6577	21.8053
BLOCK02/SES029/SA029S20	SES029	1.33433	21.7739	20.4396
BLOCK02/SES029/SA029S25	SES029	1.20451	22.7726	21.5681
BLOCK02/SES029/SA029S28	SES029	0.551844	21.7595	21.2077
BLOCK04/SES042/SA042S12	SES042	2.07441	23.4144	21.34
BLOCK04/SES042/SA042S15	SES042	2.5634	23.8128	21.2494
BLOCK04/SES042/SA042S22	SES042	3.66419	26.4643	22.8001
BLOCK04/SES042/SA042S25	SES042	2.25369	22.3198	20.0661
BLOCK04/SES042/SA042S27	SES042	2.17283	24.8117	22.6389
BLOCK04/SES048/SA048S11	SES048	1.79568	23.1459	21.3503
BLOCK04/SES048/SA048S12	SES048	1.10917	23.0141	21.905
BLOCK04/SES048/SA048S20	SES048	0.612059	23.0033	22.3912
BLOCK04/SES048/SA048S23	SES048	1.54055	21.6705	20.13
BLOCK04/SES048/SA048S27	SES048	1.29446	24.2991	23.0047
BLOCK06/SES060/SA060S11	SES060	2.18756	23.9395	21.7519
BLOCK06/SES060/SA060S12	SES060	-0.585516	19.5263	20.1118
BLOCK06/SES060/SA060S22	SES060	-0.810301	18.5979	19.4082
BLOCK06/SES060/SA060S24	SES060	1.38828	23.2472	21.8589
BLOCK06/SES060/SA060S28	SES060	1.6832	25.2575	23.5743
BLOCK06/SES062/SA062S10	SES062	1.09466	22.7946	21.7
BLOCK06/SES062/SA062S11	SES062	1.42762	21.5515	20.1238
BLOCK06/SES062/SA062S21	SES062	2.72238	26.6647	23.9423
BLOCK06/SES062/SA062S26	SES062	1.34831	23.4894	22.1411
BLOCK06/SES062/SA062S29	SES062	2.23389	24.9351	22.7012
BLOCK06/SES068/SA068S14	SES068	0.436182	21.7198	21.2837
BLOCK06/SES068/SA068S15	SES068	1.67341	23.4296	21.7562
BLOCK06/SES068/SA068S23	SES068	0.633032	20.9184	20.2854
BLOCK06/SES068/SA068S27	SES068	2.87566	24.5059	21.6302
BLOCK06/SES068/SA068S29	SES068	0.78397	21.7965	21.0125
BLOCK08/SES082/SA082S12	SES082	0.242525	20.3866	20.1441
BLOCK08/SES082/SA082S14	SES082	0.00346947	19.6388	19.6353
BLOCK08/SES082/SA082S21	SES082	-0.142311	19.8256	19.9679
BLOCK08/SES082/SA082S24	SES082	0.769569	22.2167	21.4471
BLOCK08/SES082/SA082S28	SES082	0.610315	20.52	19.9097
BLOCK08/SES083/SA083S14	SES083	0.35605	21.4052	21.0491
BLOCK08/SES083/SA083S15	SES083	0.532413	21.8597	21.3273
BLOCK08/SES083/SA083S24	SES083	0.492105	21.186	20.6939
BLOCK08/SES083/SA083S26	SES083	0.691244	21.278	20.5868
BLOCK08/SES083/SA083S29	SES083	0.0799427	21.7551	21.6752
BLOCK08/SES085/SA085S10	SES085	0.835806	22.3517	21.5159
BLOCK08/SES085/SA085S13	SES085	0.469383	20.4103	19.9409
BLOCK08/SES085/SA085S22	SES085	-0.707102	20.7193	21.4264
BLOCK08/SES085/SA085S26	SES085	-0.304558	20.9508	21.2554
BLOCK08/SES085/SA085S28	SES085	1.3989	22.8179	21.419
BLOCK08/SES087/SA087S15	SES087	1.68941	22.1612	20.4718
BLOCK08/SES087/SA087S16	SES087	1.88803	21.9592	20.0712
BLOCK08/SES087/SA087S24	SES087	1.55296	22.1713	20.6184
BLOCK08/SES087/SA087S26	SES087	1.14829	23.0638	21.9155
BLOCK08/SES087/SA087S29	SES087	1.63718	22.0424	20.4052
BLOCK09/SES099/SA099S15	SES099	2.02724	21.339	19.3117
BLOCK09/SES099/SA099S16	SES099	1.80918	21.5674	19.7582
BLOCK09/SES099/SA099S24	SES099	1.88867	21.6552	19.7665
BLOCK09/SES099/SA099S26	SES099	2.18682	22.2537	20.0669
BLOCK09/SES099/SA099S29	SES099	2.1155	22.2612	20.1457
BLOCK10/SES101/SA101S11	SES101	0.400694	21.2538	20.8531
BLOCK10/SES101/SA101S13	SES101	2.03649	23.9572	21.9207
BLOCK10/SES101/SA101S22	SES101	1.62395	21.0452	19.4213
BLOCK10/SES101/SA101S24	SES101	1.72717	21.724	19.9969
BLOCK10/SES101/SA101S28	SES101	0.48324	20.6509	20.1676
BLOCK10/SES104/SA104S11	SES104	1.98322	24.3738	22.3906
BLOCK10/SES104/SA104S12	SES104	1.58668	22.4546	20.8679
BLOCK10/SES104/SA104S21	SES104	1.55894	22.523	20.9641
BLOCK10/SES104/SA104S24	SES104	0.40119	21.2439	20.8427
BLOCK10/SES104/SA104S28	SES104	1.53719	22.7261	21.1889
BLOCK10/SES105/SA105S12	SES105	0.660925	20.0639	19.403
BLOCK10/SES105/SA105S13	SES105	1.3606	21.1938	19.8332
BLOCK10/SES105/SA105S22	SES105	0.193699	19.0865	18.8928
BLOCK10/SES105/SA105S26	SES105	1.40398	20.5882	19.1842
BLOCK10/SES105/SA105S29	SES105	1.57732	21.8739	20.2965
BLOCK10/SES106/SA106S09	SES106	1.2328	19.8476	18.6148
BLOCK10/SES106/SA106S11	SES106	1.8273	22.324	20.4967
BLOCK10/SES106/SA106S22	SES106	3.95562	22.4172	18.4616
BLOCK10/SES106/SA106S27	SES106	1.44474	20.8477	19.4029
BLOCK10/SES106/SA106S29	SES106	0.948006	20.9584	20.0104
BLOCK11/SES117/SA117S12	SES117	0.578014	20.0988	19.5208
BLOCK11/SES117/SA117S13	SES117	-0.00562477	20.5887	20.5943
BLOCK11/SES117/SA117S23	SES117	1.73683	18.4669	16.73
BLOCK11/SES117/SA117S25	SES117	1.607	19.0776	17.4706
BLOCK11/SES117/SA117S28	SES117	1.24913	18.5308	17.2817
BLOCK12/SES120/SA120S08	SES120	0.718029	18.3829	17.6649
BLOCK12/SES120/SA120S11	SES120	0.695816	16.5014	15.8056
BLOCK12/SES120/SA120S22	SES120	0.00135231	20.9144	20.9131
BLOCK12/SES120/SA120S24	SES120	0.53496	19.3568	18.8218
BLOCK12/SES120/SA120S28	SES120	-0.342394	16.5175	16.8599
BLOCK12/SES125/SA125S13	SES125	2.06882	21.5625	19.4936
BLOCK12/SES125/SA125S14	SES125	0.789803	20.3074	19.5176
BLOCK12/SES125/SA125S25	SES125	1.40925	21.6553	20.246
BLOCK12/SES125/SA125S27	SES125	2.05068	23.4654	21.4147
BLOCK12/SES125/SA125S29	SES125	1.46345	21.6205	20.157
BLOCK12/SES127/SA127S11	SES127	1.31844	21.2448	19.9263
BLOCK12/SES127/SA127S12	SES127	0.0829163	21.6528	21.5698
BLOCK12/SES127/SA127S23	SES127	0.726652	21.4371	20.7104
BLOCK12/SES127/SA127S25	SES127	0.694052	21.0514	20.3574
BLOCK12/SES127/SA127S27	SES127	0.929237	21.3047	20.3755
BLOCK12/SES129/SA129S11	SES129	2.25156	23.8969	21.6454
BLOCK12/SES129/SA129S12	SES129	1.71474	23.3518	21.6371
BLOCK12/SES129/SA129S22	SES129	0.972788	21.7639	20.7911
BLOCK12/SES129/SA129S27	SES129	2.3565	23.3331	20.9766
BLOCK12/SES129/SA129S29	SES129	1.88861	23.501	21.6124
BLOCK14/SES142/SA142S11	SES142	2.7535	20.7783	18.0248
BLOCK14/SES142/SA142S12	SES142	1.6112	19.0993	17.4881
BLOCK14/SES142/SA142S24	SES142	1.58905	19.9031	18.3141
BLOCK14/SES142/SA142S27	SES142	1.97365	21.2367	19.263
BLOCK14/SES142/SA142S29	SES142	2.69746	20.8117	18.1142
BLOCK14/SES143/SA143S12	SES143	1.50457	20.9375	19.4329
BLOCK14/SES143/SA143S13	SES143	0.851328	20.1889	19.3376
BLOCK14/SES143/SA143S23	SES143	1.09247	20.2635	19.1711
BLOCK14/SES143/SA143S25	SES143	1.36485	20.6891	19.3242
BLOCK14/SES143/SA143S28	SES143	0.919905	19.738	18.8181
BLOCK14/SES144/SA144S09	SES144	1.07195	21.2605	20.1886
BLOCK14/SES144/SA144S11	SES144	1.25571	20.3396	19.0839
BLOCK14/SES144/SA144S21	SES144	0.0280304	20.0367	20.0087
BLOCK14/SES144/SA144S25	SES144	0.747839	20.5993	19.8515
BLOCK14/SES144/SA144S29	SES144	0.0355015	21.24	21.2045
BLOCK14/SES146/SA146S14	SES146	0.87215	20.0443	19.1721
BLOCK14/SES146/SA146S15	SES146	0.993872	19.9953	19.0014
BLOCK14/SES146/SA146S24	SES146	0.875067	20.6272	19.7521
BLOCK14/SES146/SA146S26	SES146	0.867937	20.8198	19.9519
BLOCK14/SES146/SA146S29	SES146	0.798756	19.1353	18.3365
BLOCK14/SES147/SA147S11	SES147	1.64895	20.695	19.0461
BLOCK14/SES147/SA147S13	SES147	2.36218	22.3749	20.0127
BLOCK14/SES147/SA147S23	SES147	0.134407	19.3863	19.2519
BLOCK14/SES147/SA147S26	SES147	1.11946	20.569	19.4496
BLOCK14/SES147/SA147S28	SES147	1.27536	20.3787	19.1033
BLOCK14/SES148/SA148S10	SES148	1.3346	21.3964	20.0618
BLOCK14/SES148/SA148S12	SES148	0.611917	19.6269	19.015
BLOCK14/SES148/SA148S22	SES148	1.78386	22.7973	21.0135
BLOCK14/SES148/SA148S26	SES148	-0.0725479	21.2803	21.3529
BLOCK14/SES148/SA148S29	SES148	0.420958	20.942	20.5211
BLOCK14/SES149/SA149S13	SES149	-0.371378	20.8402	21.2116
BLOCK14/SES149/SA149S14	SES149	0.410545	22.2238	21.8133
BLOCK14/SES149/SA149S24	SES149	1.47133	23.1888	21.7175
BLOCK14/SES149/SA149S26	SES149	2.40862	24.0666	21.658
BLOCK14/SES149/SA149S28	SES149	2.34323	25.4482	23.1049
BLOCK15/SES158/SA158S13	SES158	1.45563	20.3986	18.943
BLOCK15/SES158/SA158S14	SES158	2.86077	20.3071	17.4463
BLOCK15/SES158/SA158S23	SES158	1.37463	20.5277	19.1531
BLOCK15/SES158/SA158S26	SES158	2.2165	19.9683	17.7518
BLOCK15/SES158/SA158S28	SES158	0.619757	19.7316	19.1118
BLOCK16/SES162/SA162S10	SES162	0.66325	18.817	18.1538
BLOCK16/SES162/SA162S11	SES162	1.12949	21.6699	20.5404
BLOCK16/SES162/SA162S21	SES162	2.29794	21.8853	19.5874
BLOCK16/SES162/SA162S24	SES162	1.45237	20.9745	19.5222
BLOCK16/SES162/SA162S27	SES162	2.09543	20.6641	18.5687
BLOCK16/SES167/SA167S14	SES167	1.11119	22.7297	21.6186
BLOCK16/SES167/SA167S15	SES167	1.2873	21.8593	20.572
BLOCK16/SES167/SA167S21	SES167	1.62123	22.2643	20.6431
BLOCK16/SES167/SA167S25	SES167	2.23709	22.1911	19.954
BLOCK16/SES167/SA167S29	SES167	2.47788	24.4145	21.9366
BLOCK17/SES172/SA172S12	SES172	2.39844	22.0365	19.6381
BLOCK17/SES172/SA172S13	SES172	1.9068	21.2242	19.3174
BLOCK17/SES172/SA172S23	SES172	1.62885	22.9805	21.3516
BLOCK17/SES172/SA172S27	SES172	1.27189	21.6439	20.372
BLOCK17/SES172/SA172S29	SES172	1.86967	22.4677	20.598
BLOCK17/SES175/SA175S11	SES175	1.34983	22.1963	20.8464
BLOCK17/SES175/SA175S13	SES175	0.971586	21.9887	21.0171
BLOCK17/SES175/SA175S23	SES175	1.37254	22.2491	20.8766
BLOCK17/SES175/SA175S25	SES175	0.387098	18.9802	18.5931
BLOCK17/SES175/SA175S28	SES175	0.343208	21.2635	20.9203
BLOCK17/SES177/SA177S15	SES177	0.429647	21.139	20.7094
BLOCK17/SES177/SA177S17	SES177	0.463371	21.0392	20.5759
BLOCK17/SES177/SA177S23	SES177	-0.194435	19.6351	19.8295
BLOCK17/SES177/SA177S26	SES177	1.34258	23.7934	22.4508
BLOCK17/SES177/SA177S28	SES177	0.839062	22.1882	21.3491
BLOCK18/SES180/SA180S13	SES180	0.413206	19.9724	19.5592
BLOCK18/SES180/SA180S15	SES180	0.602678	20.2448	19.6422
BLOCK18/SES180/SA180S24	SES180	1.04632	22.5745	21.5282
BLOCK18/SES180/SA180S26	SES180	0.535139	21.6322	21.0971
BLOCK18/SES180/SA180S29	SES180	1.02014	20.8517	19.8316
BLOCK18/SES183/SA183S13	SES183	1.1597	20.0601	18.9004
BLOCK18/SES183/SA183S14	SES183	0.222696	19.9572	19.7345
BLOCK18/SES183/SA183S24	SES183	1.87201	19.7068	17.8348
BLOCK18/SES183/SA183S27	SES183	1.44413	20.4266	18.9825
BLOCK18/SES183/SA183S29	SES183	0.65826	20.5952	19.937
BLOCK18/SES187/SA187S13	SES187	0.380844	19.7004	19.3195
BLOCK18/SES187/SA187S14	SES187	0.787701	19.921	19.1333
BLOCK18/SES187/SA187S24	SES187	1.73375	19.8893	18.1556
BLOCK18/SES187/SA187S27	SES187	1.62808	20.6812	19.0531
BLOCK18/SES187/SA187S29	SES187	2.12335	20.9736	18.8503
BLOCK18/SES189/SA189S10	SES189	1.78256	19.2921	17.5095
BLOCK18/SES189/SA189S13	SES189	2.59192	19.0041	16.4121
BLOCK18/SES189/SA189S24	SES189	3.53273	19.9469	16.4141
BLOCK18/SES189/SA189S26	SES189	1.59953	20.0637	18.4642
BLOCK18/SES189/SA189S29	SES189	2.06732	20.3113	18.244
BLOCK20/SES202/SA202S12	SES202	1.62056	18.2825	16.662
BLOCK20/SES202/SA202S14	SES202	2.94692	20.7229	17.776
BLOCK20/SES202/SA202S24	SES202	1.17747	19.8854	18.7079
BLOCK20/SES202/SA202S27	SES202	2.38432	22.871	20.4867
BLOCK20/SES202/SA202S29	SES202	1.858	21.8034	19.9454
BLOCK20/SES206/SA206S15	SES206	-0.357742	21.0249	21.3827
BLOCK20/SES206/SA206S17	SES206	2.11551	23.452	21.3365
BLOCK20/SES206/SA206S24	SES206	2.20864	23.9748	21.7661
BLOCK20/SES206/SA206S27	SES206	2.15788	22.8949	20.7371
BLOCK20/SES206/SA206S29	SES206	1.82081	24.433	22.6122
BLOCK22/SES226/SA226S12	SES226	1.6534	21.2252	19.5718
BLOCK22/SES226/SA226S13	SES226	-1.08228	18.7092	19.7915
BLOCK22/SES226/SA226S20	SES226	1.12937	20.9324	19.8031
BLOCK22/SES226/SA226S23	SES226	1.42607	21.9235	20.4974
BLOCK22/SES226/SA226S28	SES226	2.43339	22.4448	20.0114
BLOCK25/SES259/SA259S13	SES259	4.08974	23.9469	19.8571
BLOCK25/SES259/SA259S14	SES259	2.65027	22.9689	20.3186
BLOCK25/SES259/SA259S22	SES259	2.50978	22.7137	20.2039
BLOCK25/SES259/SA259S24	SES259	2.74473	24.5048	21.76
BLOCK25/SES259/SA259S28	SES259	2.39803	22.8588	20.4608
BLOCK27/SES270/SA270S14	SES270	2.728	20.2182	17.4902
BLOCK27/SES270/SA270S16	SES270	1.4264	20.0021	18.5757
BLOCK27/SES270/SA270S22	SES270	2.5249	20.6717	18.1468
BLOCK27/SES270/SA270S26	SES270	0.944712	18.436	17.4913
BLOCK27/SES270/SA270S28	SES270	1.1092	20.1977	19.0885
BLOCK27/SES275/SA275S17	SES275	1.01034	20.7345	19.7242
BLOCK27/SES275/SA275S18	SES275	0.763088	21.1524	20.3893
BLOCK27/SES275/SA275S24	SES275	0.579117	19.5707	18.9916
BLOCK27/SES275/SA275S26	SES275	1.19878	21.501	20.3022
BLOCK27/SES275/SA275S28	SES275	0.406609	21.4938	21.0872
BLOCK29/SES292/SA292S10	SES292	0.198832	20.9011	20.7022
BLOCK29/SES292/SA292S12	SES292	0.245598	20.0691	19.8235
BLOCK29/SES292/SA292S22	SES292	0.878962	22.0797	21.2008
BLOCK29/SES292/SA292S24	SES292	0.366549	21.6012	21.2347
BLOCK29/SES292/SA292S27	SES292	0.522118	21.6927	21.1706
BLOCK00/SES001/SA001S14	SES062	-3.10227	16.1213	19.2236
BLOCK00/SES001/SA001S14	SES082	-3.98863	15.235	19.2236
BLOCK00/SES001/SA001S14	SES106	-2.49981	16.7238	19.2236
BLOCK00/SES001/SA001S14	SES206	-2.60163	16.622	19.2236
BLOCK00/SES001/SA001S15	SES062	-3.40546	17.1851	20.5906
BLOCK00/SES001/SA001S15	SES104	-4.32029	16.2703	20.5906
BLOCK00/SES001/SA001S15	SES106	-2.5248	18.0658	20.5906
BLOCK00/SES001/SA001S15	SES206	-2.48856	18.102	20.5906
BLOCK00/SES001/SA001S24	SES062	-4.09127	14.6498	18.7411
BLOCK00/SES001/SA001S24	SES082	-4.40104	14.34	18.7411
BLOCK00/SES001/SA001S24	SES087	-3.37788	15.3632	18.7411
BLOCK00/SES001/SA001S24	SES206	-2.64339	16.0977	18.7411
BLOCK00/SES001/SA001S27	SES062	-3.07368	17.8639	20.9376
BLOCK00/SES001/SA001S27	SES082	-3.04036	17.8972	20.9376
BLOCK00/SES001/SA001S27	SES087	-2.70594	18.2316	20.9376
BLOCK00/SES001/SA001S27	SES206	-2.62135	18.3162	20.9376
BLOCK00/SES001/SA001S29	SES062	-4.60327	14.2944	18.8977
BLOCK00/SES001/SA001S29	SES082	-3.02812	15.8696	18.8977
BLOCK00/SES001/SA001S29	SES158	-2.33922	16.5585	18.8977
BLOCK00/SES001/SA001S29	SES206	-3.3354	15.5623	18.8977
BLOCK00/SES003/SA003S11	SES002	-2.16107	17.7687	19.9298
BLOCK00/SES003/SA003S11	SES019	-2.92357	17.0062	19.9298
BLOCK00/SES003/SA003S11	SES082	-2.16151	17.7683	19.9298
BLOCK00/SES003/SA003S11	SES125	-3.14878	16.781	19.9298
BLOCK00/SES003/SA003S15	SES016	-3.06017	18.4661	21.5263
BLOCK00/SES003/SA003S15	SES019	-2.81194	18.7143	21.5263
BLOCK00/SES003/SA003S15	SES062	-2.20756	19.3187	21.5263
BLOCK00/SES003/SA003S15	SES206	-2.28064	19.2456	21.5263
BLOCK00/SES003/SA003S22	SES002	-3.24151	16.9523	20.1938
BLOCK00/SES003/SA003S22	SES062	-1.88077	18.313	20.1938
BLOCK00/SES003/SA003S22	SES082	-2.86641	17.3274	20.1938
BLOCK00/SES003/SA003S22	SES087	-2.22713	17.9667	20.1938
BLOCK00/SES003/SA003S25	SES062	-4.60133	14.7429	19.3442
BLOCK00/SES003/SA003S25	SES082	-2.29648	17.0477	19.3442
BLOCK00/SES003/SA003S25	SES087	-2.06397	17.2802	19.3442
BLOCK00/SES003/SA003S25	SES206	-3.43652	15.9077	19.3442
BLOCK00/SES003/SA003S29	SES002	-2.63252	16.7588	19.3913
BLOCK00/SES003/SA003S29	SES062	-3.55501	15.8363	19.3913
BLOCK00/SES003/SA003S29	SES082	-1.83557	17.5557	19.3913
BLOCK00/SES003/SA003S29	SES087	-2.89047	16.5008	19.3913
BLOCK00/SES004/SA004S12	SES083	-3.17928	16.1592	19.3385
BLOCK00/SES004/SA004S12	SES148	-3.14037	16.1981	19.3385
BLOCK00/SES004/SA004S12	SES172	-2.20857	17.1299	19.3385
BLOCK00/SES004/SA004S12	SES292	-2.37824	16.9602	19.3385
BLOCK00/SES004/SA004S17	SES083	-2.86422	16.7425	19.6067
BLOCK00/SES004/SA004S17	SES162	-2.45947	17.1472	19.6067
BLOCK00/SES004/SA004S17	SES172	-1.91863	17.6881	19.6067
BLOCK00/SES004/SA004S17	SES292	-2.57413	17.0326	19.6067
BLOCK00/SES004/SA004S24	SES083	-2.86304	16.8741	19.7371
BLOCK00/SES004/SA004S24	SES148	-3.03359	16.7035	19.7371
BLOCK00/SES004/SA004S24	SES172	-1.40022	18.3369	19.7371
BLOCK00/SES004/SA004S24	SES292	-2.0617	17.6754	19.7371
BLOCK00/SES004/SA004S26	SES083	-3.03869	15.9721	19.0108
BLOCK00/SES004/SA004S26	SES127	-2.66903	16.3417	19.0108
BLOCK00/SES004/SA004S26	SES148	-4.22899	14.7818	19.0108
BLOCK00/SES004/SA004S26	SES292	-3.80106	15.2097	19.0108
BLOCK00/SES004/SA004S28	SES083	-2.54634	18.0456	20.592
BLOCK00/SES004/SA004S28	SES127	-2.35624	18.2357	20.592
BLOCK00/SES004/SA004S28	SES187	-1.39494	19.197	20.592
BLOCK00/SES004/SA004S28	SES292	-2.64769	17.9443	20.592
BLOCK00/SES006/SA006S10	SES014	-5.36619	10.4337	15.7999
BLOCK00/SES006/SA006S10	SES158	-3.0428	12.7571	15.7999
BLOCK00/SES006/SA006S10	SES226	-6.13455	9.66537	15.7999
BLOCK00/SES006/SA006S10	SES270	-2.87118	12.9287	15.7999
BLOCK00/SES006/SA006S11	SES158	-2.74723	13.6279	16.3751
BLOCK00/SES006/SA006S11	SES226	-4.59532	11.7798	16.3751
BLOCK00/SES006/SA006S11	SES270	-2.67198	13.7031	16.3751
BLOCK00/SES006/SA006S11	SES275	-4.1254	12.2497	16.3751
BLOCK00/SES006/SA006S23	SES062	-3.72552	15.7043	19.4298
BLOCK00/SES006/SA006S23	SES105	-4.8374	14.5924	19.4298
BLOCK00/SES006/SA006S23	SES158	-3.04693	16.3829	19.4298
BLOCK00/SES006/SA006S23	SES275	-2.87429	16.5555	19.4298
BLOCK00/SES006/SA006S26	SES104	-5.03369	13.3893	18.423
BLOCK00/SES006/SA006S26	SES158	-2.39827	16.0248	18.423
BLOCK00/SES006/SA006S26	SES270	-0.999077	17.424	18.423
BLOCK00/SES006/SA006S26	SES275	-3.82256	14.6005	18.423
BLOCK00/SES006/SA006S28	SES007	-3.97929	12.8703	16.8496
BLOCK00/SES006/SA006S28	SES105	-5.08459	11.765	16.8496
BLOCK00/SES006/SA006S28	SES158	-3.10289	13.7467	16.8496
BLOCK00/SES006/SA006S28	SES275	-4.11047	12.7392	16.8496
BLOCK00/SES009/SA009S12	SES083	-3.83596	17.2841	21.1201
BLOCK00/SES009/SA009S12	SES148	-3.42006	17.7	21.1201
BLOCK00/SES009/SA009S12	SES177	-1.82373	19.2964	21.1201
BLOCK00/SES009/SA009S12	SES292	-1.85364	19.2665	21.1201
BLOCK00/SES009/SA009S15	SES007	-0.819881	21.2287	22.0486
BLOCK00/SES009/SA009S15	SES099	-4.43814	17.6105	22.0486
BLOCK00/SES009/SA009S15	SES148	-3.12156	18.927	22.0486
BLOCK00/SES009/SA009S15	SES172	-1.76518	20.2834	22.0486
BLOCK00/SES009/SA009S24	SES146	-2.2017	19.2991	21.5009
BLOCK00/SES009/SA009S24	SES148	-3.26219	18.2387	21.5009
BLOCK00/SES009/SA009S24	SES177	-0.994713	20.5061	21.5009
BLOCK00/SES009/SA009S24	SES292	-2.02068	19.4802	21.5009
BLOCK00/SES009/SA009S26	SES083	-3.06565	17.7569	20.8226
BLOCK00/SES009/SA009S26	SES101	-3.18463	17.6379	20.8226
BLOCK00/SES009/SA009S26	SES120	-2.60835	18.2142	20.8226
BLOCK00/SES009/SA009S26	SES177	-1.60887	19.2137	20.8226
BLOCK00/SES009/SA009S29	SES083	-2.511	18.972	21.483
BLOCK00/SES009/SA009S29	SES101	-2.61551	18.8675	21.483
BLOCK00/SES009/SA009S29	SES177	-1.31266	20.1703	21.483
BLOCK00/SES009/SA009S29	SES292	-2.03546	19.4475	21.483
BLOCK01/SES011/SA011S10	SES019	-2.34991	18.3582	20.7081
BLOCK01/SES011/SA011S10	SES042	-1.42811	19.28	20.7081
BLOCK01/SES011/SA011S10	SES082	-2.61016	18.098	20.7081
BLOCK01/SES011/SA011S10	SES206	-2.55732	18.1508	20.7081
BLOCK01/SES011/SA011S11	SES019	-2.93569	16.3872	19.3229
BLOCK01/SES011/SA011S11	SES042	-1.92962	17.3933	19.3229
BLOCK01/SES011/SA011S11	SES082	-3.22147	16.1014	19.3229
BLOCK01/SES011/SA011S11	SES206	-3.07235	16.2505	19.3229
BLOCK01/SES011/SA011S22	SES019	-2.41417	16.5579	18.9721
BLOCK01/SES011/SA011S22	SES042	-1.50157	17.4705	18.9721
BLOCK01/SES011/SA011S22	SES082	-2.61792	16.3542	18.9721
BLOCK01/SES011/SA011S22	SES206	-2.64374	16.3284	18.9721
BLOCK01/SES011/SA011S24	SES019	-3.22576	16.7955	20.0213
BLOCK01/SES011/SA011S24	SES042	-1.90985	18.1114	20.0213
BLOCK01/SES011/SA011S24	SES104	-3.42255	16.5987	20.0213
BLOCK01/SES011/SA011S24	SES206	-2.69966	17.3216	20.0213
BLOCK01/SES011/SA011S27	SES082	-1.81497	17.6268	19.4418
BLOCK01/SES011/SA011S27	SES087	-2.81425	16.6275	19.4418
BLOCK01/SES011/SA011S27	SES125	-2.48086	16.9609	19.4418
BLOCK01/SES011/SA011S27	SES206	-2.23524	17.2065	19.4418
BLOCK01/SES012/SA012S11	SES007	-1.69936	20.5948	22.2942
BLOCK01/SES012/SA012S11	SES082	-3.27521	19.019	22.2942
BLOCK01/SES012/SA012S11	SES083	-2.79113	19.5031	22.2942
BLOCK01/SES012/SA012S11	SES206	-3.09037	19.2038	22.2942
BLOCK01/SES012/SA012S14	SES082	-1.92229	20.2403	22.1626
BLOCK01/SES012/SA012S14	SES087	-2.91297	19.2496	22.1626
BLOCK01/SES012/SA012S14	SES206	-2.20358	19.959	22.1626
BLOCK01/SES012/SA012S14	SES292	-2.51979	19.6428	22.1626
BLOCK01/SES012/SA012S24	SES082	-1.43463	19.128	20.5626
BLOCK01/SES012/SA012S24	SES087	-2.8911	17.6715	20.5626
BLOCK01/SES012/SA012S24	SES120	-2.45485	18.1077	20.5626
BLOCK01/SES012/SA012S24	SES206	-1.59029	18.9723	20.5626
BLOCK01/SES012/SA012S26	SES019	-4.88889	17.1699	22.0588
BLOCK01/SES012/SA012S26	SES082	-3.59846	18.4603	22.0588
BLOCK01/SES012/SA012S26	SES206	-1.62899	20.4298	22.0588
BLOCK01/SES012/SA012S26	SES292	-1.91799	20.1408	22.0588
BLOCK01/SES012/SA012S29	SES062	-2.162	20.1491	22.3111
BLOCK01/SES012/SA012S29	SES082	-2.15203	20.159	22.3111
BLOCK01/SES012/SA012S29	SES083	-3.69556	18.6155	22.3111
BLOCK01/SES012/SA012S29	SES206	-2.0884	20.2227	22.3111
BLOCK01/SES013/SA013S16	SES062	-4.618	14.9662	19.5842
BLOCK01/SES013/SA013S16	SES106	-2.77092	16.8133	19.5842
BLOCK01/SES013/SA013S16	SES206	-2.9666	16.6176	19.5842
BLOCK01/SES013/SA013S16	SES226	-2.14425	17.4399	19.5842
BLOCK01/SES013/SA013S17	SES062	-4.07462	17.7284	21.803
BLOCK01/SES013/SA013S17	SES106	-3.23547	18.5675	21.803
BLOCK01/SES013/SA013S17	SES206	-1.75619	20.0468	21.803
BLOCK01/SES013/SA013S17	SES226	-2.31077	19.4922	21.803
BLOCK01/SES013/SA013S23	SES104	-3.6871	16.6581	20.3452
BLOCK01/SES013/SA013S23	SES106	-1.94904	18.3962	20.3452
BLOCK01/SES013/SA013S23	SES206	-2.38327	17.9619	20.3452
BLOCK01/SES013/SA013S23	SES270	-1.55575	18.7895	20.3452
BLOCK01/SES013/SA013S25	SES042	-1.93145	19.3165	21.2479
BLOCK01/SES013/SA013S25	SES104	-2.72158	18.5263	21.2479
BLOCK01/SES013/SA013S25	SES106	-2.01369	19.2342	21.2479
BLOCK01/SES013/SA013S25	SES206	-1.59054	19.6574	21.2479
BLOCK01/SES013/SA013S29	SES062	-5.10415	15.0168	20.1209
BLOCK01/SES013/SA013S29	SES104	-4.52185	15.5991	20.1209
BLOCK01/SES013/SA013S29	SES106	-2.5824	17.5385	20.1209
BLOCK01/SES013/SA013S29	SES206	-2.89878	17.2222	20.1209
BLOCK02/SES021/SA021S13	SES016	-3.90133	17.5118	21.4131
BLOCK02/SES021/SA021S13	SES029	-2.42418	18.9889	21.4131
BLOCK02/SES021/SA021S13	SES087	-3.15806	18.2551	21.4131
BLOCK02/SES021/SA021S13	SES206	-1.80889	19.6042	21.4131
BLOCK02/SES021/SA021S15	SES087	-1.80908	20.8404	22.6495
BLOCK02/SES021/SA021S15	SES125	-1.8558	20.7937	22.6495
BLOCK02/SES021/SA021S15	SES206	-1.58894	21.0606	22.6495
BLOCK02/SES021/SA021S15	SES226	-3.38253	19.267	22.6495
BLOCK02/SES021/SA021S23	SES062	-4.29469	15.4767	19.7714
BLOCK02/SES021/SA021S23	SES087	-2.13842	17.633	19.7714
BLOCK02/SES021/SA021S23	SES206	-2.68113	17.0903	19.7714
BLOCK02/SES021/SA021S23	SES226	-2.40901	17.3624	19.7714
BLOCK02/SES021/SA021S27	SES002	-1.38871	20.8384	22.2271
BLOCK02/SES021/SA021S27	SES016	-4.41629	17.8108	22.2271
BLOCK02/SES021/SA021S27	SES019	-2.42812	19.7989	22.2271
BLOCK02/SES021/SA021S27	SES062	-2.8188	19.4083	22.2271
BLOCK02/SES021/SA021S29	SES087	-1.9668	19.7791	21.7459
BLOCK02/SES021/SA021S29	SES125	-1.77658	19.9693	21.7459
BLOCK02/SES021/SA021S29	SES206	-1.75244	19.9934	21.7459
BLOCK02/SES021/SA021S29	SES226	-4.16999	17.5759	21.7459
BLOCK04/SES043/SA043S09	SES083	-2.61975	16.133	18.7528
BLOCK04/SES043/SA043S09	SES101	-2.40093	16.3519	18.7528
BLOCK04/SES043/SA043S09	SES144	-1.5033	17.2495	18.7528
BLOCK04/SES043/SA043S09	SES172	-3.40394	15.3488	18.7528
BLOCK04/SES043/SA043S11	SES083	-1.59069	19.3596	20.9503
BLOCK04/SES043/SA043S11	SES101	-1.87231	19.0779	20.9503
BLOCK04/SES043/SA043S11	SES144	-0.690109	20.2601	20.9503
BLOCK04/SES043/SA043S11	SES172	-2.23466	18.7156	20.9503
BLOCK04/SES043/SA043S23	SES083	-2.00105	18.4026	20.4037
BLOCK04/SES043/SA043S23	SES144	-0.808643	19.5951	20.4037
BLOCK04/SES043/SA043S23	SES177	-2.2765	18.1272	20.4037
BLOCK04/SES043/SA043S23	SES275	-1.80333	18.6004	20.4037
BLOCK04/SES043/SA043S26	SES083	-2.66233	17.1424	19.8048
BLOCK04/SES043/SA043S26	SES101	-2.68487	17.1199	19.8048
BLOCK04/SES043/SA043S26	SES144	-1.01188	18.7929	19.8048
BLOCK04/SES043/SA043S26	SES177	-2.25215	17.5526	19.8048
BLOCK04/SES043/SA043S28	SES016	-2.77825	18.2918	21.07
BLOCK04/SES043/SA043S28	SES083	-1.74221	19.3278	21.07
BLOCK04/SES043/SA043S28	SES101	-1.59335	19.4767	21.07
BLOCK04/SES043/SA043S28	SES144	-1.71737	19.3527	21.07
BLOCK04/SES044/SA044S10	SES127	-4.32896	11.3239	15.6529
BLOCK04/SES044/SA044S10	SES144	-2.20408	13.4488	15.6529
BLOCK04/SES044/SA044S10	SES147	-4.68883	10.9641	15.6529
BLOCK04/SES044/SA044S10	SES148	-4.43977	11.2131	15.6529
BLOCK04/SES044/SA044S11	SES101	-2.28342	15.7317	18.0152
BLOCK04/SES044/SA044S11	SES144	-1.25006	16.7651	18.0152
BLOCK04/SES044/SA044S11	SES147	-3.13516	14.88	18.0152
BLOCK04/SES044/SA044S11	SES177	-3.37566	14.6395	18.0152
BLOCK04/SES044/SA044S24	SES007	-2.72804	15.9823	18.7103
BLOCK04/SES044/SA044S24	SES101	-1.85113	16.8592	18.7103
BLOCK04/SES044/SA044S24	SES147	-3.2802	15.4301	18.7103
BLOCK04/SES044/SA044S24	SES177	-3.13073	15.5796	18.7103
BLOCK04/SES044/SA044S26	SES007	-2.67454	16.7199	19.3945
BLOCK04/SES044/SA044S26	SES016	-1.81173	17.5827	19.3945
BLOCK04/SES044/SA044S26	SES101	-2.0907	17.3038	19.3945
BLOCK04/SES044/SA044S26	SES147	-2.39698	16.9975	19.3945
BLOCK04/SES044/SA044S29	SES007	-3.19272	16.9766	20.1694
BLOCK04/SES044/SA044S29	SES101	-0.582682	19.5867	20.1694
BLOCK04/SES044/SA044S29	SES147	-2.95192	17.2174	20.1694
BLOCK04/SES044/SA044S29	SES177	-3.57591	16.5935	20.1694
BLOCK04/SES046/SA046S13	SES101	-2.15689	15.6961	17.853
BLOCK04/SES046/SA046S13	SES144	-1.11823	16.7348	17.853
BLOCK04/SES046/SA046S13	SES147	-2.64311	15.2099	17.853
BLOCK04/SES046/SA046S13	SES177	-2.47261	15.3804	17.853
BLOCK04/SES046/SA046S15	SES048	-1.13907	19.7904	20.9295
BLOCK04/SES046/SA046S15	SES083	-1.5247	19.4048	20.9295
BLOCK04/SES046/SA046S15	SES120	-3.20737	17.7221	20.9295
BLOCK04/SES046/SA046S15	SES148	-1.7827	19.1468	20.9295
BLOCK04/SES046/SA046S22	SES101	-1.6449	17.8908	19.5357
BLOCK04/SES046/SA046S22	SES144	-1.64324	17.8924	19.5357
BLOCK04/SES046/SA046S22	SES147	-2.42696	17.1087	19.5357
BLOCK04/SES046/SA046S22	SES172	-2.15915	17.3765	19.5357
BLOCK04/SES046/SA046S25	SES083	-1.80888	17.8163	19.6252
BLOCK04/SES046/SA046S25	SES127	-2.25569	17.3695	19.6252
BLOCK04/SES046/SA046S25	SES144	-2.38702	17.2382	19.6252
BLOCK04/SES046/SA046S25	SES148	-2.28885	17.3363	19.6252
BLOCK04/SES046/SA046S28	SES007	-2.9558	16.581	19.5368
BLOCK04/SES046/SA046S28	SES105	-2.84711	16.6897	19.5368
BLOCK04/SES046/SA046S28	SES147	-1.89439	17.6424	19.5368
BLOCK04/SES046/SA046S28	SES148	-2.03812	17.4987	19.5368
BLOCK04/SES049/SA049S16	SES104	-3.52685	15.3752	18.902
BLOCK04/SES049/SA049S16	SES106	-2.67666	16.2254	18.902
BLOCK04/SES049/SA049S16	SES120	-2.69725	16.2048	18.902
BLOCK04/SES049/SA049S16	SES206	-1.88502	17.017	18.902
BLOCK04/SES049/SA049S18	SES099	-1.7746	16.6218	18.3964
BLOCK04/SES049/SA049S18	SES104	-3.74441	14.652	18.3964
BLOCK04/SES049/SA049S18	SES125	-4.59688	13.7996	18.3964
BLOCK04/SES049/SA049S18	SES206	-3.27985	15.1166	18.3964
BLOCK04/SES049/SA049S25	SES087	-2.26888	16.9671	19.236
BLOCK04/SES049/SA049S25	SES104	-1.5737	17.6623	19.236
BLOCK04/SES049/SA049S25	SES125	-3.04711	16.1889	19.236
BLOCK04/SES049/SA049S25	SES206	-1.47131	17.7647	19.236
BLOCK04/SES049/SA049S27	SES099	-0.786394	18.8074	19.5937
BLOCK04/SES049/SA049S27	SES104	-1.41056	18.1832	19.5937
BLOCK04/SES049/SA049S27	SES125	-3.13634	16.4574	19.5937
BLOCK04/SES049/SA049S27	SES206	-2.00139	17.5924	19.5937
BLOCK04/SES049/SA049S29	SES099	-1.23269	19.4529	20.6856
BLOCK04/SES049/SA049S29	SES104	-1.52698	19.1586	20.6856
BLOCK04/SES049/SA049S29	SES125	-1.85233	18.8333	20.6856
BLOCK04/SES049/SA049S29	SES206	-1.12604	19.5596	20.6856
BLOCK06/SES063/SA063S09	SES068	-2.59421	18.6474	21.2416
BLOCK06/SES063/SA063S09	SES083	-1.74635	19.4952	21.2416
BLOCK06/SES063/SA063S09	SES177	-1.95381	19.2878	21.2416
BLOCK06/SES063/SA063S09	SES187	-2.89661	18.345	21.2416
BLOCK06/SES063/SA063S10	SES068	-3.26192	17.2143	20.4762
BLOCK06/SES063/SA063S10	SES083	-2.60686	17.8693	20.4762
BLOCK06/SES063/SA063S10	SES172	-2.89407	17.5821	20.4762
BLOCK06/SES063/SA063S10	SES187	-2.26717	18.209	20.4762
BLOCK06/SES063/SA063S20	SES068	-3.22506	16.891	20.116
BLOCK06/SES063/SA063S20	SES083	-2.60137	17.5147	20.116
BLOCK06/SES063/SA063S20	SES172	-2.00451	18.1115	20.116
BLOCK06/SES063/SA063S20	SES187	-2.19643	17.9196	20.116
BLOCK06/SES063/SA063S24	SES029	-4.52131	16.7896	21.3109
BLOCK06/SES063/SA063S24	SES083	-2.16092	19.15	21.3109
BLOCK06/SES063/SA063S24	SES177	-2.0475	19.2634	21.3109
BLOCK06/SES063/SA063S24	SES189	-2.59231	18.7186	21.3109
BLOCK06/SES063/SA063S27	SES083	-1.23787	18.5858	19.8237
BLOCK06/SES063/SA063S27	SES172	-2.10876	17.7149	19.8237
BLOCK06/SES063/SA063S27	SES187	-2.59576	17.2279	19.8237
BLOCK06/SES063/SA063S27	SES292	-2.60685	17.2168	19.8237
BLOCK06/SES067/SA067S12	SES083	-3.38585	17.8172	21.2031
BLOCK06/SES067/SA067S12	SES172	-3.17186	18.0312	21.2031
BLOCK06/SES067/SA067S12	SES202	-1.68768	19.5154	21.2031
BLOCK06/SES067/SA067S12	SES292	-2.74792	18.4551	21.2031
BLOCK06/SES067/SA067S14	SES085	-2.34838	19.9604	22.3088
BLOCK06/SES067/SA067S14	SES177	-2.53339	19.7754	22.3088
BLOCK06/SES067/SA067S14	SES183	-0.85627	21.4525	22.3088
BLOCK06/SES067/SA067S14	SES202	-1.46216	20.8466	22.3088
BLOCK06/SES067/SA067S21	SES144	-2.01179	18.8204	20.8322
BLOCK06/SES067/SA067S21	SES177	-1.99121	18.841	20.8322
BLOCK06/SES067/SA067S21	SES183	-0.943993	19.8882	20.8322
BLOCK06/SES067/SA067S21	SES189	-1.48129	19.3509	20.8322
BLOCK06/SES067/SA067S25	SES085	-1.55542	19.914	21.4694
BLOCK06/SES067/SA067S25	SES177	-2.35961	19.1098	21.4694
BLOCK06/SES067/SA067S25	SES183	-1.66101	19.8084	21.4694
BLOCK06/SES067/SA067S25	SES202	-1.96937	19.5	21.4694
BLOCK06/SES067/SA067S29	SES085	-2.84334	18.1816	21.0249
BLOCK06/SES067/SA067S29	SES177	-3.71435	17.3106	21.0249
BLOCK06/SES067/SA067S29	SES183	-0.811434	20.2135	21.0249
BLOCK06/SES067/SA067S29	SES202	-1.63722	19.3877	21.0249
BLOCK06/SES069/SA069S12	SES029	-3.46143	18.1476	21.609
BLOCK06/SES069/SA069S12	SES082	-1.30367	20.3053	21.609
BLOCK06/SES069/SA069S12	SES087	-2.39979	19.2092	21.609
BLOCK06/SES069/SA069S12	SES206	-1.70358	19.9054	21.609
BLOCK06/SES069/SA069S13	SES029	-3.9674	17.371	21.3384
BLOCK06/SES069/SA069S13	SES087	-2.06863	19.2698	21.3384
BLOCK06/SES069/SA069S13	SES206	-1.87808	19.4603	21.3384
BLOCK06/SES069/SA069S13	SES226	-1.26498	20.0734	21.3384
BLOCK06/SES069/SA069S23	SES029	-1.76089	21.284	23.0449
BLOCK06/SES069/SA069S23	SES087	-1.08588	21.959	23.0449
BLOCK06/SES069/SA069S23	SES206	-1.9457	21.0992	23.0449
BLOCK06/SES069/SA069S23	SES226	-1.32185	21.723	23.0449
BLOCK06/SES069/SA069S25	SES087	-2.0149	20.2178	22.2327
BLOCK06/SES069/SA069S25	SES206	-3.6288	18.6039	22.2327
BLOCK06/SES069/SA069S25	SES226	-1.71777	20.5149	22.2327
BLOCK06/SES069/SA069S25	SES270	-2.33644	19.8962	22.2327
BLOCK06/SES069/SA069S27	SES087	-2.62786	19.4292	22.0571
BLOCK06/SES069/SA069S27	SES206	-1.14259	20.9145	22.0571
BLOCK06/SES069/SA069S27	SES226	-0.497589	21.5595	22.0571
BLOCK06/SES069/SA069S27	SES270	-1.49133	20.5657	22.0571
BLOCK08/SES081/SA081S11	SES060	-3.76011	15.4318	19.1919
BLOCK08/SES081/SA081S11	SES062	-3.19472	15.9972	19.1919
BLOCK08/SES081/SA081S11	SES117	-3.64742	15.5445	19.1919
BLOCK08/SES081/SA081S11	SES162	-3.16572	16.0262	19.1919
BLOCK08/SES081/SA081S13	SES016	-1.95627	19.5139	21.4702
BLOCK08/SES081/SA081S13	SES060	-0.358715	21.1115	21.4702
BLOCK08/SES081/SA081S13	SES068	-1.42348	20.0467	21.4702
BLOCK08/SES081/SA081S13	SES129	-2.73068	18.7395	21.4702
BLOCK08/SES081/SA081S24	SES060	-1.72428	18.4403	20.1646
BLOCK08/SES081/SA081S24	SES068	-1.64847	18.5161	20.1646
BLOCK08/SES081/SA081S24	SES117	-2.90716	17.2574	20.1646
BLOCK08/SES081/SA081S24	SES275	-2.25574	17.9089	20.1646
BLOCK08/SES081/SA081S27	SES007	-1.94673	17.3602	19.307
BLOCK08/SES081/SA081S27	SES060	-2.40668	16.9003	19.307
BLOCK08/SES081/SA081S27	SES117	-1.53282	17.7741	19.307
BLOCK08/SES081/SA081S27	SES275	-2.16599	17.141	19.307
BLOCK08/SES081/SA081S29	SES007	-2.03435	18.4618	20.4961
BLOCK08/SES081/SA081S29	SES060	-2.56007	17.9361	20.4961
BLOCK08/SES081/SA081S29	SES117	-2.5778	17.9183	20.4961
BLOCK08/SES081/SA081S29	SES275	-2.64356	17.8526	20.4961
BLOCK08/SES086/SA086S11	SES029	-5.41022	13.6305	19.0408
BLOCK08/SES086/SA086S11	SES082	-3.15344	15.8873	19.0408
BLOCK08/SES086/SA086S11	SES087	-2.48933	16.5514	19.0408
BLOCK08/SES086/SA086S11	SES206	-3.82308	15.2177	19.0408
BLOCK08/SES086/SA086S12	SES029	-4.10032	16.378	20.4783
BLOCK08/SES086/SA086S12	SES082	-3.81342	16.6649	20.4783
BLOCK08/SES086/SA086S12	SES087	-1.13565	19.3426	20.4783
BLOCK08/SES086/SA086S12	SES206	-2.19838	18.2799	20.4783
BLOCK08/SES086/SA086S20	SES029	-4.4286	16.9895	21.4181
BLOCK08/SES086/SA086S20	SES082	-3.97831	17.4398	21.4181
BLOCK08/SES086/SA086S20	SES087	-0.71139	20.7067	21.4181
BLOCK08/SES086/SA086S20	SES206	-1.2749	20.1432	21.4181
BLOCK08/SES086/SA086S24	SES087	-1.03795	19.1254	20.1633
BLOCK08/SES086/SA086S24	SES104	-3.06331	17.1	20.1633
BLOCK08/SES086/SA086S24	SES120	-3.37676	16.7866	20.1633
BLOCK08/SES086/SA086S24	SES206	-1.05966	19.1037	20.1633
BLOCK08/SES086/SA086S28	SES029	-3.76444	17.4586	21.2231
BLOCK08/SES086/SA086S28	SES082	-2.95441	18.2687	21.2231
BLOCK08/SES086/SA086S28	SES087	-1.34611	19.877	21.2231
BLOCK08/SES086/SA086S28	SES206	-1.80984	19.4132	21.2231
BLOCK08/SES089/SA089S13	SES087	-2.52077	16.7533	19.2741
BLOCK08/SES089/SA089S13	SES206	-2.8148	16.4593	19.2741
BLOCK08/SES089/SA089S13	SES226	-2.24284	17.0312	19.2741
BLOCK08/SES089/SA089S13	SES270	-3.70515	15.5689	19.2741
BLOCK08/SES089/SA089S14	SES062	-2.88357	17.4705	20.3541
BLOCK08/SES089/SA089S14	SES087	-1.47891	18.8752	20.3541
BLOCK08/SES089/SA089S14	SES206	-2.27743	18.0766	20.3541
BLOCK08/SES089/SA089S14	SES226	-2.75724	17.5968	20.3541
BLOCK08/SES089/SA089S23	SES087	-3.15792	14.8935	18.0514
BLOCK08/SES089/SA089S23	SES206	-2.55671	15.4947	18.0514
BLOCK08/SES089/SA089S23	SES226	-2.18769	15.8637	18.0514
BLOCK08/SES089/SA089S23	SES270	-3.58357	14.4678	18.0514
BLOCK08/SES089/SA089S25	SES062	-3.08068	17.2871	20.3677
BLOCK08/SES089/SA089S25	SES087	-1.76697	18.6008	20.3677
BLOCK08/SES089/SA089S25	SES206	-3.30269	17.065	20.3677
BLOCK08/SES089/SA089S25	SES226	-2.13576	18.232	20.3677
BLOCK08/SES089/SA089S28	SES062	-2.35934	17.7391	20.0984
BLOCK08/SES089/SA089S28	SES087	-1.38762	18.7108	20.0984
BLOCK08/SES089/SA089S28	SES206	-2.03174	18.0667	20.0984
BLOCK08/SES089/SA089S28	SES226	-1.60835	18.4901	20.0984
BLOCK09/SES097/SA097S11	SES099	-0.284975	19.0949	19.3798
BLOCK09/SES097/SA097S11	SES125	-4.2312	15.1486	19.3798
BLOCK09/SES097/SA097S11	SES206	-1.62076	17.7591	19.3798
BLOCK09/SES097/SA097S11	SES226	-1.12828	18.2515	19.3798
BLOCK09/SES097/SA097S14	SES062	-1.94332	17.3212	19.2645
BLOCK09/SES097/SA097S14	SES099	-0.291582	18.973	19.2645
BLOCK09/SES097/SA097S14	SES104	-3.00912	16.2554	19.2645
BLOCK09/SES097/SA097S14	SES206	-3.03027	16.2343	19.2645
BLOCK09/SES097/SA097S22	SES099	0.307241	19.3393	19.032
BLOCK09/SES097/SA097S22	SES206	-2.01668	17.0154	19.032
BLOCK09/SES097/SA097S22	SES226	-2.60153	16.4305	19.032
BLOCK09/SES097/SA097S22	SES270	-0.615297	18.4167	19.032
BLOCK09/SES097/SA097S26	SES099	-0.408592	19.5431	19.9517
BLOCK09/SES097/SA097S26	SES120	-2.91886	17.0328	19.9517
BLOCK09/SES097/SA097S26	SES206	-2.78246	17.1692	19.9517
BLOCK09/SES097/SA097S26	SES226	-3.27134	16.6804	19.9517
BLOCK09/SES097/SA097S28	SES099	-1.14389	18.4125	19.5564
BLOCK09/SES097/SA097S28	SES120	-2.21598	17.3404	19.5564
BLOCK09/SES097/SA097S28	SES206	-3.35879	16.1976	19.5564
BLOCK09/SES097/SA097S28	SES226	-3.51582	16.0406	19.5564
BLOCK09/SES098/SA098S11	SES127	-3.42201	15.6279	19.0499
BLOCK09/SES098/SA098S11	SES144	-2.68351	16.3664	19.0499
BLOCK09/SES098/SA098S11	SES147	-1.61086	17.439	19.0499
BLOCK09/SES098/SA098S11	SES148	-4.41452	14.6354	19.0499
BLOCK09/SES098/SA098S12	SES127	-5.56524	11.3261	16.8913
BLOCK09/SES098/SA098S12	SES144	-3.57784	13.3135	16.8913
BLOCK09/SES098/SA098S12	SES147	-2.7164	14.1749	16.8913
BLOCK09/SES098/SA098S12	SES189	-2.66778	14.2235	16.8913
BLOCK09/SES098/SA098S20	SES127	-4.62464	13.7265	18.3512
BLOCK09/SES098/SA098S20	SES147	-2.65414	15.697	18.3512
BLOCK09/SES098/SA098S20	SES148	-4.19619	14.155	18.3512
BLOCK09/SES098/SA098S20	SES292	-3.2278	15.1234	18.3512
BLOCK09/SES098/SA098S23	SES127	-3.16622	15.9745	19.1407
BLOCK09/SES098/SA098S23	SES147	-2.19416	16.9465	19.1407
BLOCK09/SES098/SA098S23	SES187	-2.87358	16.2671	19.1407
BLOCK09/SES098/SA098S23	SES292	-3.2144	15.9263	19.1407
BLOCK09/SES098/SA098S27	SES127	-4.85028	13.034	17.8843
BLOCK09/SES098/SA098S27	SES147	-3.68383	14.2005	17.8843
BLOCK09/SES098/SA098S27	SES148	-5.18118	12.7031	17.8843
BLOCK09/SES098/SA098S27	SES292	-2.87096	15.0134	17.8843
BLOCK10/SES102/SA102S13	SES101	-1.40527	16.6475	18.0528
BLOCK10/SES102/SA102S13	SES105	-2.33855	15.7142	18.0528
BLOCK10/SES102/SA102S13	SES120	-3.16512	14.8877	18.0528
BLOCK10/SES102/SA102S13	SES158	-4.22181	13.831	18.0528
BLOCK10/SES102/SA102S14	SES007	-1.26428	19.7764	21.0406
BLOCK10/SES102/SA102S14	SES101	-0.0315514	21.0091	21.0406
BLOCK10/SES102/SA102S14	SES105	-0.683544	20.3571	21.0406
BLOCK10/SES102/SA102S14	SES147	-3.43315	17.6075	21.0406
BLOCK10/SES102/SA102S22	SES007	-2.51878	18.0317	20.5505
BLOCK10/SES102/SA102S22	SES101	-1.05556	19.4949	20.5505
BLOCK10/SES102/SA102S22	SES105	-1.52876	19.0217	20.5505
BLOCK10/SES102/SA102S22	SES158	-3.43521	17.1153	20.5505
BLOCK10/SES102/SA102S25	SES007	-1.18992	19.8268	21.0167
BLOCK10/SES102/SA102S25	SES101	-0.31687	20.6998	21.0167
BLOCK10/SES102/SA102S25	SES105	-1.13063	19.886	21.0167
BLOCK10/SES102/SA102S25	SES147	-3.40736	17.6093	21.0167
BLOCK10/SES102/SA102S27	SES007	-2.01971	18.1033	20.123
BLOCK10/SES102/SA102S27	SES101	-0.593388	19.5296	20.123
BLOCK10/SES102/SA102S27	SES105	-2.0654	18.0576	20.123
BLOCK10/SES102/SA102S27	SES147	-3.2872	16.8358	20.123
BLOCK10/SES103/SA103S14	SES105	-3.64457	14.4294	18.0739
BLOCK10/SES103/SA103S14	SES106	-2.63702	15.4369	18.0739
BLOCK10/SES103/SA103S14	SES120	-3.76304	14.3109	18.0739
BLOCK10/SES103/SA103S14	SES206	-4.57529	13.4987	18.0739
BLOCK10/SES103/SA103S15	SES099	-2.36751	14.5682	16.9357
BLOCK10/SES103/SA103S15	SES101	-5.38041	11.5553	16.9357
BLOCK10/SES103/SA103S15	SES104	-4.07631	12.8594	16.9357
BLOCK10/SES103/SA103S15	SES125	-3.22342	13.7123	16.9357
BLOCK10/SES103/SA103S24	SES104	-3.37815	16.6645	20.0427
BLOCK10/SES103/SA103S24	SES125	-3.28061	16.762	20.0427
BLOCK10/SES103/SA103S24	SES148	-3.62031	16.4224	20.0427
BLOCK10/SES103/SA103S24	SES158	-2.46454	17.5781	20.0427
BLOCK10/SES103/SA103S26	SES104	-3.92195	13.232	17.1539
BLOCK10/SES103/SA103S26	SES106	-1.9469	15.207	17.1539
BLOCK10/SES103/SA103S26	SES125	-3.59732	13.5566	17.1539
BLOCK10/SES103/SA103S26	SES148	-5.03254	12.1214	17.1539
BLOCK10/SES103/SA103S28	SES104	-4.37916	12.0421	16.4213
BLOCK10/SES103/SA103S28	SES106	-2.74875	13.6725	16.4213
BLOCK10/SES103/SA103S28	SES125	-4.61664	11.8046	16.4213
BLOCK10/SES103/SA103S28	SES206	-5.03179	11.3895	16.4213
BLOCK12/SES121/SA121S12	SES042	-5.19476	11.83	17.0248
BLOCK12/SES121/SA121S12	SES087	-3.2328	13.792	17.0248
BLOCK12/SES121/SA121S12	SES105	-2.72067	14.3041	17.0248
BLOCK12/SES121/SA121S12	SES206	-3.68011	13.3447	17.0248
BLOCK12/SES121/SA121S14	SES007	-3.25278	12.9733	16.2261
BLOCK12/SES121/SA121S14	SES105	-3.2905	12.9356	16.2261
BLOCK12/SES121/SA121S14	SES106	-2.80934	13.4167	16.2261
BLOCK12/SES121/SA121S14	SES206	-3.75684	12.4692	16.2261
BLOCK12/SES121/SA121S23	SES105	-3.30758	13.6916	16.9992
BLOCK12/SES121/SA121S23	SES106	-1.55757	15.4416	16.9992
BLOCK12/SES121/SA121S23	SES120	-3.10671	13.8924	16.9992
BLOCK12/SES121/SA121S23	SES206	-2.11671	14.8824	16.9992
BLOCK12/SES121/SA121S25	SES007	-3.39026	11.4919	14.8822
BLOCK12/SES121/SA121S25	SES105	-3.96014	10.922	14.8822
BLOCK12/SES121/SA121S25	SES106	-2.29496	12.5872	14.8822
BLOCK12/SES121/SA121S25	SES206	-4.05445	10.8277	14.8822
BLOCK12/SES121/SA121S27	SES087	-2.36531	13.956	16.3213
BLOCK12/SES121/SA121S27	SES105	-4.91338	11.408	16.3213
BLOCK12/SES121/SA121S27	SES120	-1.4601	14.8612	16.3213
BLOCK12/SES121/SA121S27	SES206	-3.0149	13.3064	16.3213
BLOCK12/SES124/SA124S16	SES042	-1.37455	17.8089	19.1834
BLOCK12/SES124/SA124S16	SES082	-2.67292	16.5105	19.1834
BLOCK12/SES124/SA124S16	SES183	-3.04992	16.1335	19.1834
BLOCK12/SES124/SA124S16	SES206	-3.20944	15.974	19.1834
BLOCK12/SES124/SA124S17	SES105	-3.69279	13.3733	17.0661
BLOCK12/SES124/SA124S17	SES149	-6.31043	10.7556	17.0661
BLOCK12/SES124/SA124S17	SES158	-3.80133	13.2648	17.0661
BLOCK12/SES124/SA124S17	SES275	-2.42608	14.64	17.0661
BLOCK12/SES124/SA124S23	SES105	-3.74986	16.8412	20.591
BLOCK12/SES124/SA124S23	SES125	-0.897482	19.6936	20.591
BLOCK12/SES124/SA124S23	SES129	-3.69297	16.8981	20.591
BLOCK12/SES124/SA124S23	SES158	-1.16092	19.4301	20.591
BLOCK12/SES124/SA124S26	SES105	-5.08624	14.8331	19.9193
BLOCK12/SES124/SA124S26	SES125	-2.45681	17.4625	19.9193
BLOCK12/SES124/SA124S26	SES129	-4.38846	15.5308	19.9193
BLOCK12/SES124/SA124S26	SES158	-2.48235	17.437	19.9193
BLOCK12/SES124/SA124S28	SES104	-2.23278	17.5456	19.7784
BLOCK12/SES124/SA124S28	SES106	-1.60137	18.177	19.7784
BLOCK12/SES124/SA124S28	SES125	-0.86202	18.9164	19.7784
BLOCK12/SES124/SA124S28	SES275	-3.48545	16.293	19.7784
BLOCK12/SES126/SA126S13	SES007	-3.10836	15.5033	18.6116
BLOCK12/SES126/SA126S13	SES162	-2.84373	15.7679	18.6116
BLOCK12/SES126/SA126S13	SES177	-2.65104	15.9606	18.6116
BLOCK12/SES126/SA126S13	SES180	-2.78118	15.8305	18.6116
BLOCK12/SES126/SA126S14	SES144	-1.94612	18.5847	20.5308
BLOCK12/SES126/SA126S14	SES148	-2.88132	17.6495	20.5308
BLOCK12/SES126/SA126S14	SES177	-1.53479	18.996	20.5308
BLOCK12/SES126/SA126S14	SES180	-2.57658	17.9542	20.5308
BLOCK12/SES126/SA126S20	SES007	-1.76823	18.2583	20.0265
BLOCK12/SES126/SA126S20	SES162	-2.68361	17.3429	20.0265
BLOCK12/SES126/SA126S20	SES172	-3.758	16.2685	20.0265
BLOCK12/SES126/SA126S20	SES180	-2.75495	17.2715	20.0265
BLOCK12/SES126/SA126S24	SES120	-1.05689	19.931	20.9879
BLOCK12/SES126/SA126S24	SES162	-2.40895	18.5789	20.9879
BLOCK12/SES126/SA126S24	SES177	-1.58631	19.4016	20.9879
BLOCK12/SES126/SA126S24	SES180	-1.76553	19.2223	20.9879
BLOCK12/SES126/SA126S26	SES120	-1.19128	18.6268	19.818
BLOCK12/SES126/SA126S26	SES177	-1.89104	17.927	19.818
BLOCK12/SES126/SA126S26	SES180	-1.6862	18.1318	19.818
BLOCK12/SES126/SA126S26	SES202	-2.67585	17.1422	19.818
BLOCK12/SES128/SA128S10	SES087	-3.42967	17.1379	20.5676
BLOCK12/SES128/SA128S10	SES206	-2.61451	17.9531	20.5676
BLOCK12/SES128/SA128S10	SES226	-1.64441	18.9232	20.5676
BLOCK12/SES128/SA128S10	SES270	-1.36903	19.1986	20.5676
BLOCK12/SES128/SA128S12	SES120	-2.10258	17.3923	19.4949
BLOCK12/SES128/SA128S12	SES158	-3.16074	16.3341	19.4949
BLOCK12/SES128/SA128S12	SES206	-2.57713	16.9177	19.4949
BLOCK12/SES128/SA128S12	SES226	-3.17836	16.3165	19.4949
BLOCK12/SES128/SA128S21	SES106	-3.29481	15.024	18.3188
BLOCK12/SES128/SA128S21	SES120	-2.32518	15.9936	18.3188
BLOCK12/SES128/SA128S21	SES206	-2.65934	15.6594	18.3188
BLOCK12/SES128/SA128S21	SES226	-2.11525	16.2035	18.3188
BLOCK12/SES128/SA128S24	SES087	-3.30596	15.6647	18.9707
BLOCK12/SES128/SA128S24	SES120	-1.86158	17.1091	18.9707
BLOCK12/SES128/SA128S24	SES206	-2.15755	16.8132	18.9707
BLOCK12/SES128/SA128S24	SES226	-3.16429	15.8064	18.9707
BLOCK12/SES128/SA128S27	SES099	-1.42671	19.2764	20.7031
BLOCK12/SES128/SA128S27	SES120	-1.99736	18.7057	20.7031
BLOCK12/SES128/SA128S27	SES206	-2.43695	18.2661	20.7031
BLOCK12/SES128/SA128S27	SES226	-2.47705	18.226	20.7031
BLOCK13/SES130/SA130S13	SES143	-1.49542	17.6551	19.1505
BLOCK13/SES130/SA130S13	SES144	-1.38093	17.7696	19.1505
BLOCK13/SES130/SA130S13	SES146	-2.04401	17.1065	19.1505
BLOCK13/SES130/SA130S13	SES275	-3.23442	15.9161	19.1505
BLOCK13/SES130/SA130S15	SES143	-1.85187	19.3852	21.2371
BLOCK13/SES130/SA130S15	SES144	-1.1682	20.0689	21.2371
BLOCK13/SES130/SA130S15	SES146	-1.84983	19.3873	21.2371
BLOCK13/SES130/SA130S15	SES275	-2.25825	18.9788	21.2371
BLOCK13/SES130/SA130S23	SES127	-3.38123	15.1668	18.548
BLOCK13/SES130/SA130S23	SES144	-2.22805	16.32	18.548
BLOCK13/SES130/SA130S23	SES146	-1.8159	16.7321	18.548
BLOCK13/SES130/SA130S23	SES162	-1.6685	16.8795	18.548
BLOCK13/SES130/SA130S25	SES127	-2.25881	19.0649	21.3237
BLOCK13/SES130/SA130S25	SES144	-1.45037	19.8733	21.3237
BLOCK13/SES130/SA130S25	SES146	-1.4415	19.8822	21.3237
BLOCK13/SES130/SA130S25	SES275	-1.50163	19.8221	21.3237
BLOCK13/SES130/SA130S28	SES127	-1.4776	18.3157	19.7933
BLOCK13/SES130/SA130S28	SES144	-1.63653	18.1568	19.7933
BLOCK13/SES130/SA130S28	SES146	-1.47107	18.3223	19.7933
BLOCK13/SES130/SA130S28	SES275	-0.89167	18.9017	19.7933
BLOCK13/SES131/SA131S13	SES002	-3.89988	12.9745	16.8743
BLOCK13/SES131/SA131S13	SES007	-3.64842	13.2259	16.8743
BLOCK13/SES131/SA131S13	SES099	-3.06843	13.8059	16.8743
BLOCK13/SES131/SA131S13	SES105	-3.71013	13.1642	16.8743
BLOCK13/SES131/SA131S14	SES104	-1.47073	18.1951	19.6659
BLOCK13/SES131/SA131S14	SES106	-2.71943	16.9464	19.6659
BLOCK13/SES131/SA131S14	SES125	-2.1946	17.4713	19.6659
BLOCK13/SES131/SA131S14	SES148	-2.31326	17.3526	19.6659
BLOCK13/SES131/SA131S20	SES104	-4.08358	12.8509	16.9345
BLOCK13/SES131/SA131S20	SES106	-3.0529	13.8816	16.9345
BLOCK13/SES131/SA131S20	SES125	-4.33975	12.5948	16.9345
BLOCK13/SES131/SA131S20	SES148	-2.91235	14.0221	16.9345
BLOCK13/SES131/SA131S22	SES099	-2.90482	15.8204	18.7252
BLOCK13/SES131/SA131S22	SES104	-3.64737	15.0779	18.7252
BLOCK13/SES131/SA131S22	SES125	-3.68429	15.041	18.7252
BLOCK13/SES131/SA131S22	SES206	-3.44588	15.2794	18.7252
BLOCK13/SES131/SA131S29	SES087	-3.69629	13.9271	17.6234
BLOCK13/SES131/SA131S29	SES104	-4.66596	12.9574	17.6234
BLOCK13/SES131/SA131S29	SES125	-4.23268	13.3907	17.6234
BLOCK13/SES131/SA131S29	SES206	-3.96123	13.6622	17.6234
BLOCK13/SES132/SA132S11	SES083	-4.05527	16.7179	20.7731
BLOCK13/SES132/SA132S11	SES120	-1.06476	19.7084	20.7731
BLOCK13/SES132/SA132S11	SES127	-2.68474	18.0884	20.7731
BLOCK13/SES132/SA132S11	SES275	-2.10537	18.6678	20.7731
BLOCK13/SES132/SA132S12	SES083	-3.2128	17.6453	20.8581
BLOCK13/SES132/SA132S12	SES143	-2.2606	18.5975	20.8581
BLOCK13/SES132/SA132S12	SES144	-2.30711	18.551	20.8581
BLOCK13/SES132/SA132S12	SES148	-1.71236	19.1458	20.8581
BLOCK13/SES132/SA132S22	SES062	-1.40744	19.8521	21.2595
BLOCK13/SES132/SA132S22	SES083	-2.42881	18.8307	21.2595
BLOCK13/SES132/SA132S22	SES127	-1.99099	19.2685	21.2595
BLOCK13/SES132/SA132S22	SES275	-1.33178	19.9278	21.2595
BLOCK13/SES132/SA132S24	SES007	-1.86733	20.2278	22.0951
BLOCK13/SES132/SA132S24	SES083	-3.09122	19.0039	22.0951
BLOCK13/SES132/SA132S24	SES127	-2.39511	19.7	22.0951
BLOCK13/SES132/SA132S24	SES275	-2.11543	19.9797	22.0951
BLOCK13/SES132/SA132S27	SES083	-3.19263	17.5791	20.7718
BLOCK13/SES132/SA132S27	SES120	-1.11551	19.6563	20.7718
BLOCK13/SES132/SA132S27	SES127	-2.85932	17.9124	20.7718
BLOCK13/SES132/SA132S27	SES275	-2.64761	18.1242	20.7718
BLOCK14/SES141/SA141S09	SES143	-1.83393	18.3208	20.1547
BLOCK14/SES141/SA141S09	SES144	-1.56008	18.5946	20.1547
BLOCK14/SES141/SA141S09	SES162	-2.38602	17.7687	20.1547
BLOCK14/SES141/SA141S09	SES180	-2.07819	18.0765	20.1547
BLOCK14/SES141/SA141S15	SES127	-2.43719	17.4769	19.914
BLOCK14/SES141/SA141S15	SES144	-2.54473	17.3693	19.914
BLOCK14/SES141/SA141S15	SES162	-2.8005	17.1135	19.914
BLOCK14/SES141/SA141S15	SES180	-2.23292	17.6811	19.914
BLOCK14/SES141/SA141S24	SES127	-1.94814	18.1621	20.1102
BLOCK14/SES141/SA141S24	SES144	-2.3934	17.7168	20.1102
BLOCK14/SES141/SA141S24	SES162	-2.03269	18.0776	20.1102
BLOCK14/SES141/SA141S24	SES183	-2.03325	18.077	20.1102
BLOCK14/SES141/SA141S26	SES142	-2.29712	17.2719	19.5691
BLOCK14/SES141/SA141S26	SES144	-2.23875	17.3303	19.5691
BLOCK14/SES141/SA141S26	SES172	-2.60429	16.9648	19.5691
BLOCK14/SES141/SA141S26	SES180	-1.92605	17.643	19.5691
BLOCK14/SES141/SA141S29	SES127	-1.70244	18.021	19.7234
BLOCK14/SES141/SA141S29	SES142	-0.98947	18.734	19.7234
BLOCK14/SES141/SA141S29	SES144	-2.08792	17.6355	19.7234
BLOCK14/SES141/SA141S29	SES180	-1.60633	18.1171	19.7234
BLOCK15/SES157/SA157S08	SES083	-3.24491	17.4482	20.6931
BLOCK15/SES157/SA157S08	SES127	-2.80853	17.8846	20.6931
BLOCK15/SES157/SA157S08	SES148	-2.89558	17.7975	20.6931
BLOCK15/SES157/SA157S08	SES292	-2.81953	17.8735	20.6931
BLOCK15/SES157/SA157S11	SES083	-3.20796	18.0203	21.2282
BLOCK15/SES157/SA157S11	SES127	-2.14092	19.0873	21.2282
BLOCK15/SES157/SA157S11	SES148	-2.7932	18.435	21.2282
BLOCK15/SES157/SA157S11	SES292	-3.16127	18.0669	21.2282
BLOCK15/SES157/SA157S21	SES127	-1.81952	18.8407	20.6602
BLOCK15/SES157/SA157S21	SES148	-0.790241	19.8699	20.6602
BLOCK15/SES157/SA157S21	SES158	-6.59505	14.0651	20.6602
BLOCK15/SES157/SA157S21	SES292	-2.38173	18.2785	20.6602
BLOCK15/SES157/SA157S24	SES127	-2.76246	18.4526	21.215
BLOCK15/SES157/SA157S24	SES148	-2.61348	18.6016	21.215
BLOCK15/SES157/SA157S24	SES183	-2.97388	18.2412	21.215
BLOCK15/SES157/SA157S24	SES292	-3.22917	17.9859	21.215
BLOCK15/SES157/SA157S26	SES007	-1.30938	19.6579	20.9673
BLOCK15/SES157/SA157S26	SES127	-1.72647	19.2408	20.9673
BLOCK15/SES157/SA157S26	SES147	-2.73509	18.2322	20.9673
BLOCK15/SES157/SA157S26	SES148	-2.34028	18.627	20.9673
BLOCK16/SES161/SA161S10	SES007	-2.7799	15.608	18.3879
BLOCK16/SES161/SA161S10	SES105	-2.48736	15.9005	18.3879
BLOCK16/SES161/SA161S10	SES158	-3.27067	15.1172	18.3879
BLOCK16/SES161/SA161S10	SES275	-2.62861	15.7593	18.3879
BLOCK16/SES161/SA161S12	SES007	-3.53647	15.768	19.3045
BLOCK16/SES161/SA161S12	SES105	-4.11174	15.1928	19.3045
BLOCK16/SES161/SA161S12	SES158	-2.61416	16.6904	19.3045
BLOCK16/SES161/SA161S12	SES275	-2.42337	16.8811	19.3045
BLOCK16/SES161/SA161S20	SES007	-2.95834	14.8707	17.8291
BLOCK16/SES161/SA161S20	SES105	-3.67747	14.1516	17.8291
BLOCK16/SES161/SA161S20	SES158	-2.7258	15.1033	17.8291
BLOCK16/SES161/SA161S20	SES275	-2.62354	15.2055	17.8291
BLOCK16/SES161/SA161S23	SES007	-3.62238	15.5343	19.1567
BLOCK16/SES161/SA161S23	SES105	-2.53128	16.6254	19.1567
BLOCK16/SES161/SA161S23	SES148	-3.06864	16.0881	19.1567
BLOCK16/SES161/SA161S23	SES158	-3.53672	15.62	19.1567
BLOCK16/SES161/SA161S28	SES007	-3.24011	15.9505	19.1906
BLOCK16/SES161/SA161S28	SES105	-3.8051	15.3855	19.1906
BLOCK16/SES161/SA161S28	SES158	-2.44736	16.7433	19.1906
BLOCK16/SES161/SA161S28	SES206	-2.52139	16.6692	19.1906
BLOCK16/SES164/SA164S11	SES104	-3.23272	16.9799	20.2126
BLOCK16/SES164/SA164S11	SES125	-2.0951	18.1175	20.2126
BLOCK16/SES164/SA164S11	SES158	-1.33656	18.876	20.2126
BLOCK16/SES164/SA164S11	SES206	-3.08772	17.1249	20.2126
BLOCK16/SES164/SA164S13	SES099	-2.19883	16.5655	18.7644
BLOCK16/SES164/SA164S13	SES104	-3.86207	14.9023	18.7644
BLOCK16/SES164/SA164S13	SES125	-3.66641	15.098	18.7644
BLOCK16/SES164/SA164S13	SES206	-3.53727	15.2271	18.7644
BLOCK16/SES164/SA164S24	SES002	-1.98666	17.1654	19.1521
BLOCK16/SES164/SA164S24	SES099	-2.24032	16.9118	19.1521
BLOCK16/SES164/SA164S24	SES125	-3.62975	15.5223	19.1521
BLOCK16/SES164/SA164S24	SES226	-1.3398	17.8123	19.1521
BLOCK16/SES164/SA164S27	SES087	-3.07328	16.1536	19.2269
BLOCK16/SES164/SA164S27	SES125	-3.04139	16.1855	19.2269
BLOCK16/SES164/SA164S27	SES206	-3.01837	16.2085	19.2269
BLOCK16/SES164/SA164S27	SES226	-2.16448	17.0624	19.2269
BLOCK16/SES164/SA164S29	SES002	-1.37339	17.4118	18.7852
BLOCK16/SES164/SA164S29	SES019	-2.61074	16.1744	18.7852
BLOCK16/SES164/SA164S29	SES125	-2.93266	15.8525	18.7852
BLOCK16/SES164/SA164S29	SES226	-3.19662	15.5886	18.7852
BLOCK16/SES169/SA169S13	SES117	-1.49635	17.9065	19.4029
BLOCK16/SES169/SA169S13	SES144	-1.88942	17.5134	19.4029
BLOCK16/SES169/SA169S13	SES146	-1.79035	17.6125	19.4029
BLOCK16/SES169/SA169S13	SES162	-1.86956	17.5333	19.4029
BLOCK16/SES169/SA169S14	SES144	-1.90494	18.7373	20.6423
BLOCK16/SES169/SA169S14	SES148	-2.69272	17.9496	20.6423
BLOCK16/SES169/SA169S14	SES177	-1.42262	19.2197	20.6423
BLOCK16/SES169/SA169S14	SES180	-2.24263	18.3996	20.6423
BLOCK16/SES169/SA169S24	SES117	-1.92735	16.2875	18.2149
BLOCK16/SES169/SA169S24	SES144	-1.72952	16.4854	18.2149
BLOCK16/SES169/SA169S24	SES146	-1.63996	16.5749	18.2149
BLOCK16/SES169/SA169S24	SES162	-1.80779	16.4071	18.2149
BLOCK16/SES169/SA169S27	SES127	-1.51625	17.6441	19.1604
BLOCK16/SES169/SA169S27	SES129	-1.61281	17.5476	19.1604
BLOCK16/SES169/SA169S27	SES144	-2.55737	16.603	19.1604
BLOCK16/SES169/SA169S27	SES146	-0.735868	18.4245	19.1604
BLOCK16/SES169/SA169S29	SES144	-1.78146	18.8978	20.6792
BLOCK16/SES169/SA169S29	SES162	-1.27361	19.4056	20.6792
BLOCK16/SES169/SA169S29	SES177	-3.25546	17.4238	20.6792
BLOCK16/SES169/SA169S29	SES180	-1.81816	18.8611	20.6792
BLOCK17/SES171/SA171S12	SES083	-2.75411	16.3459	19.1
BLOCK17/SES171/SA171S12	SES148	-3.2022	15.8978	19.1
BLOCK17/SES171/SA171S12	SES172	-2.6576	16.4424	19.1
BLOCK17/SES171/SA171S12	SES292	-3.44856	15.6515	19.1
BLOCK17/SES171/SA171S15	SES148	-2.84587	15.9038	18.7497
BLOCK17/SES171/SA171S15	SES177	-2.63526	16.1145	18.7497
BLOCK17/SES171/SA171S15	SES180	-4.06992	14.6798	18.7497
BLOCK17/SES171/SA171S15	SES292	-3.10875	15.641	18.7497
BLOCK17/SES171/SA171S22	SES007	-2.32437	18.1162	20.4405
BLOCK17/SES171/SA171S22	SES148	-2.59934	17.8412	20.4405
BLOCK17/SES171/SA171S22	SES177	-1.38704	19.0535	20.4405
BLOCK17/SES171/SA171S22	SES180	-3.10115	17.3394	20.4405
BLOCK17/SES171/SA171S25	SES101	-2.81396	15.3971	18.2111
BLOCK17/SES171/SA171S25	SES120	-3.44009	14.771	18.2111
BLOCK17/SES171/SA171S25	SES177	-2.57511	15.636	18.2111
BLOCK17/SES171/SA171S25	SES180	-3.67389	14.5372	18.2111
BLOCK17/SES171/SA171S27	SES177	-2.09681	16.9714	19.0682
BLOCK17/SES171/SA171S27	SES180	-3.43482	15.6334	19.0682
BLOCK17/SES171/SA171S27	SES189	-1.64007	17.4281	19.0682
BLOCK17/SES171/SA171S27	SES292	-3.08847	15.9797	19.0682
BLOCK17/SES173/SA173S13	SES162	-4.64551	14.9055	19.551
BLOCK17/SES173/SA173S13	SES177	-2.81858	16.7324	19.551
BLOCK17/SES173/SA173S13	SES180	-3.94328	15.6077	19.551
BLOCK17/SES173/SA173S13	SES292	-2.14403	17.407	19.551
BLOCK17/SES173/SA173S14	SES007	-2.72455	15.7399	18.4644
BLOCK17/SES173/SA173S14	SES162	-4.29916	14.1653	18.4644
BLOCK17/SES173/SA173S14	SES177	-2.72304	15.7414	18.4644
BLOCK17/SES173/SA173S14	SES180	-3.90289	14.5616	18.4644
BLOCK17/SES173/SA173S24	SES144	-3.5534	14.0199	17.5733
BLOCK17/SES173/SA173S24	SES162	-3.79041	13.7829	17.5733
BLOCK17/SES173/SA173S24	SES177	-2.40564	15.1676	17.5733
BLOCK17/SES173/SA173S24	SES180	-3.14284	14.4304	17.5733
BLOCK17/SES173/SA173S27	SES162	-4.30843	14.641	18.9494
BLOCK17/SES173/SA173S27	SES177	-2.97606	15.9733	18.9494
BLOCK17/SES173/SA173S27	SES180	-3.1497	15.7997	18.9494
BLOCK17/SES173/SA173S27	SES292	-2.07433	16.8751	18.9494
BLOCK17/SES173/SA173S29	SES162	-2.94241	15.5812	18.5236
BLOCK17/SES173/SA173S29	SES175	-2.04906	16.4745	18.5236
BLOCK17/SES173/SA173S29	SES177	-2.34913	16.1744	18.5236
BLOCK17/SES173/SA173S29	SES292	-3.43971	15.0839	18.5236
BLOCK18/SES182/SA182S10	SES144	-1.76718	17.3771	19.1443
BLOCK18/SES182/SA182S10	SES177	-1.57822	17.5661	19.1443
BLOCK18/SES182/SA182S10	SES180	-3.1447	15.9996	19.1443
BLOCK18/SES182/SA182S10	SES275	-1.13672	18.0076	19.1443
BLOCK18/SES182/SA182S12	SES144	-1.63729	17.9829	19.6202
BLOCK18/SES182/SA182S12	SES177	-1.59991	18.0203	19.6202
BLOCK18/SES182/SA182S12	SES180	-2.44039	17.1798	19.6202
BLOCK18/SES182/SA182S12	SES275	-1.2945	18.3257	19.6202
BLOCK18/SES182/SA182S21	SES117	-2.54337	15.4619	18.0052
BLOCK18/SES182/SA182S21	SES144	-2.42101	15.5842	18.0052
BLOCK18/SES182/SA182S21	SES162	-2.43793	15.5673	18.0052
BLOCK18/SES182/SA182S21	SES180	-3.45677	14.5484	18.0052
BLOCK18/SES182/SA182S23	SES117	-1.89805	16.9542	18.8523
BLOCK18/SES182/SA182S23	SES144	-2.39308	16.4592	18.8523
BLOCK18/SES182/SA182S23	SES180	-3.26136	15.5909	18.8523
BLOCK18/SES182/SA182S23	SES275	-0.893831	17.9585	18.8523
BLOCK18/SES182/SA182S25	SES007	-1.04607	17.9216	18.9677
BLOCK18/SES182/SA182S25	SES162	-1.72669	17.241	18.9677
BLOCK18/SES182/SA182S25	SES177	-1.8685	17.0992	18.9677
BLOCK18/SES182/SA182S25	SES180	-2.75039	16.2173	18.9677
BLOCK18/SES184/SA184S12	SES177	-2.492	16.9453	19.4373
BLOCK18/SES184/SA184S12	SES180	-2.30074	17.1365	19.4373
BLOCK18/SES184/SA184S12	SES189	-2.13011	17.3072	19.4373
BLOCK18/SES184/SA184S12	SES292	-2.58874	16.8485	19.4373
BLOCK18/SES184/SA184S13	SES101	-2.03056	17.3406	19.3711
BLOCK18/SES184/SA184S13	SES177	-2.22359	17.1475	19.3711
BLOCK18/SES184/SA184S13	SES180	-2.39538	16.9757	19.3711
BLOCK18/SES184/SA184S13	SES292	-2.86555	16.5056	19.3711
BLOCK18/SES184/SA184S22	SES177	-2.54614	18.5656	21.1117
BLOCK18/SES184/SA184S22	SES180	-2.97219	18.1395	21.1117
BLOCK18/SES184/SA184S22	SES189	-3.3214	17.7903	21.1117
BLOCK18/SES184/SA184S22	SES292	-3.01083	18.1009	21.1117
BLOCK18/SES184/SA184S25	SES101	-1.60815	20.168	21.7761
BLOCK18/SES184/SA184S25	SES177	-2.50029	19.2759	21.7761
BLOCK18/SES184/SA184S25	SES180	-2.32955	19.4466	21.7761
BLOCK18/SES184/SA184S25	SES292	-2.29721	19.4789	21.7761
BLOCK18/SES184/SA184S27	SES083	-2.19549	17.4282	19.6237
BLOCK18/SES184/SA184S27	SES177	-2.12741	17.4963	19.6237
BLOCK18/SES184/SA184S27	SES202	-2.73683	16.8868	19.6237
BLOCK18/SES184/SA184S27	SES292	-2.68556	16.9381	19.6237
BLOCK20/SES204/SA204S12	SES062	-2.48295	18.7509	21.2338
BLOCK20/SES204/SA204S12	SES083	-3.52061	17.7132	21.2338
BLOCK20/SES204/SA204S12	SES206	-2.63693	18.5969	21.2338
BLOCK20/SES204/SA204S12	SES226	-3.541	17.6928	21.2338
BLOCK20/SES204/SA204S14	SES068	-2.4628	20.4832	22.946
BLOCK20/SES204/SA204S14	SES087	-0.799608	22.1464	22.946
BLOCK20/SES204/SA204S14	SES206	-2.3948	20.5512	22.946
BLOCK20/SES204/SA204S14	SES226	-3.69989	19.2462	22.946
BLOCK20/SES204/SA204S22	SES068	-2.81729	18.7333	21.5506
BLOCK20/SES204/SA204S22	SES082	-4.20013	17.3505	21.5506
BLOCK20/SES204/SA204S22	SES083	-4.73919	16.8114	21.5506
BLOCK20/SES204/SA204S22	SES206	-3.44708	18.1035	21.5506
BLOCK20/SES204/SA204S25	SES062	-2.74918	18.7274	21.4766
BLOCK20/SES204/SA204S25	SES083	-4.53267	16.9439	21.4766
BLOCK20/SES204/SA204S25	SES206	-2.37679	19.0998	21.4766
BLOCK20/SES204/SA204S25	SES226	-3.2903	18.1863	21.4766
BLOCK20/SES204/SA204S27	SES068	-3.25954	17.4873	20.7468
BLOCK20/SES204/SA204S27	SES082	-3.8379	16.9089	20.7468
BLOCK20/SES204/SA204S27	SES087	-2.34874	18.3981	20.7468
BLOCK20/SES204/SA204S27	SES206	-2.97309	17.7737	20.7468
BLOCK20/SES207/SA207S10	SES127	-2.63235	17.0164	19.6488
BLOCK20/SES207/SA207S10	SES183	-2.46945	17.1793	19.6488
BLOCK20/SES207/SA207S10	SES189	-2.6438	17.005	19.6488
BLOCK20/SES207/SA207S10	SES292	-3.20999	16.4388	19.6488
BLOCK20/SES207/SA207S11	SES127	-3.02119	16.0379	19.0591
BLOCK20/SES207/SA207S11	SES183	-2.34775	16.7113	19.0591
BLOCK20/SES207/SA207S11	SES187	-2.41993	16.6392	19.0591
BLOCK20/SES207/SA207S11	SES292	-2.07684	16.9823	19.0591
BLOCK20/SES207/SA207S25	SES068	-2.31026	17.2358	19.5461
BLOCK20/SES207/SA207S25	SES083	-3.41839	16.1277	19.5461
BLOCK20/SES207/SA207S25	SES127	-1.94898	17.5971	19.5461
BLOCK20/SES207/SA207S25	SES187	-2.18229	17.3638	19.5461
BLOCK20/SES207/SA207S27	SES127	-2.83069	14.774	17.6047
BLOCK20/SES207/SA207S27	SES183	-1.8374	15.7673	17.6047
BLOCK20/SES207/SA207S27	SES187	-2.46467	15.14	17.6047
BLOCK20/SES207/SA207S27	SES292	-3.09477	14.5099	17.6047
BLOCK20/SES207/SA207S29	SES083	-3.71344	15.4699	19.1833
BLOCK20/SES207/SA207S29	SES085	-2.12403	17.0593	19.1833
BLOCK20/SES207/SA207S29	SES172	-2.04784	17.1355	19.1833
BLOCK20/SES207/SA207S29	SES189	-3.04432	16.139	19.1833
BLOCK22/SES221/SA221S12	SES068	-1.55319	18.3497	19.9029
BLOCK22/SES221/SA221S12	SES143	-2.66063	17.2422	19.9029
BLOCK22/SES221/SA221S12	SES175	-1.91059	17.9923	19.9029
BLOCK22/SES221/SA221S12	SES202	-1.69184	18.211	19.9029
BLOCK22/SES221/SA221S15	SES085	-1.89416	16.4823	18.3764
BLOCK22/SES221/SA221S15	SES143	-3.38567	14.9908	18.3764
BLOCK22/SES221/SA221S15	SES175	-2.20654	16.1699	18.3764
BLOCK22/SES221/SA221S15	SES187	-2.87549	15.5009	18.3764
BLOCK22/SES221/SA221S23	SES068	-2.02928	17.6871	19.7164
BLOCK22/SES221/SA221S23	SES143	-2.8601	16.8563	19.7164
BLOCK22/SES221/SA221S23	SES175	-1.69869	18.0177	19.7164
BLOCK22/SES221/SA221S23	SES189	-1.34685	18.3695	19.7164
BLOCK22/SES221/SA221S27	SES085	-1.10353	18.2375	19.341
BLOCK22/SES221/SA221S27	SES143	-2.31279	17.0283	19.341
BLOCK22/SES221/SA221S27	SES175	-1.32698	18.0141	19.341
BLOCK22/SES221/SA221S27	SES189	-0.0120029	19.329	19.341
BLOCK22/SES221/SA221S29	SES085	-1.39225	15.9689	17.3611
BLOCK22/SES221/SA221S29	SES143	-2.00344	15.3577	17.3611
BLOCK22/SES221/SA221S29	SES175	-1.39392	15.9672	17.3611
BLOCK22/SES221/SA221S29	SES187	-1.68851	15.6726	17.3611
BLOCK22/SES223/SA223S11	SES143	-2.80608	14.4971	17.3032
BLOCK22/SES223/SA223S11	SES144	-4.24091	13.0622	17.3032
BLOCK22/SES223/SA223S11	SES175	-2.14859	15.1546	17.3032
BLOCK22/SES223/SA223S11	SES187	-3.53918	13.764	17.3032
BLOCK22/SES223/SA223S13	SES068	-2.35856	14.7217	17.0802
BLOCK22/SES223/SA223S13	SES143	-3.37882	13.7014	17.0802
BLOCK22/SES223/SA223S13	SES146	-3.78992	13.2903	17.0802
BLOCK22/SES223/SA223S13	SES202	-3.48412	13.5961	17.0802
BLOCK22/SES223/SA223S22	SES143	-2.38176	15.882	18.2638
BLOCK22/SES223/SA223S22	SES144	-3.74166	14.5221	18.2638
BLOCK22/SES223/SA223S22	SES175	-2.22522	16.0386	18.2638
BLOCK22/SES223/SA223S22	SES187	-2.41725	15.8465	18.2638
BLOCK22/SES223/SA223S25	SES068	-1.62427	16.3035	17.9278
BLOCK22/SES223/SA223S25	SES143	-2.92008	15.0077	17.9278
BLOCK22/SES223/SA223S25	SES175	-1.93569	15.9921	17.9278
BLOCK22/SES223/SA223S25	SES187	-2.75219	15.1756	17.9278
BLOCK22/SES223/SA223S27	SES143	-2.49166	14.7644	17.256
BLOCK22/SES223/SA223S27	SES146	-3.04419	14.2118	17.256
BLOCK22/SES223/SA223S27	SES187	-2.40072	14.8553	17.256
BLOCK22/SES223/SA223S27	SES292	-1.97547	15.2806	17.256
BLOCK27/SES273/SA273S12	SES099	-0.720221	22.0671	22.7874
BLOCK27/SES273/SA273S12	SES104	-1.72968	21.0577	22.7874
BLOCK27/SES273/SA273S12	SES125	-2.7926	19.9948	22.7874
BLOCK27/SES273/SA273S12	SES206	-1.00969	21.7777	22.7874
BLOCK27/SES273/SA273S13	SES099	-1.47009	21.2953	22.7654
BLOCK27/SES273/SA273S13	SES104	-1.92323	20.8422	22.7654
BLOCK27/SES273/SA273S13	SES206	-1.66079	21.1046	22.7654
BLOCK27/SES273/SA273S13	SES292	-2.46641	20.299	22.7654
BLOCK27/SES273/SA273S21	SES099	-0.746365	21.6102	22.3565
BLOCK27/SES273/SA273S21	SES148	-3.56529	18.7913	22.3565
BLOCK27/SES273/SA273S21	SES149	-2.77656	19.58	22.3565
BLOCK27/SES273/SA273S21	SES177	-2.56602	19.7905	22.3565
BLOCK27/SES273/SA273S25	SES104	-2.24535	19.9701	22.2154
BLOCK27/SES273/SA273S25	SES125	-2.92632	19.2891	22.2154
BLOCK27/SES273/SA273S25	SES158	-1.36193	20.8535	22.2154
BLOCK27/SES273/SA273S25	SES206	-1.04778	21.1676	22.2154
BLOCK27/SES273/SA273S27	SES099	-0.987616	20.9331	21.9207
BLOCK27/SES273/SA273S27	SES104	-1.95849	19.9622	21.9207
BLOCK27/SES273/SA273S27	SES149	-1.66858	20.2521	21.9207
BLOCK27/SES273/SA273S27	SES275	-2.51931	19.4014	21.9207
BLOCK27/SES274/SA274S10	SES105	-2.77197	18.701	21.473
BLOCK27/SES274/SA274S10	SES125	-4.29329	17.1797	21.473
BLOCK27/SES274/SA274S10	SES129	-1.58271	19.8902	21.473
BLOCK27/SES274/SA274S10	SES158	-4.63788	16.8351	21.473
BLOCK27/SES274/SA274S11	SES105	-2.38326	19.7392	22.1225
BLOCK27/SES274/SA274S11	SES149	-3.18509	18.9374	22.1225
BLOCK27/SES274/SA274S11	SES158	-3.16448	18.958	22.1225
BLOCK27/SES274/SA274S11	SES275	-1.38842	20.734	22.1225
BLOCK27/SES274/SA274S21	SES105	-2.94747	18.2446	21.1921
BLOCK27/SES274/SA274S21	SES129	-1.47628	19.7158	21.1921
BLOCK27/SES274/SA274S21	SES149	-2.48043	18.7117	21.1921
BLOCK27/SES274/SA274S21	SES158	-5.21094	15.9812	21.1921
BLOCK27/SES274/SA274S24	SES105	-2.61216	19.8	22.4122
BLOCK27/SES274/SA274S24	SES129	-1.00302	21.4091	22.4122
BLOCK27/SES274/SA274S24	SES149	-3.16796	19.2442	22.4122
BLOCK27/SES274/SA274S24	SES158	-5.6916	16.7206	22.4122
BLOCK27/SES274/SA274S29	SES105	-3.12323	17.851	20.9743
BLOCK27/SES274/SA274S29	SES106	-3.4275	17.5468	20.9743
BLOCK27/SES274/SA274S29	SES120	-2.23695	18.7373	20.9743
BLOCK27/SES274/SA274S29	SES275	-1.74552	19.2288	20.9743
BLOCK27/SES276/SA276S16	SES148	-2.51557	16.976	19.4916
BLOCK27/SES276/SA276S16	SES172	-2.97711	16.5145	19.4916
BLOCK27/SES276/SA276S16	SES180	-2.76826	16.7233	19.4916
BLOCK27/SES276/SA276S16	SES292	-1.55289	17.9387	19.4916
BLOCK27/SES276/SA276S17	SES101	-1.99162	18.5751	20.5667
BLOCK27/SES276/SA276S17	SES177	-2.44507	18.1216	20.5667
BLOCK27/SES276/SA276S17	SES180	-2.02833	18.5384	20.5667
BLOCK27/SES276/SA276S17	SES292	-2.44131	18.1254	20.5667
BLOCK27/SES276/SA276S24	SES101	-1.17059	20.0762	21.2468
BLOCK27/SES276/SA276S24	SES177	-1.47074	19.7761	21.2468
BLOCK27/SES276/SA276S24	SES180	-1.86769	19.3791	21.2468
BLOCK27/SES276/SA276S24	SES292	-2.98731	18.2595	21.2468
BLOCK27/SES276/SA276S26	SES101	-3.06791	18.5785	21.6464
BLOCK27/SES276/SA276S26	SES177	-1.93246	19.7139	21.6464
BLOCK27/SES276/SA276S26	SES180	-1.34291	20.3035	21.6464
BLOCK27/SES276/SA276S26	SES292	-1.27757	20.3688	21.6464
BLOCK27/SES276/SA276S28	SES101	-1.79145	19.3515	21.143
BLOCK27/SES276/SA276S28	SES177	-2.34197	18.801	21.143
BLOCK27/SES276/SA276S28	SES180	-1.34546	19.7975	21.143
BLOCK27/SES276/SA276S28	SES292	-2.07504	19.0679	21.143
BLOCK27/SES277/SA277S12	SES101	-2.63509	15.7559	18.391
BLOCK27/SES277/SA277S12	SES177	-3.64348	14.7475	18.391
BLOCK27/SES277/SA277S12	SES180	-4.06244	14.3286	18.391
BLOCK27/SES277/SA277S12	SES292	-3.95076	14.4402	18.391
BLOCK27/SES277/SA277S14	SES177	-2.64168	15.0946	17.7363
BLOCK27/SES277/SA277S14	SES180	-3.46813	14.2682	17.7363
BLOCK27/SES277/SA277S14	SES189	-1.05341	16.6829	17.7363
BLOCK27/SES277/SA277S14	SES292	-3.84374	13.8926	17.7363
BLOCK27/SES277/SA277S21	SES177	-1.72355	17.8096	19.5331
BLOCK27/SES277/SA277S21	SES180	-3.0983	16.4348	19.5331
BLOCK27/SES277/SA277S21	SES189	-0.812435	18.7207	19.5331
BLOCK27/SES277/SA277S21	SES292	-3.38345	16.1497	19.5331
BLOCK27/SES277/SA277S24	SES144	-3.00258	14.1912	17.1938
BLOCK27/SES277/SA277S24	SES177	-3.09079	14.103	17.1938
BLOCK27/SES277/SA277S24	SES180	-3.99736	13.1964	17.1938
BLOCK27/SES277/SA277S24	SES189	-1.49425	15.6995	17.1938
BLOCK27/SES277/SA277S29	SES177	-2.23672	18.7561	20.9928
BLOCK27/SES277/SA277S29	SES180	-3.13772	17.8551	20.9928
BLOCK27/SES277/SA277S29	SES202	-2.74513	18.2477	20.9928
BLOCK27/SES277/SA277S29	SES292	-3.67283	17.32	20.9928
BLOCK27/SES279/SA279S09	SES120	-2.12782	18.8878	21.0156
BLOCK27/SES279/SA279S09	SES146	-2.95945	18.0561	21.0156
BLOCK27/SES279/SA279S09	SES206	-1.95811	19.0575	21.0156
BLOCK27/SES279/SA279S09	SES226	-3.77171	17.2439	21.0156
BLOCK27/SES279/SA279S10	SES099	-1.00041	20.1649	21.1653
BLOCK27/SES279/SA279S10	SES206	-1.53698	19.6283	21.1653
BLOCK27/SES279/SA279S10	SES226	-3.33765	17.8276	21.1653
BLOCK27/SES279/SA279S10	SES292	-1.0035	20.1618	21.1653
BLOCK27/SES279/SA279S20	SES099	-2.12802	18.7543	20.8823
BLOCK27/SES279/SA279S20	SES206	-1.05642	19.8259	20.8823
BLOCK27/SES279/SA279S20	SES226	-3.65424	17.2281	20.8823
BLOCK27/SES279/SA279S20	SES292	-1.38282	19.4995	20.8823
BLOCK27/SES279/SA279S26	SES099	-1.19489	19.3344	20.5293
BLOCK27/SES279/SA279S26	SES206	-1.00923	19.5201	20.5293
BLOCK27/SES279/SA279S26	SES226	-3.0719	17.4574	20.5293
BLOCK27/SES279/SA279S26	SES292	-0.797632	19.7317	20.5293
BLOCK27/SES279/SA279S28	SES099	-1.16	21.654	22.8139
BLOCK27/SES279/SA279S28	SES120	-1.77825	21.0357	22.8139
BLOCK27/SES279/SA279S28	SES177	-2.22565	20.5883	22.8139
BLOCK27/SES279/SA279S28	SES206	-1.50319	21.3108	22.8139
BLOCK29/SES290/SA290S12	SES162	-1.8509	18.723	20.5739
BLOCK29/SES290/SA290S12	SES177	-2.45143	18.1224	20.5739
BLOCK29/SES290/SA290S12	SES180	-2.45395	18.1199	20.5739
BLOCK29/SES290/SA290S12	SES292	-2.89289	17.681	20.5739
BLOCK29/SES290/SA290S13	SES007	-3.31878	16.8793	20.1981
BLOCK29/SES290/SA290S13	SES162	-3.78604	16.412	20.1981
BLOCK29/SES290/SA290S13	SES177	-1.98646	18.2116	20.1981
BLOCK29/SES290/SA290S13	SES180	-2.54895	17.6491	20.1981
BLOCK29/SES290/SA290S22	SES177	-1.46355	18.5019	19.9654
BLOCK29/SES290/SA290S22	SES180	-1.90773	18.0577	19.9654
BLOCK29/SES290/SA290S22	SES202	-2.4887	17.4767	19.9654
BLOCK29/SES290/SA290S22	SES292	-2.5505	17.4149	19.9654
BLOCK29/SES290/SA290S25	SES162	-1.9481	18.3029	20.251
BLOCK29/SES290/SA290S25	SES177	-2.01812	18.2329	20.251
BLOCK29/SES290/SA290S25	SES180	-2.04608	18.2049	20.251
BLOCK29/SES290/SA290S25	SES292	-1.98196	18.269	20.251
BLOCK29/SES290/SA290S29	SES177	-0.748009	19.8167	20.5647
BLOCK29/SES290/SA290S29	SES180	-1.7622	18.8025	20.5647
BLOCK29/SES290/SA290S29	SES275	-2.07035	18.4943	20.5647
BLOCK29/SES290/SA290S29	SES292	-2.27063	18.2941	20.5647
BLOCK29/SES291/SA291S11	SES105	-4.30086	14.3374	18.6382
BLOCK29/SES291/SA291S11	SES125	-2.1975	16.4407	18.6382
BLOCK29/SES291/SA291S11	SES158	-1.64675	16.9915	18.6382
BLOCK29/SES291/SA291S11	SES275	-3.67003	14.9682	18.6382
BLOCK29/SES291/SA291S12	SES158	-0.206604	19.4324	19.639
BLOCK29/SES291/SA291S12	SES226	-2.56217	17.0769	19.639
BLOCK29/SES291/SA291S12	SES270	-0.216373	19.4227	19.639
BLOCK29/SES291/SA291S12	SES275	-5.27526	14.3638	19.639
BLOCK29/SES291/SA291S22	SES082	-2.27279	18.1326	20.4054
BLOCK29/SES291/SA291S22	SES158	-1.69019	18.7152	20.4054
BLOCK29/SES291/SA291S22	SES259	-2.85715	17.5482	20.4054
BLOCK29/SES291/SA291S22	SES275	-4.11802	16.2873	20.4054
BLOCK29/SES291/SA291S24	SES104	-0.986189	20.8677	21.8539
BLOCK29/SES291/SA291S24	SES125	-1.64334	20.2106	21.8539
BLOCK29/SES291/SA291S24	SES158	-0.757807	21.0961	21.8539
BLOCK29/SES291/SA291S24	SES275	-4.46999	17.3839	21.8539
BLOCK29/SES291/SA291S27	SES158	-0.442644	20.4388	20.8814
BLOCK29/SES291/SA291S27	SES172	-5.03257	15.8489	20.8814
BLOCK29/SES291/SA291S27	SES275	-4.59168	16.2897	20.8814
BLOCK29/SES291/SA291S27	SES292	-3.44098	17.4404	20.8814
