BLOCK00/SES002/SA002S12	SES002	0.611691	-43.6715	-44.2832
BLOCK00/SES002/SA002S13	SES002	0.654381	-43.9421	-44.5965
BLOCK00/SES002/SA002S23	SES002	0.660133	-43.6169	-44.277
BLOCK00/SES002/SA002S26	SES002	1.17443	-43.1869	-44.3613
BLOCK00/SES002/SA002S28	SES002	0.934628	-43.1013	-44.0359
BLOCK00/SES007/SA007S14	SES007	0.784988	-43.3364	-44.1214
BLOCK00/SES007/SA007S15	SES007	0.327187	-44.0866	-44.4138
BLOCK00/SES007/SA007S24	SES007	0.133312	-43.892	-44.0253
BLOCK00/SES007/SA007S27	SES007	0.34119	-44.4052	-44.7464
BLOCK00/SES007/SA007S29	SES007	0.184933	-43.0389	-43.2238
BLOCK00/SES008/SA008S11	SES008	0.675678	-43.7353	-44.411
BLOCK00/SES008/SA008S12	SES008	0.398144	-43.5656	-43.9638
BLOCK00/SES008/SA008S19	SES008	0.592808	-42.8276	-43.4204
BLOCK00/SES008/SA008S22	SES008	0.228485	-44.4709	-44.6994
BLOCK00/SES008/SA008S29	SES008	0.89539	-43.2477	-44.1431
BLOCK01/SES014/SA014S10	SES014	0.539783	-43.4948	-44.0346
BLOCK01/SES014/SA014S12	SES014	1.47819	-41.5549	-43.0331
BLOCK01/SES014/SA014S24	SES014	0.595398	-43.4045	-43.9999
BLOCK01/SES014/SA014S26	SES014	1.26393	-41.2074	-42.4713
BLOCK01/SES014/SA014S28	SES014	1.31705	-42.2393	-43.5563
BLOCK01/SES016/SA016S12	SES016	0.0821342	-45.2988	-45.381
BLOCK01/SES016/SA016S13	SES016	0.82135	-44.1468	-44.9682
BLOCK01/SES016/SA016S22	SES016	0.226868	-44.4973	-44.7242
BLOCK01/SES016/SA016S25	SES016	0.828243	-42.5977	-43.4259
BLOCK01/SES016/SA016S27	SES016	1.17014	-43.3838	-44.5539
BLOCK01/SES019/SA019S13	SES019	2.22656	-44.3429	-46.5695
BLOCK01/SES019/SA019S14	SES019	1.53156	-44.1476	-45.6792
BLOCK01/SES019/SA019S22	SES019	1.71764	-43.5601	-45.2777
BLOCK01/SES019/SA019S25	SES019	1.21684	-44.7332	-45.9501
BLOCK01/SES019/SA019S29	SES019	2.88089	-44.2948	-47.1757
BLOCK02/SES029/SA029S11	SES029	0.471825	-43.685	-44.1568
BLOCK02/SES029/SA029S12	SES029	0.171741	-43.5884	-43.7602
BLOCK02/SES029/SA029S20	SES029	0.134182	-44.9106	-45.0448
BLOCK02/SES029/SA029S25	SES029	0.538101	-43.4117	-43.9498
BLOCK02/SES029/SA029S28	SES029	0.369942	-44.1936	-44.5636
BLOCK04/SES042/SA042S12	SES042	1.85293	-42.3437	-44.1966
BLOCK04/SES042/SA042S15	SES042	1.50644	-42.2963	-43.8028
BLOCK04/SES042/SA042S22	SES042	2.56272	-41.3544	-43.9171
BLOCK04/SES042/SA042S25	SES042	1.54332	-43.7754	-45.3188
BLOCK04/SES042/SA042S27	SES042	1.52827	-42.2317	-43.76
BLOCK04/SES048/SA048S11	SES048	0.687992	-42.8835	-43.5715
BLOCK04/SES048/SA048S12	SES048	0.140465	-43.2661	-43.4066
BLOCK04/SES048/SA048S20	SES048	0.431862	-43.0572	-43.4891
BLOCK04/SES048/SA048S23	SES048	0.833935	-43.566	-44.4
BLOCK04/SES048/SA048S27	SES048	0.34943	-42.6024	-42.9518
BLOCK06/SES060/SA060S11	SES060	0.900707	-43.6999	-44.6006
BLOCK06/SES060/SA060S12	SES060	0.033638	-44.9038	-44.9375
BLOCK06/SES060/SA060S22	SES060	0.0296059	-44.1945	-44.2241
BLOCK06/SES060/SA060S24	SES060	0.621399	-42.8927	-43.5141
BLOCK06/SES060/SA060S28	SES060	0.814358	-42.2456	-43.0599
BLOCK06/SES062/SA062S10	SES062	0.48896	-43.2025	-43.6914
BLOCK06/SES062/SA062S11	SES062	0.641258	-43.3372	-43.9785
BLOCK06/SES062/SA062S21	SES062	1.36317	-41.3301	-42.6932
BLOCK06/SES062/SA062S26	SES062	0.695343	-42.1779	-42.8733
BLOCK06/SES062/SA062S29	SES062	0.752518	-42.6697	-43.4223
BLOCK06/SES068/SA068S14	SES068	0.0820808	-44.0937	-44.1758
BLOCK06/SES068/SA068S15	SES068	0.35463	-43.2194	-43.5741
BLOCK06/SES068/SA068S23	SES068	0.408134	-44.318	-44.7261
BLOCK06/SES068/SA068S27	SES068	1.44387	-43.4774	-44.9212
BLOCK06/SES068/SA068S29	SES068	0.741501	-42.7529	-43.4944
BLOCK08/SES082/SA082S12	SES082	0.223122	-44.1876	-44.4107
BLOCK08/SES082/SA082S14	SES082	0.650047	-43.927	-44.577
BLOCK08/SES082/SA082S21	SES082	0.53616	-44.0658	-44.602
BLOCK08/SES082/SA082S24	SES082	0.389172	-44.4747	-44.8639
BLOCK08/SES082/SA082S28	SES082	0.634216	-44.155	-44.7892
BLOCK08/SES083/SA083S14	SES083	-0.091938	-43.9014	-43.8094
BLOCK08/SES083/SA083S15	SES083	0.650303	-42.8908	-43.5411
BLOCK08/SES083/SA083S24	SES083	0.196934	-43.6057	-43.8026
BLOCK08/SES083/SA083S26	SES083	0.103458	-43.3287	-43.4321
BLOCK08/SES083/SA083S29	SES083	0.0581093	-43.5397	-43.5978
BLOCK08/SES085/SA085S10	SES085	0.222614	-43.6	-43.8226
BLOCK08/SES085/SA085S13	SES085	0.131618	-44.6596	-44.7912
BLOCK08/SES085/SA085S22	SES085	-0.297741	-45.7379	-45.4402
BLOCK08/SES085/SA085S26	SES085	0.391224	-43.9628	-44.354
BLOCK08/SES085/SA085S28	SES085	0.394726	-43.2587	-43.6534
BLOCK08/SES087/SA087S15	SES087	0.490265	-43.3982	-43.8884
BLOCK08/SES087/SA087S16	SES087	0.822582	-43.4955	-44.3181
BLOCK08/SES087/SA087S24	SES087	0.28373	-43.8299	-44.1136
BLOCK08/SES087/SA087S26	SES087	0.881378	-42.3536	-43.235
BLOCK08/SES087/SA087S29	SES087	0.587395	-43.2777	-43.8651
BLOCK09/SES099/SA099S15	SES099	0.96225	-43.7626	-44.7249
BLOCK09/SES099/SA099S16	SES099	0.865566	-44.0897	-44.9553
BLOCK09/SES099/SA099S24	SES099	0.672913	-43.3694	-44.0423
BLOCK09/SES099/SA099S26	SES099	1.17478	-43.0018	-44.1766
BLOCK09/SES099/SA099S29	SES099	0.944187	-43.2153	-44.1595
BLOCK10/SES101/SA101S11	SES101	0.640148	-43.6397	-44.2799
BLOCK10/SES101/SA101S13	SES101	0.64941	-43.6401	-44.2895
BLOCK10/SES101/SA101S22	SES101	0.750881	-43.9541	-44.705
BLOCK10/SES101/SA101S24	SES101	1.16557	-43.5374	-44.703
BLOCK10/SES101/SA101S28	SES101	0.1287	-44.8131	-44.9418
BLOCK10/SES104/SA104S11	SES104	0.49509	-42.7753	-43.2704
BLOCK10/SES104/SA104S12	SES104	1.04636	-42.6135	-43.6599
BLOCK10/SES104/SA104S21	SES104	0.815239	-43.5457	-44.3609
BLOCK10/SES104/SA104S24	SES104	1.25669	-43.1454	-44.4021
BLOCK10/SES104/SA104S28	SES104	1.28855	-42.9141	-44.2026
BLOCK10/SES105/SA105S12	SES105	0.148632	-44.2787	-44.4273
BLOCK10/SES105/SA105S13	SES105	-0.0100327	-44.2214	-44.2114
BLOCK10/SES105/SA105S22	SES105	-0.151806	-44.827	-44.6752
BLOCK10/SES105/SA105S26	SES105	0.502617	-44.0731	-44.5757
BLOCK10/SES105/SA105S29	SES105	0.260124	-44.1195	-44.3796
BLOCK10/SES106/SA106S09	SES106	0.353455	-44.7995	-45.1529
BLOCK10/SES106/SA106S11	SES106	0.885391	-43.0477	-43.9331
BLOCK10/SES106/SA106S22	SES106	1.46887	-44.3423	-45.8112
BLOCK10/SES106/SA106S27	SES106	1.04294	-43.2925	-44.3354
BLOCK10/SES106/SA106S29	SES106	0.651005	-42.8529	-43.5039
BLOCK11/SES117/SA117S12	SES117	0.29285	-43.8087	-44.1016
BLOCK11/SES117/SA117S13	SES117	-0.21352	-44.0196	-43.8061
BLOCK11/SES117/SA117S23	SES117	1.06375	-44.7843	-45.8481
BLOCK11/SES117/SA117S25	SES117	0.614647	-44.7036	-45.3182
BLOCK11/SES117/SA117S28	SES117	0.626812	-44.7759	-45.4027
BLOCK12/SES120/SA120S08	SES120	-0.0150528	-45.7309	-45.7158
BLOCK12/SES120/SA120S11	SES120	0.115776	-45.6283	-45.7441
BLOCK12/SES120/SA120S22	SES120	0.206448	-44.0851	-44.2916
BLOCK12/SES120/SA120S24	SES120	0.244736	-44.3956	-44.6403
BLOCK12/SES120/SA120S28	SES120	0.0892601	-45.5205	-45.6097
BLOCK12/SES125/SA125S13	SES125	0.891376	-43.0853	-43.9767
BLOCK12/SES125/SA125S14	SES125	0.787762	-43.3105	-44.0982
BLOCK12/SES125/SA125S25	SES125	1.62355	-42.6946	-44.3181
BLOCK12/SES125/SA125S27	SES125	1.5565	-42.0757	-43.6322
BLOCK12/SES125/SA125S29	SES125	1.05631	-42.7906	-43.847
BLOCK12/SES127/SA127S11	SES127	0.382938	-43.395	-43.778
BLOCK12/SES127/SA127S12	SES127	-0.0833092	-44.1577	-44.0744
BLOCK12/SES127/SA127S23	SES127	0.199348	-44.2264	-44.4258
BLOCK12/SES127/SA127S25	SES127	-0.752609	-44.9698	-44.2171
BLOCK12/SES127/SA127S27	SES127	0.849712	-43.5296	-44.3794
BLOCK12/SES129/SA129S11	SES129	1.03747	-42.1611	-43.1985
BLOCK12/SES129/SA129S12	SES129	0.92284	-42.4568	-43.3797
BLOCK12/SES129/SA129S22	SES129	0.811813	-42.1288	-42.9407
BLOCK12/SES129/SA129S27	SES129	0.644722	-42.2418	-42.8865
BLOCK12/SES129/SA129S29	SES129	0.611111	-42.5905	-43.2016
BLOCK14/SES142/SA142S11	SES142	1.06572	-44.3574	-45.4231
BLOCK14/SES142/SA142S12	SES142	0.504723	-44.8154	-45.3201
BLOCK14/SES142/SA142S24	SES142	1.11954	-44.3259	-45.4454
BLOCK14/SES142/SA142S27	SES142	0.873699	-43.7055	-44.5792
BLOCK14/SES142/SA142S29	SES142	0.891453	-43.317	-44.2084
BLOCK14/SES143/SA143S12	SES143	0.471481	-44.1746	-44.6461
BLOCK14/SES143/SA143S13	SES143	0.427971	-44.4961	-44.9241
BLOCK14/SES143/SA143S23	SES143	0.603775	-44.7324	-45.3361
BLOCK14/SES143/SA143S25	SES143	0.314186	-44.4816	-44.7958
BLOCK14/SES143/SA143S28	SES143	0.652805	-43.2004	-43.8532
BLOCK14/SES144/SA144S09	SES144	0.563023	-43.4163	-43.9793
BLOCK14/SES144/SA144S11	SES144	0.498646	-45.0813	-45.58
BLOCK14/SES144/SA144S21	SES144	-0.000278473	-44.26	-44.2597
BLOCK14/SES144/SA144S25	SES144	0.322548	-43.6842	-44.0068
BLOCK14/SES144/SA144S29	SES144	0.151321	-44.2529	-44.4043
BLOCK14/SES146/SA146S14	SES146	0.373894	-44.169	-44.5429
BLOCK14/SES146/SA146S15	SES146	0.0384178	-43.9853	-44.0238
BLOCK14/SES146/SA146S24	SES146	0.00937653	-44.4486	-44.458
BLOCK14/SES146/SA146S26	SES146	0.156685	-44.8315	-44.9882
BLOCK14/SES146/SA146S29	SES146	0.0926399	-44.8022	-44.8948
BLOCK14/SES147/SA147S11	SES147	0.238407	-44.2028	-44.4412
BLOCK14/SES147/SA147S13	SES147	0.986439	-42.9138	-43.9003
BLOCK14/SES147/SA147S23	SES147	0.386402	-44.7033	-45.0897
BLOCK14/SES147/SA147S26	SES147	0.215946	-44.3703	-44.5863
BLOCK14/SES147/SA147S28	SES147	0.989639	-43.6526	-44.6422
BLOCK14/SES148/SA148S10	SES148	0.376072	-43.1605	-43.5366
BLOCK14/SES148/SA148S12	SES148	0.225834	-44.1211	-44.347
BLOCK14/SES148/SA148S22	SES148	0.486313	-43.042	-43.5283
BLOCK14/SES148/SA148S26	SES148	0.411381	-43.4163	-43.8277
BLOCK14/SES148/SA148S29	SES148	0.388439	-43.9584	-44.3468
BLOCK14/SES149/SA149S13	SES149	0.708332	-43.3612	-44.0696
BLOCK14/SES149/SA149S14	SES149	0.344624	-43.2772	-43.6219
BLOCK14/SES149/SA149S24	SES149	0.898167	-43.2775	-44.1757
BLOCK14/SES149/SA149S26	SES149	0.991714	-42.6986	-43.6903
BLOCK14/SES149/SA149S28	SES149	2.47174	-41.7138	-44.1855
BLOCK15/SES158/SA158S13	SES158	0.595341	-44.0342	-44.6295
BLOCK15/SES158/SA158S14	SES158	0.602116	-44.885	-45.4871
BLOCK15/SES158/SA158S23	SES158	0.673965	-43.8762	-44.5501
BLOCK15/SES158/SA158S26	SES158	1.38402	-43.9994	-45.3834
BLOCK15/SES158/SA158S28	SES158	0.379444	-44.3422	-44.7217
BLOCK16/SES162/SA162S10	SES162	0.372208	-43.8557	-44.2279
BLOCK16/SES162/SA162S11	SES162	0.527695	-43.8207	-44.3483
BLOCK16/SES162/SA162S21	SES162	1.26683	-43.678	-44.9449
BLOCK16/SES162/SA162S24	SES162	1.10734	-43.799	-44.9064
BLOCK16/SES162/SA162S27	SES162	0.7714	-44.5169	-45.2883
BLOCK16/SES167/SA167S14	SES167	0.871189	-42.6111	-43.4823
BLOCK16/SES167/SA167S15	SES167	0.457249	-43.8648	-44.322
BLOCK16/SES167/SA167S21	SES167	0.594654	-42.9897	-43.5843
BLOCK16/SES167/SA167S25	SES167	0.875317	-42.8393	-43.7146
BLOCK16/SES167/SA167S29	SES167	1.33518	-42.3383	-43.6735
BLOCK17/SES172/SA172S12	SES172	0.73428	-43.6344	-44.3687
BLOCK17/SES172/SA172S13	SES172	0.734859	-44.2724	-45.0072
BLOCK17/SES172/SA172S23	SES172	0.670311	-42.8428	-43.5131
BLOCK17/SES172/SA172S27	SES172	0.406326	-43.9913	-44.3976
BLOCK17/SES172/SA172S29	SES172	0.73872	-44.0367	-44.7754
BLOCK17/SES175/SA175S11	SES175	0.456932	-44.134	-44.5909
BLOCK17/SES175/SA175S13	SES175	0.336823	-44.0918	-44.4286
BLOCK17/SES175/SA175S23	SES175	0.644058	-43.9671	-44.6111
BLOCK17/SES175/SA175S25	SES175	-0.0539742	-45.3212	-45.2673
BLOCK17/SES175/SA175S28	SES175	0.508461	-43.869	-44.3774
BLOCK17/SES177/SA177S15	SES177	0.00991058	-43.9883	-43.9983
BLOCK17/SES177/SA177S17	SES177	0.140125	-43.7925	-43.9326
BLOCK17/SES177/SA177S23	SES177	0.108074	-44.0203	-44.1283
BLOCK17/SES177/SA177S26	SES177	0.477978	-42.7033	-43.1813
BLOCK17/SES177/SA177S28	SES177	0.502876	-43.1557	-43.6586
BLOCK18/SES180/SA180S13	SES180	0.598179	-43.9369	-44.535
BLOCK18/SES180/SA180S15	SES180	0.0586624	-44.4336	-44.4923
BLOCK18/SES180/SA180S24	SES180	0.785458	-42.867	-43.6525
BLOCK18/SES180/SA180S26	SES180	0.656033	-43.6567	-44.3127
BLOCK18/SES180/SA180S29	SES180	0.564163	-43.635	-44.1992
BLOCK18/SES183/SA183S13	SES183	0.722485	-43.8461	-44.5686
BLOCK18/SES183/SA183S14	SES183	0.162552	-44.0355	-44.198
BLOCK18/SES183/SA183S24	SES183	0.915474	-44.105	-45.0204
BLOCK18/SES183/SA183S27	SES183	0.555126	-43.6554	-44.2105
BLOCK18/SES183/SA183S29	SES183	0.654091	-43.4659	-44.1199
BLOCK18/SES187/SA187S13	SES187	0.227161	-44.7463	-44.9734
BLOCK18/SES187/SA187S14	SES187	0.194004	-44.7571	-44.9511
BLOCK18/SES187/SA187S24	SES187	0.480572	-43.7993	-44.2799
BLOCK18/SES187/SA187S27	SES187	0.174507	-44.2573	-44.4318
BLOCK18/SES187/SA187S29	SES187	0.24802	-44.5553	-44.8033
BLOCK18/SES189/SA189S10	SES189	1.3052	-45.2838	-46.589
BLOCK18/SES189/SA189S13	SES189	1.66091	-46.2125	-47.8734
BLOCK18/SES189/SA189S24	SES189	1.76775	-45.13	-46.8978
BLOCK18/SES189/SA189S26	SES189	1.23522	-44.9108	-46.146
BLOCK18/SES189/SA189S29	SES189	1.59851	-45.3392	-46.9377
BLOCK20/SES202/SA202S12	SES202	0.592178	-44.2339	-44.8261
BLOCK20/SES202/SA202S14	SES202	1.05094	-43.7501	-44.8011
BLOCK20/SES202/SA202S24	SES202	0.540943	-44.2903	-44.8313
BLOCK20/SES202/SA202S27	SES202	0.758884	-43.3536	-44.1125
BLOCK20/SES202/SA202S29	SES202	1.09616	-42.9878	-44.084
BLOCK20/SES206/SA206S15	SES206	0.0872917	-43.5283	-43.6156
BLOCK20/SES206/SA206S17	SES206	1.18802	-43.2617	-44.4498
BLOCK20/SES206/SA206S24	SES206	1.15155	-42.7724	-43.924
BLOCK20/SES206/SA206S27	SES206	0.960205	-43.7075	-44.6677
BLOCK20/SES206/SA206S29	SES206	0.944798	-42.1599	-43.1047
BLOCK22/SES226/SA226S12	SES226	0.585583	-43.9739	-44.5594
BLOCK22/SES226/SA226S13	SES226	-0.0652618	-44.705	-44.6397
BLOCK22/SES226/SA226S20	SES226	0.573273	-44.47	-45.0432
BLOCK22/SES226/SA226S23	SES226	0.608852	-43.6813	-44.2901
BLOCK22/SES226/SA226S28	SES226	1.18853	-42.8658	-44.0544
BLOCK25/SES259/SA259S13	SES259	1.05055	-43.0799	-44.1305
BLOCK25/SES259/SA259S14	SES259	0.394848	-43.2312	-43.6261
BLOCK25/SES259/SA259S22	SES259	0.627335	-42.5902	-43.2175
BLOCK25/SES259/SA259S24	SES259	1.06345	-42.1827	-43.2461
BLOCK25/SES259/SA259S28	SES259	1.13166	-42.1556	-43.2872
BLOCK27/SES270/SA270S14	SES270	0.572266	-44.6194	-45.1917
BLOCK27/SES270/SA270S16	SES270	0.391891	-43.9502	-44.3421
BLOCK27/SES270/SA270S22	SES270	0.821526	-43.8556	-44.6772
BLOCK27/SES270/SA270S26	SES270	0.43924	-44.5093	-44.9485
BLOCK27/SES270/SA270S28	SES270	0.532761	-43.8843	-44.4171
BLOCK27/SES275/SA275S17	SES275	0.454311	-44.5068	-44.9611
BLOCK27/SES275/SA275S18	SES275	0.175499	-44.5135	-44.689
BLOCK27/SES275/SA275S24	SES275	0.186634	-44.5002	-44.6869
BLOCK27/SES275/SA275S26	SES275	0.52507	-43.1851	-43.7101
BLOCK27/SES275/SA275S28	SES275	0.342651	-43.2216	-43.5643
BLOCK29/SES292/SA292S10	SES292	0.155819	-43.6395	-43.7953
BLOCK29/SES292/SA292S12	SES292	-0.0125389	-45.3143	-45.3017
BLOCK29/SES292/SA292S22	SES292	0.506699	-43.3612	-43.8679
BLOCK29/SES292/SA292S24	SES292	0.276138	-43.3272	-43.6033
BLOCK29/SES292/SA292S27	SES292	-0.0234604	-43.8648	-43.8414
BLOCK00/SES001/SA001S14	SES062	-0.682484	-43.8415	-43.1591
BLOCK00/SES001/SA001S14	SES082	-1.01803	-44.1771	-43.1591
BLOCK00/SES001/SA001S14	SES106	-0.967854	-44.1269	-43.1591
BLOCK00/SES001/SA001S14	SES206	-1.2165	-44.3756	-43.1591
BLOCK00/SES001/SA001S15	SES062	-0.278057	-42.9399	-42.6619
BLOCK00/SES001/SA001S15	SES104	-1.30798	-43.9699	-42.6619
BLOCK00/SES001/SA001S15	SES106	-0.803837	-43.4657	-42.6619
BLOCK00/SES001/SA001S15	SES206	-0.763447	-43.4253	-42.6619
BLOCK00/SES001/SA001S24	SES062	-0.899536	-45.2837	-44.3842
BLOCK00/SES001/SA001S24	SES082	-0.870277	-45.2544	-44.3842
BLOCK00/SES001/SA001S24	SES087	-0.948299	-45.3325	-44.3842
BLOCK00/SES001/SA001S24	SES206	-0.236664	-44.6208	-44.3842
BLOCK00/SES001/SA001S27	SES062	-0.667873	-43.821	-43.1531
BLOCK00/SES001/SA001S27	SES082	-1.19564	-44.3487	-43.1531
BLOCK00/SES001/SA001S27	SES087	-1.2261	-44.3792	-43.1531
BLOCK00/SES001/SA001S27	SES206	-0.797794	-43.9509	-43.1531
BLOCK00/SES001/SA001S29	SES062	-0.951454	-45.0684	-44.117
BLOCK00/SES001/SA001S29	SES082	-0.743824	-44.8608	-44.117
BLOCK00/SES001/SA001S29	SES158	-0.587257	-44.7042	-44.117
BLOCK00/SES001/SA001S29	SES206	-0.996101	-45.1131	-44.117
BLOCK00/SES003/SA003S11	SES002	-0.507809	-44.8971	-44.3893
BLOCK00/SES003/SA003S11	SES019	-1.05394	-45.4432	-44.3893
BLOCK00/SES003/SA003S11	SES082	-0.287853	-44.6771	-44.3893
BLOCK00/SES003/SA003S11	SES125	-0.3792	-44.7685	-44.3893
BLOCK00/SES003/SA003S15	SES016	-1.79427	-45.7178	-43.9235
BLOCK00/SES003/SA003S15	SES019	-1.0085	-44.932	-43.9235
BLOCK00/SES003/SA003S15	SES062	-1.09338	-45.0169	-43.9235
BLOCK00/SES003/SA003S15	SES206	-0.42268	-44.3462	-43.9235
BLOCK00/SES003/SA003S22	SES002	-0.912506	-44.6114	-43.6989
BLOCK00/SES003/SA003S22	SES062	-1.05171	-44.7506	-43.6989
BLOCK00/SES003/SA003S22	SES082	-0.651863	-44.3508	-43.6989
BLOCK00/SES003/SA003S22	SES087	-0.780132	-44.4791	-43.6989
BLOCK00/SES003/SA003S25	SES062	-1.2319	-45.8158	-44.5839
BLOCK00/SES003/SA003S25	SES082	-0.123348	-44.7073	-44.5839
BLOCK00/SES003/SA003S25	SES087	-0.868092	-45.452	-44.5839
BLOCK00/SES003/SA003S25	SES206	-0.222202	-44.8061	-44.5839
BLOCK00/SES003/SA003S29	SES002	-0.274544	-43.8319	-43.5574
BLOCK00/SES003/SA003S29	SES062	-1.01813	-44.5755	-43.5574
BLOCK00/SES003/SA003S29	SES082	-0.338425	-43.8958	-43.5574
BLOCK00/SES003/SA003S29	SES087	-0.761879	-44.3193	-43.5574
BLOCK00/SES004/SA004S12	SES083	-0.507313	-45.1119	-44.6046
BLOCK00/SES004/SA004S12	SES148	-0.289459	-44.894	-44.6046
BLOCK00/SES004/SA004S12	SES172	-0.425888	-45.0305	-44.6046
BLOCK00/SES004/SA004S12	SES292	-0.590366	-45.1949	-44.6046
BLOCK00/SES004/SA004S17	SES083	-0.743366	-45.5682	-44.8248
BLOCK00/SES004/SA004S17	SES162	-0.0613289	-44.8861	-44.8248
BLOCK00/SES004/SA004S17	SES172	-0.336407	-45.1612	-44.8248
BLOCK00/SES004/SA004S17	SES292	-0.665592	-45.4904	-44.8248
BLOCK00/SES004/SA004S24	SES083	-0.573421	-45.0427	-44.4693
BLOCK00/SES004/SA004S24	SES148	-0.260906	-44.7302	-44.4693
BLOCK00/SES004/SA004S24	SES172	-0.184029	-44.6534	-44.4693
BLOCK00/SES004/SA004S24	SES292	-0.208824	-44.6781	-44.4693
BLOCK00/SES004/SA004S26	SES083	-0.466351	-44.8606	-44.3943
BLOCK00/SES004/SA004S26	SES127	-0.49379	-44.8881	-44.3943
BLOCK00/SES004/SA004S26	SES148	-0.496925	-44.8912	-44.3943
BLOCK00/SES004/SA004S26	SES292	-0.331696	-44.726	-44.3943
BLOCK00/SES004/SA004S28	SES083	-0.239716	-44.5681	-44.3283
BLOCK00/SES004/SA004S28	SES127	-0.652859	-44.9812	-44.3283
BLOCK00/SES004/SA004S28	SES187	0.124531	-44.2038	-44.3283
BLOCK00/SES004/SA004S28	SES292	-0.389023	-44.7174	-44.3283
BLOCK00/SES006/SA006S10	SES014	-1.50337	-47.5981	-46.0947
BLOCK00/SES006/SA006S10	SES158	-0.188255	-46.283	-46.0947
BLOCK00/SES006/SA006S10	SES226	-0.918758	-47.0135	-46.0947
BLOCK00/SES006/SA006S10	SES270	-0.584045	-46.6787	-46.0947
BLOCK00/SES006/SA006S11	SES158	-0.082058	-45.7494	-45.6673
BLOCK00/SES006/SA006S11	SES226	-0.669216	-46.3365	-45.6673
BLOCK00/SES006/SA006S11	SES270	-0.626305	-46.2936	-45.6673
BLOCK00/SES006/SA006S11	SES275	-1.51006	-47.1774	-45.6673
BLOCK00/SES006/SA006S23	SES062	-1.26594	-45.9706	-44.7047
BLOCK00/SES006/SA006S23	SES105	-0.687752	-45.3925	-44.7047
BLOCK00/SES006/SA006S23	SES158	-0.153065	-44.8578	-44.7047
BLOCK00/SES006/SA006S23	SES275	-1.217	-45.9217	-44.7047
BLOCK00/SES006/SA006S26	SES104	-1.64869	-46.2403	-44.5916
BLOCK00/SES006/SA006S26	SES158	-0.0194321	-44.6111	-44.5916
BLOCK00/SES006/SA006S26	SES270	-0.0575371	-44.6492	-44.5916
BLOCK00/SES006/SA006S26	SES275	-1.29888	-45.8905	-44.5916
BLOCK00/SES006/SA006S28	SES007	-0.840763	-46.3076	-45.4669
BLOCK00/SES006/SA006S28	SES105	-0.662567	-46.1294	-45.4669
BLOCK00/SES006/SA006S28	SES158	-0.356773	-45.8236	-45.4669
BLOCK00/SES006/SA006S28	SES275	-1.53709	-47.0039	-45.4669
BLOCK00/SES009/SA009S12	SES083	-0.659435	-44.4386	-43.7792
BLOCK00/SES009/SA009S12	SES148	-0.327393	-44.1066	-43.7792
BLOCK00/SES009/SA009S12	SES177	-0.30069	-44.0799	-43.7792
BLOCK00/SES009/SA009S12	SES292	-0.188442	-43.9676	-43.7792
BLOCK00/SES009/SA009S15	SES007	0.369659	-42.9014	-43.2711
BLOCK00/SES009/SA009S15	SES099	-1.50187	-44.773	-43.2711
BLOCK00/SES009/SA009S15	SES148	-0.358837	-43.6299	-43.2711
BLOCK00/SES009/SA009S15	SES172	-0.390366	-43.6615	-43.2711
BLOCK00/SES009/SA009S24	SES146	-0.231403	-43.8489	-43.6175
BLOCK00/SES009/SA009S24	SES148	-0.283482	-43.901	-43.6175
BLOCK00/SES009/SA009S24	SES177	-0.0358582	-43.6534	-43.6175
BLOCK00/SES009/SA009S24	SES292	-0.222668	-43.8402	-43.6175
BLOCK00/SES009/SA009S26	SES083	-0.891342	-45.2675	-44.3762
BLOCK00/SES009/SA009S26	SES101	-0.638702	-45.0149	-44.3762
BLOCK00/SES009/SA009S26	SES120	-0.0576019	-44.4338	-44.3762
BLOCK00/SES009/SA009S26	SES177	-0.525082	-44.9013	-44.3762
BLOCK00/SES009/SA009S29	SES083	-0.303452	-43.9019	-43.5984
BLOCK00/SES009/SA009S29	SES101	-0.308727	-43.9072	-43.5984
BLOCK00/SES009/SA009S29	SES177	-0.253696	-43.8521	-43.5984
BLOCK00/SES009/SA009S29	SES292	-0.0685616	-43.667	-43.5984
BLOCK01/SES011/SA011S10	SES019	0.0860596	-45.4733	-45.5594
BLOCK01/SES011/SA011S10	SES042	0.433163	-45.1262	-45.5594
BLOCK01/SES011/SA011S10	SES082	-0.943581	-46.5029	-45.5594
BLOCK01/SES011/SA011S10	SES206	0.388603	-45.1708	-45.5594
BLOCK01/SES011/SA011S11	SES019	-1.08682	-46.5182	-45.4313
BLOCK01/SES011/SA011S11	SES042	-0.629292	-46.0606	-45.4313
BLOCK01/SES011/SA011S11	SES082	-1.62519	-47.0565	-45.4313
BLOCK01/SES011/SA011S11	SES206	-0.290306	-45.7216	-45.4313
BLOCK01/SES011/SA011S22	SES019	-0.236702	-45.2666	-45.0299
BLOCK01/SES011/SA011S22	SES042	-0.0703773	-45.1003	-45.0299
BLOCK01/SES011/SA011S22	SES082	-1.10728	-46.1372	-45.0299
BLOCK01/SES011/SA011S22	SES206	-0.160854	-45.1908	-45.0299
BLOCK01/SES011/SA011S24	SES019	-0.384182	-44.923	-44.5388
BLOCK01/SES011/SA011S24	SES042	0.259876	-44.2789	-44.5388
BLOCK01/SES011/SA011S24	SES104	-0.638763	-45.1776	-44.5388
BLOCK01/SES011/SA011S24	SES206	0.552937	-43.9859	-44.5388
BLOCK01/SES011/SA011S27	SES082	0.253639	-44.2361	-44.4897
BLOCK01/SES011/SA011S27	SES087	-0.448856	-44.9386	-44.4897
BLOCK01/SES011/SA011S27	SES125	0.00019455	-44.4895	-44.4897
BLOCK01/SES011/SA011S27	SES206	0.22237	-44.2673	-44.4897
BLOCK01/SES012/SA012S11	SES007	-0.651318	-43.6348	-42.9834
BLOCK01/SES012/SA012S11	SES082	-0.702267	-43.6857	-42.9834
BLOCK01/SES012/SA012S11	SES083	-0.847481	-43.8309	-42.9834
BLOCK01/SES012/SA012S11	SES206	-0.308624	-43.2921	-42.9834
BLOCK01/SES012/SA012S14	SES082	-0.314259	-43.7968	-43.4825
BLOCK01/SES012/SA012S14	SES087	-0.917168	-44.3997	-43.4825
BLOCK01/SES012/SA012S14	SES206	-0.519905	-44.0024	-43.4825
BLOCK01/SES012/SA012S14	SES292	-0.948769	-44.4313	-43.4825
BLOCK01/SES012/SA012S24	SES082	-0.596184	-44.9948	-44.3986
BLOCK01/SES012/SA012S24	SES087	-0.64045	-45.039	-44.3986
BLOCK01/SES012/SA012S24	SES120	-1.45795	-45.8565	-44.3986
BLOCK01/SES012/SA012S24	SES206	-0.623249	-45.0218	-44.3986
BLOCK01/SES012/SA012S26	SES019	-1.33588	-45.3608	-44.0249
BLOCK01/SES012/SA012S26	SES082	-0.662567	-44.6875	-44.0249
BLOCK01/SES012/SA012S26	SES206	0.26598	-43.7589	-44.0249
BLOCK01/SES012/SA012S26	SES292	-0.896763	-44.9217	-44.0249
BLOCK01/SES012/SA012S29	SES062	-0.395065	-44.1043	-43.7092
BLOCK01/SES012/SA012S29	SES082	-0.246044	-43.9553	-43.7092
BLOCK01/SES012/SA012S29	SES083	-0.755512	-44.4647	-43.7092
BLOCK01/SES012/SA012S29	SES206	-0.321136	-44.0303	-43.7092
BLOCK01/SES013/SA013S16	SES062	-1.11744	-45.5007	-44.3833
BLOCK01/SES013/SA013S16	SES106	0.116474	-44.2668	-44.3833
BLOCK01/SES013/SA013S16	SES206	-0.118557	-44.5018	-44.3833
BLOCK01/SES013/SA013S16	SES226	-0.038868	-44.4221	-44.3833
BLOCK01/SES013/SA013S17	SES062	-0.906422	-44.2948	-43.3884
BLOCK01/SES013/SA013S17	SES106	-0.0755882	-43.464	-43.3884
BLOCK01/SES013/SA013S17	SES206	0.168369	-43.22	-43.3884
BLOCK01/SES013/SA013S17	SES226	-0.0377121	-43.4261	-43.3884
BLOCK01/SES013/SA013S23	SES104	-0.355167	-45.1631	-44.8079
BLOCK01/SES013/SA013S23	SES106	0.151237	-44.6567	-44.8079
BLOCK01/SES013/SA013S23	SES206	-0.240974	-45.0489	-44.8079
BLOCK01/SES013/SA013S23	SES270	0.00999832	-44.7979	-44.8079
BLOCK01/SES013/SA013S25	SES042	-0.511662	-44.6511	-44.1394
BLOCK01/SES013/SA013S25	SES104	-0.0928116	-44.2322	-44.1394
BLOCK01/SES013/SA013S25	SES106	0.301956	-43.8374	-44.1394
BLOCK01/SES013/SA013S25	SES206	0.0936737	-44.0457	-44.1394
BLOCK01/SES013/SA013S29	SES062	-1.35822	-45.7102	-44.352
BLOCK01/SES013/SA013S29	SES104	-0.829479	-45.1815	-44.352
BLOCK01/SES013/SA013S29	SES106	0.210648	-44.1414	-44.352
BLOCK01/SES013/SA013S29	SES206	-0.709999	-45.062	-44.352
BLOCK02/SES021/SA021S13	SES016	-1.24184	-44.8389	-43.597
BLOCK02/SES021/SA021S13	SES029	-0.897327	-44.4943	-43.597
BLOCK02/SES021/SA021S13	SES087	-0.190868	-43.7879	-43.597
BLOCK02/SES021/SA021S13	SES206	0.0428123	-43.5542	-43.597
BLOCK02/SES021/SA021S15	SES087	0.147747	-43.0752	-43.223
BLOCK02/SES021/SA021S15	SES125	0.248474	-42.9745	-43.223
BLOCK02/SES021/SA021S15	SES206	0.541275	-42.6817	-43.223
BLOCK02/SES021/SA021S15	SES226	-0.195698	-43.4187	-43.223
BLOCK02/SES021/SA021S23	SES062	-0.744549	-45.209	-44.4644
BLOCK02/SES021/SA021S23	SES087	-0.455318	-44.9197	-44.4644
BLOCK02/SES021/SA021S23	SES206	-0.185184	-44.6496	-44.4644
BLOCK02/SES021/SA021S23	SES226	-0.422901	-44.8873	-44.4644
BLOCK02/SES021/SA021S27	SES002	-0.597061	-44.0113	-43.4142
BLOCK02/SES021/SA021S27	SES016	-1.81565	-45.2299	-43.4142
BLOCK02/SES021/SA021S27	SES019	-0.863174	-44.2774	-43.4142
BLOCK02/SES021/SA021S27	SES062	-0.581348	-43.9956	-43.4142
BLOCK02/SES021/SA021S29	SES087	-0.102867	-43.9278	-43.8249
BLOCK02/SES021/SA021S29	SES125	0.0979805	-43.7269	-43.8249
BLOCK02/SES021/SA021S29	SES206	0.396435	-43.4285	-43.8249
BLOCK02/SES021/SA021S29	SES226	-0.462521	-44.2874	-43.8249
BLOCK04/SES043/SA043S09	SES083	-0.529259	-45.4358	-44.9065
BLOCK04/SES043/SA043S09	SES101	-0.76823	-45.6748	-44.9065
BLOCK04/SES043/SA043S09	SES144	-0.230698	-45.1372	-44.9065
BLOCK04/SES043/SA043S09	SES172	-0.888416	-45.795	-44.9065
BLOCK04/SES043/SA043S11	SES083	-0.293827	-43.6642	-43.3703
BLOCK04/SES043/SA043S11	SES101	-0.392975	-43.7633	-43.3703
BLOCK04/SES043/SA043S11	SES144	-0.31274	-43.6831	-43.3703
BLOCK04/SES043/SA043S11	SES172	-0.49165	-43.862	-43.3703
BLOCK04/SES043/SA043S23	SES083	-0.231403	-44.1401	-43.9087
BLOCK04/SES043/SA043S23	SES144	-0.0387726	-43.9474	-43.9087
BLOCK04/SES043/SA043S23	SES177	-0.318893	-44.2276	-43.9087
BLOCK04/SES043/SA043S23	SES275	-0.154858	-44.0635	-43.9087
BLOCK04/SES043/SA043S26	SES083	-0.316757	-43.6086	-43.2919
BLOCK04/SES043/SA043S26	SES101	-0.571079	-43.863	-43.2919
BLOCK04/SES043/SA043S26	SES144	-0.252796	-43.5447	-43.2919
BLOCK04/SES043/SA043S26	SES177	-0.186707	-43.4786	-43.2919
BLOCK04/SES043/SA043S28	SES016	-0.406128	-43.8694	-43.4632
BLOCK04/SES043/SA043S28	SES083	-0.00971985	-43.473	-43.4632
BLOCK04/SES043/SA043S28	SES101	-0.167656	-43.6309	-43.4632
BLOCK04/SES043/SA043S28	SES144	-0.254066	-43.7173	-43.4632
BLOCK04/SES044/SA044S10	SES127	-1.03906	-46.4811	-45.4421
BLOCK04/SES044/SA044S10	SES144	-0.372295	-45.8144	-45.4421
BLOCK04/SES044/SA044S10	SES147	-0.603798	-46.0459	-45.4421
BLOCK04/SES044/SA044S10	SES148	-0.581646	-46.0237	-45.4421
BLOCK04/SES044/SA044S11	SES101	-0.571613	-45.7675	-45.1959
BLOCK04/SES044/SA044S11	SES144	-0.200024	-45.3959	-45.1959
BLOCK04/SES044/SA044S11	SES147	-0.263306	-45.4592	-45.1959
BLOCK04/SES044/SA044S11	SES177	-0.672092	-45.868	-45.1959
BLOCK04/SES044/SA044S24	SES007	-0.210163	-44.6989	-44.4887
BLOCK04/SES044/SA044S24	SES101	-0.400581	-44.8893	-44.4887
BLOCK04/SES044/SA044S24	SES147	-0.219471	-44.7082	-44.4887
BLOCK04/SES044/SA044S24	SES177	-0.883148	-45.3719	-44.4887
BLOCK04/SES044/SA044S26	SES007	-0.486774	-45.2304	-44.7436
BLOCK04/SES044/SA044S26	SES016	-0.489056	-45.2327	-44.7436
BLOCK04/SES044/SA044S26	SES101	-0.258945	-45.0025	-44.7436
BLOCK04/SES044/SA044S26	SES147	0.0267982	-44.7168	-44.7436
BLOCK04/SES044/SA044S29	SES007	0.0635948	-43.7143	-43.7779
BLOCK04/SES044/SA044S29	SES101	-0.302467	-44.0804	-43.7779
BLOCK04/SES044/SA044S29	SES147	-0.071312	-43.8492	-43.7779
BLOCK04/SES044/SA044S29	SES177	-0.238846	-44.0168	-43.7779
BLOCK04/SES046/SA046S13	SES101	-0.573139	-45.8552	-45.2821
BLOCK04/SES046/SA046S13	SES144	-0.107777	-45.3899	-45.2821
BLOCK04/SES046/SA046S13	SES147	-0.40052	-45.6826	-45.2821
BLOCK04/SES046/SA046S13	SES177	-0.492744	-45.7748	-45.2821
BLOCK04/SES046/SA046S15	SES048	-0.604191	-44.1087	-43.5045
BLOCK04/SES046/SA046S15	SES083	-0.47319	-43.9777	-43.5045
BLOCK04/SES046/SA046S15	SES120	-0.623726	-44.1283	-43.5045
BLOCK04/SES046/SA046S15	SES148	-0.242325	-43.7469	-43.5045
BLOCK04/SES046/SA046S22	SES101	-0.479805	-45.2231	-44.7433
BLOCK04/SES046/SA046S22	SES144	-0.231979	-44.9753	-44.7433
BLOCK04/SES046/SA046S22	SES147	-0.284634	-45.0279	-44.7433
BLOCK04/SES046/SA046S22	SES172	-0.284863	-45.0281	-44.7433
BLOCK04/SES046/SA046S25	SES083	-0.350731	-44.1965	-43.8457
BLOCK04/SES046/SA046S25	SES127	-0.288521	-44.1343	-43.8457
BLOCK04/SES046/SA046S25	SES144	-0.629154	-44.4749	-43.8457
BLOCK04/SES046/SA046S25	SES148	0.0231934	-43.8225	-43.8457
BLOCK04/SES046/SA046S28	SES007	-0.689888	-45.2196	-44.5297
BLOCK04/SES046/SA046S28	SES105	-0.879326	-45.4091	-44.5297
BLOCK04/SES046/SA046S28	SES147	-0.512939	-45.0427	-44.5297
BLOCK04/SES046/SA046S28	SES148	0.201691	-44.3281	-44.5297
BLOCK04/SES049/SA049S16	SES104	-0.708092	-46.3931	-45.685
BLOCK04/SES049/SA049S16	SES106	-0.316761	-46.0017	-45.685
BLOCK04/SES049/SA049S16	SES120	-0.860115	-46.5451	-45.685
BLOCK04/SES049/SA049S16	SES206	-0.638714	-46.3237	-45.685
BLOCK04/SES049/SA049S18	SES099	-0.425755	-46.1615	-45.7358
BLOCK04/SES049/SA049S18	SES104	-1.27384	-47.0096	-45.7358
BLOCK04/SES049/SA049S18	SES125	-1.60656	-47.3423	-45.7358
BLOCK04/SES049/SA049S18	SES206	-1.05948	-46.7952	-45.7358
BLOCK04/SES049/SA049S25	SES087	-0.674324	-45.759	-45.0847
BLOCK04/SES049/SA049S25	SES104	-0.23996	-45.3247	-45.0847
BLOCK04/SES049/SA049S25	SES125	-1.28233	-46.3671	-45.0847
BLOCK04/SES049/SA049S25	SES206	-0.199924	-45.2846	-45.0847
BLOCK04/SES049/SA049S27	SES099	0.122742	-44.3541	-44.4769
BLOCK04/SES049/SA049S27	SES104	0.350208	-44.1267	-44.4769
BLOCK04/SES049/SA049S27	SES125	-0.225521	-44.7024	-44.4769
BLOCK04/SES049/SA049S27	SES206	0.0979233	-44.3789	-44.4769
BLOCK04/SES049/SA049S29	SES099	0.204296	-43.4291	-43.6334
BLOCK04/SES049/SA049S29	SES104	0.319229	-43.3142	-43.6334
BLOCK04/SES049/SA049S29	SES125	0.0668716	-43.5666	-43.6334
BLOCK04/SES049/SA049S29	SES206	0.135723	-43.4977	-43.6334
BLOCK06/SES063/SA063S09	SES068	-0.59161	-44.2211	-43.6295
BLOCK06/SES063/SA063S09	SES083	-0.462406	-44.0919	-43.6295
BLOCK06/SES063/SA063S09	SES177	0.171833	-43.4577	-43.6295
BLOCK06/SES063/SA063S09	SES187	-0.0661697	-43.6957	-43.6295
BLOCK06/SES063/SA063S10	SES068	-0.335529	-44.243	-43.9075
BLOCK06/SES063/SA063S10	SES083	-0.213032	-44.1206	-43.9075
BLOCK06/SES063/SA063S10	SES172	-0.0457077	-43.9532	-43.9075
BLOCK06/SES063/SA063S10	SES187	0.19762	-43.7099	-43.9075
BLOCK06/SES063/SA063S20	SES068	-0.370926	-44.3249	-43.9539
BLOCK06/SES063/SA063S20	SES083	-0.386658	-44.3406	-43.9539
BLOCK06/SES063/SA063S20	SES172	0.409672	-43.5443	-43.9539
BLOCK06/SES063/SA063S20	SES187	0.382191	-43.5718	-43.9539
BLOCK06/SES063/SA063S24	SES029	-0.778233	-43.6349	-42.8567
BLOCK06/SES063/SA063S24	SES083	0.0970917	-42.7596	-42.8567
BLOCK06/SES063/SA063S24	SES177	0.284519	-42.5721	-42.8567
BLOCK06/SES063/SA063S24	SES189	-0.205311	-43.062	-42.8567
BLOCK06/SES063/SA063S27	SES083	-0.184395	-44.5257	-44.3413
BLOCK06/SES063/SA063S27	SES172	0.525955	-43.8154	-44.3413
BLOCK06/SES063/SA063S27	SES187	0.191727	-44.1496	-44.3413
BLOCK06/SES063/SA063S27	SES292	0.14571	-44.1956	-44.3413
BLOCK06/SES067/SA067S12	SES083	-0.211941	-43.8805	-43.6686
BLOCK06/SES067/SA067S12	SES172	-0.455746	-44.1243	-43.6686
BLOCK06/SES067/SA067S12	SES202	0.284477	-43.3841	-43.6686
BLOCK06/SES067/SA067S12	SES292	-0.143856	-43.8124	-43.6686
BLOCK06/SES067/SA067S14	SES085	-0.464905	-44.0123	-43.5474
BLOCK06/SES067/SA067S14	SES177	-0.597939	-44.1454	-43.5474
BLOCK06/SES067/SA067S14	SES183	-0.00591278	-43.5533	-43.5474
BLOCK06/SES067/SA067S14	SES202	-0.0617867	-43.6092	-43.5474
BLOCK06/SES067/SA067S21	SES144	0.0607758	-44.8621	-44.9228
BLOCK06/SES067/SA067S21	SES177	-0.221989	-45.1448	-44.9228
BLOCK06/SES067/SA067S21	SES183	-0.221611	-45.1444	-44.9228
BLOCK06/SES067/SA067S21	SES189	-0.097187	-45.02	-44.9228
BLOCK06/SES067/SA067S25	SES085	-0.362175	-44.1991	-43.8369
BLOCK06/SES067/SA067S25	SES177	-0.228046	-44.065	-43.8369
BLOCK06/SES067/SA067S25	SES183	0.201572	-43.6354	-43.8369
BLOCK06/SES067/SA067S25	SES202	-0.0925369	-43.9295	-43.8369
BLOCK06/SES067/SA067S29	SES085	-0.12685	-44.1026	-43.9758
BLOCK06/SES067/SA067S29	SES177	-0.0400543	-44.0158	-43.9758
BLOCK06/SES067/SA067S29	SES183	0.250469	-43.7253	-43.9758
BLOCK06/SES067/SA067S29	SES202	0.484238	-43.4915	-43.9758
BLOCK06/SES069/SA069S12	SES029	-0.946564	-45.4377	-44.4911
BLOCK06/SES069/SA069S12	SES082	-0.182705	-44.6738	-44.4911
BLOCK06/SES069/SA069S12	SES087	-0.138733	-44.6298	-44.4911
BLOCK06/SES069/SA069S12	SES206	0.150711	-44.3404	-44.4911
BLOCK06/SES069/SA069S13	SES029	-0.635715	-44.9785	-44.3428
BLOCK06/SES069/SA069S13	SES087	-0.267723	-44.6105	-44.3428
BLOCK06/SES069/SA069S13	SES206	-0.381077	-44.7238	-44.3428
BLOCK06/SES069/SA069S13	SES226	-0.361698	-44.7045	-44.3428
BLOCK06/SES069/SA069S23	SES029	-0.541382	-43.2434	-42.702
BLOCK06/SES069/SA069S23	SES087	-0.293243	-42.9952	-42.702
BLOCK06/SES069/SA069S23	SES206	-0.242672	-42.9447	-42.702
BLOCK06/SES069/SA069S23	SES226	-0.21146	-42.9134	-42.702
BLOCK06/SES069/SA069S25	SES087	-0.450535	-43.3541	-42.9035
BLOCK06/SES069/SA069S25	SES206	-0.58136	-43.4849	-42.9035
BLOCK06/SES069/SA069S25	SES226	-0.27589	-43.1794	-42.9035
BLOCK06/SES069/SA069S25	SES270	-0.273235	-43.1768	-42.9035
BLOCK06/SES069/SA069S27	SES087	-0.541286	-44.4744	-43.9332
BLOCK06/SES069/SA069S27	SES206	0.623318	-43.3098	-43.9332
BLOCK06/SES069/SA069S27	SES226	0.360252	-43.5729	-43.9332
BLOCK06/SES069/SA069S27	SES270	0.0127182	-43.9204	-43.9332
BLOCK08/SES081/SA081S11	SES060	-0.112988	-44.8642	-44.7512
BLOCK08/SES081/SA081S11	SES062	-0.907059	-45.6582	-44.7512
BLOCK08/SES081/SA081S11	SES117	-0.568726	-45.3199	-44.7512
BLOCK08/SES081/SA081S11	SES162	-0.165268	-44.9164	-44.7512
BLOCK08/SES081/SA081S13	SES016	-0.329746	-44.0498	-43.7201
BLOCK08/SES081/SA081S13	SES060	0.418846	-43.3012	-43.7201
BLOCK08/SES081/SA081S13	SES068	0.0719719	-43.6481	-43.7201
BLOCK08/SES081/SA081S13	SES129	-0.495449	-44.2155	-43.7201
BLOCK08/SES081/SA081S24	SES060	0.231953	-43.9723	-44.2043
BLOCK08/SES081/SA081S24	SES068	0.0811195	-44.1232	-44.2043
BLOCK08/SES081/SA081S24	SES117	-0.463802	-44.6681	-44.2043
BLOCK08/SES081/SA081S24	SES275	-0.0161552	-44.2204	-44.2043
BLOCK08/SES081/SA081S27	SES007	0.0756302	-44.3309	-44.4065
BLOCK08/SES081/SA081S27	SES060	0.00282288	-44.4037	-44.4065
BLOCK08/SES081/SA081S27	SES117	-0.207516	-44.614	-44.4065
BLOCK08/SES081/SA081S27	SES275	-0.351692	-44.7582	-44.4065
BLOCK08/SES081/SA081S29	SES007	0.14109	-44.0686	-44.2097
BLOCK08/SES081/SA081S29	SES060	0.500271	-43.7094	-44.2097
BLOCK08/SES081/SA081S29	SES117	-0.329643	-44.5393	-44.2097
BLOCK08/SES081/SA081S29	SES275	-0.0645447	-44.2742	-44.2097
BLOCK08/SES086/SA086S11	SES029	-1.09853	-46.1834	-45.0849
BLOCK08/SES086/SA086S11	SES082	-0.0952034	-45.1801	-45.0849
BLOCK08/SES086/SA086S11	SES087	-0.702274	-45.7871	-45.0849
BLOCK08/SES086/SA086S11	SES206	-0.393482	-45.4784	-45.0849
BLOCK08/SES086/SA086S12	SES029	-0.885021	-45.6299	-44.7449
BLOCK08/SES086/SA086S12	SES082	-0.0208664	-44.7658	-44.7449
BLOCK08/SES086/SA086S12	SES087	0.190975	-44.5539	-44.7449
BLOCK08/SES086/SA086S12	SES206	0.180908	-44.564	-44.7449
BLOCK08/SES086/SA086S20	SES029	-1.03984	-45.1541	-44.1143
BLOCK08/SES086/SA086S20	SES082	-0.595222	-44.7095	-44.1143
BLOCK08/SES086/SA086S20	SES087	0.122307	-43.992	-44.1143
BLOCK08/SES086/SA086S20	SES206	0.524544	-43.5897	-44.1143
BLOCK08/SES086/SA086S24	SES087	0.197369	-44.772	-44.9694
BLOCK08/SES086/SA086S24	SES104	-0.441593	-45.4109	-44.9694
BLOCK08/SES086/SA086S24	SES120	-0.987625	-45.957	-44.9694
BLOCK08/SES086/SA086S24	SES206	0.305042	-44.6643	-44.9694
BLOCK08/SES086/SA086S28	SES029	-1.03762	-45.0776	-44.04
BLOCK08/SES086/SA086S28	SES082	-0.514534	-44.5545	-44.04
BLOCK08/SES086/SA086S28	SES087	0.301582	-43.7384	-44.04
BLOCK08/SES086/SA086S28	SES206	0.21677	-43.8232	-44.04
BLOCK08/SES089/SA089S13	SES087	-0.744263	-45.1645	-44.4202
BLOCK08/SES089/SA089S13	SES206	-0.526836	-44.9471	-44.4202
BLOCK08/SES089/SA089S13	SES226	-0.459038	-44.8793	-44.4202
BLOCK08/SES089/SA089S13	SES270	-0.733612	-45.1539	-44.4202
BLOCK08/SES089/SA089S14	SES062	-0.860355	-44.1847	-43.3243
BLOCK08/SES089/SA089S14	SES087	-0.0267334	-43.3511	-43.3243
BLOCK08/SES089/SA089S14	SES206	-0.252487	-43.5768	-43.3243
BLOCK08/SES089/SA089S14	SES226	-0.211159	-43.5355	-43.3243
BLOCK08/SES089/SA089S23	SES087	-0.199421	-44.2954	-44.096
BLOCK08/SES089/SA089S23	SES206	-0.264702	-44.3607	-44.096
BLOCK08/SES089/SA089S23	SES226	-0.452484	-44.5484	-44.096
BLOCK08/SES089/SA089S23	SES270	-1.02184	-45.1178	-44.096
BLOCK08/SES089/SA089S25	SES062	-0.98175	-44.7565	-43.7748
BLOCK08/SES089/SA089S25	SES087	-0.258957	-44.0337	-43.7748
BLOCK08/SES089/SA089S25	SES206	-0.541664	-44.3164	-43.7748
BLOCK08/SES089/SA089S25	SES226	-0.082737	-43.8575	-43.7748
BLOCK08/SES089/SA089S28	SES062	-0.643547	-44.1565	-43.513
BLOCK08/SES089/SA089S28	SES087	-0.305256	-43.8183	-43.513
BLOCK08/SES089/SA089S28	SES206	-0.409424	-43.9224	-43.513
BLOCK08/SES089/SA089S28	SES226	-0.216499	-43.7295	-43.513
BLOCK09/SES097/SA097S11	SES099	0.539177	-44.3445	-44.8837
BLOCK09/SES097/SA097S11	SES125	0.208393	-44.6753	-44.8837
BLOCK09/SES097/SA097S11	SES206	-0.191349	-45.075	-44.8837
BLOCK09/SES097/SA097S11	SES226	0.0203285	-44.8634	-44.8837
BLOCK09/SES097/SA097S14	SES062	-1.08979	-45.9194	-44.8297
BLOCK09/SES097/SA097S14	SES099	0.231438	-44.5982	-44.8297
BLOCK09/SES097/SA097S14	SES104	-0.283451	-45.1131	-44.8297
BLOCK09/SES097/SA097S14	SES206	-0.518433	-45.3481	-44.8297
BLOCK09/SES097/SA097S22	SES099	0.862396	-44.4736	-45.336
BLOCK09/SES097/SA097S22	SES206	0.165314	-45.1707	-45.336
BLOCK09/SES097/SA097S22	SES226	-0.265991	-45.602	-45.336
BLOCK09/SES097/SA097S22	SES270	0.579414	-44.7566	-45.336
BLOCK09/SES097/SA097S26	SES099	0.425987	-44.4015	-44.8275
BLOCK09/SES097/SA097S26	SES120	-0.862347	-45.6898	-44.8275
BLOCK09/SES097/SA097S26	SES206	-0.587715	-45.4152	-44.8275
BLOCK09/SES097/SA097S26	SES226	-0.346943	-45.1744	-44.8275
BLOCK09/SES097/SA097S28	SES099	0.160305	-44.4292	-44.5895
BLOCK09/SES097/SA097S28	SES120	-0.940437	-45.5299	-44.5895
BLOCK09/SES097/SA097S28	SES206	-0.759537	-45.349	-44.5895
BLOCK09/SES097/SA097S28	SES226	-0.307823	-44.8973	-44.5895
BLOCK09/SES098/SA098S11	SES127	-1.54107	-47.5501	-46.0091
BLOCK09/SES098/SA098S11	SES144	-0.32198	-46.331	-46.0091
BLOCK09/SES098/SA098S11	SES147	-0.172806	-46.1819	-46.0091
BLOCK09/SES098/SA098S11	SES148	-0.880608	-46.8897	-46.0091
BLOCK09/SES098/SA098S12	SES127	-2.37356	-49.5011	-47.1275
BLOCK09/SES098/SA098S12	SES144	-0.470448	-47.5979	-47.1275
BLOCK09/SES098/SA098S12	SES147	-0.285294	-47.4128	-47.1275
BLOCK09/SES098/SA098S12	SES189	-0.344738	-47.4722	-47.1275
BLOCK09/SES098/SA098S20	SES127	-1.91138	-48.5175	-46.6062
BLOCK09/SES098/SA098S20	SES147	-0.219063	-46.8252	-46.6062
BLOCK09/SES098/SA098S20	SES148	-0.631317	-47.2375	-46.6062
BLOCK09/SES098/SA098S20	SES292	-1.08126	-47.6874	-46.6062
BLOCK09/SES098/SA098S23	SES127	-1.09443	-46.3359	-45.2414
BLOCK09/SES098/SA098S23	SES147	-0.222168	-45.4636	-45.2414
BLOCK09/SES098/SA098S23	SES187	-0.30249	-45.5439	-45.2414
BLOCK09/SES098/SA098S23	SES292	-0.509945	-45.7514	-45.2414
BLOCK09/SES098/SA098S27	SES127	-1.41131	-47.056	-45.6447
BLOCK09/SES098/SA098S27	SES147	-0.470463	-46.1151	-45.6447
BLOCK09/SES098/SA098S27	SES148	-0.868908	-46.5136	-45.6447
BLOCK09/SES098/SA098S27	SES292	-0.54863	-46.1933	-45.6447
BLOCK10/SES102/SA102S13	SES101	0.062439	-44.353	-44.4154
BLOCK10/SES102/SA102S13	SES105	-0.467861	-44.8833	-44.4154
BLOCK10/SES102/SA102S13	SES120	-0.51001	-44.9254	-44.4154
BLOCK10/SES102/SA102S13	SES158	-3.09392	-47.5094	-44.4154
BLOCK10/SES102/SA102S14	SES007	0.360165	-44.2271	-44.5873
BLOCK10/SES102/SA102S14	SES101	0.451981	-44.1353	-44.5873
BLOCK10/SES102/SA102S14	SES105	-0.148441	-44.7357	-44.5873
BLOCK10/SES102/SA102S14	SES147	0.118443	-44.4688	-44.5873
BLOCK10/SES102/SA102S22	SES007	0.0439262	-43.8176	-43.8615
BLOCK10/SES102/SA102S22	SES101	-0.2215	-44.083	-43.8615
BLOCK10/SES102/SA102S22	SES105	-0.125793	-43.9873	-43.8615
BLOCK10/SES102/SA102S22	SES158	-1.70713	-45.5686	-43.8615
BLOCK10/SES102/SA102S25	SES007	0.0812607	-43.7339	-43.8152
BLOCK10/SES102/SA102S25	SES101	0.0463753	-43.7688	-43.8152
BLOCK10/SES102/SA102S25	SES105	-0.125702	-43.9409	-43.8152
BLOCK10/SES102/SA102S25	SES147	-0.180553	-43.9958	-43.8152
BLOCK10/SES102/SA102S27	SES007	-0.0756531	-44.9022	-44.8266
BLOCK10/SES102/SA102S27	SES101	-0.0594025	-44.886	-44.8266
BLOCK10/SES102/SA102S27	SES105	-0.0257072	-44.8523	-44.8266
BLOCK10/SES102/SA102S27	SES147	-0.1101	-44.9367	-44.8266
BLOCK10/SES103/SA103S14	SES105	-0.470257	-44.9222	-44.452
BLOCK10/SES103/SA103S14	SES106	-0.355408	-44.8074	-44.452
BLOCK10/SES103/SA103S14	SES120	-1.14457	-45.5965	-44.452
BLOCK10/SES103/SA103S14	SES206	-0.849445	-45.3014	-44.452
BLOCK10/SES103/SA103S15	SES099	-0.317547	-45.9651	-45.6475
BLOCK10/SES103/SA103S15	SES101	-1.68623	-47.3338	-45.6475
BLOCK10/SES103/SA103S15	SES104	-0.598057	-46.2456	-45.6475
BLOCK10/SES103/SA103S15	SES125	-0.835667	-46.4832	-45.6475
BLOCK10/SES103/SA103S24	SES104	-0.919865	-45.3042	-44.3843
BLOCK10/SES103/SA103S24	SES125	-0.869072	-45.2534	-44.3843
BLOCK10/SES103/SA103S24	SES148	-1.43068	-45.815	-44.3843
BLOCK10/SES103/SA103S24	SES158	-0.419956	-44.8042	-44.3843
BLOCK10/SES103/SA103S26	SES104	-1.02375	-45.5868	-44.563
BLOCK10/SES103/SA103S26	SES106	-0.425392	-44.9884	-44.563
BLOCK10/SES103/SA103S26	SES125	-1.19797	-45.761	-44.563
BLOCK10/SES103/SA103S26	SES148	-1.27716	-45.8402	-44.563
BLOCK10/SES103/SA103S28	SES104	-0.817875	-46.3245	-45.5066
BLOCK10/SES103/SA103S28	SES106	-0.0270309	-45.5336	-45.5066
BLOCK10/SES103/SA103S28	SES125	-1.05309	-46.5597	-45.5066
BLOCK10/SES103/SA103S28	SES206	-0.940941	-46.4475	-45.5066
BLOCK12/SES121/SA121S12	SES042	-0.933865	-46.3762	-45.4423
BLOCK12/SES121/SA121S12	SES087	-0.495457	-45.9377	-45.4423
BLOCK12/SES121/SA121S12	SES105	-0.28825	-45.7305	-45.4423
BLOCK12/SES121/SA121S12	SES206	-0.267689	-45.71	-45.4423
BLOCK12/SES121/SA121S14	SES007	-1.24023	-47.1241	-45.8839
BLOCK12/SES121/SA121S14	SES105	-0.626602	-46.5105	-45.8839
BLOCK12/SES121/SA121S14	SES106	-0.519253	-46.4031	-45.8839
BLOCK12/SES121/SA121S14	SES206	-0.468388	-46.3523	-45.8839
BLOCK12/SES121/SA121S23	SES105	-0.786835	-47.5784	-46.7916
BLOCK12/SES121/SA121S23	SES106	-0.17947	-46.971	-46.7916
BLOCK12/SES121/SA121S23	SES120	-1.6083	-48.3999	-46.7916
BLOCK12/SES121/SA121S23	SES206	-0.772648	-47.5642	-46.7916
BLOCK12/SES121/SA121S25	SES007	-1.15257	-47.7608	-46.6082
BLOCK12/SES121/SA121S25	SES105	-0.829872	-47.4381	-46.6082
BLOCK12/SES121/SA121S25	SES106	-0.439621	-47.0478	-46.6082
BLOCK12/SES121/SA121S25	SES206	-0.884136	-47.4924	-46.6082
BLOCK12/SES121/SA121S27	SES087	-0.394554	-46.3644	-45.9699
BLOCK12/SES121/SA121S27	SES105	-0.884991	-46.8549	-45.9699
BLOCK12/SES121/SA121S27	SES120	-1.22351	-47.1934	-45.9699
BLOCK12/SES121/SA121S27	SES206	-0.108788	-46.0787	-45.9699
BLOCK12/SES124/SA124S16	SES042	0.274273	-43.7297	-44.004
BLOCK12/SES124/SA124S16	SES082	-0.344925	-44.3489	-44.004
BLOCK12/SES124/SA124S16	SES183	-1.36989	-45.3739	-44.004
BLOCK12/SES124/SA124S16	SES206	-0.000823975	-44.0048	-44.004
BLOCK12/SES124/SA124S17	SES105	-0.68948	-45.5755	-44.886
BLOCK12/SES124/SA124S17	SES149	-0.994736	-45.8807	-44.886
BLOCK12/SES124/SA124S17	SES158	-0.611889	-45.4979	-44.886
BLOCK12/SES124/SA124S17	SES275	-1.31611	-46.2021	-44.886
BLOCK12/SES124/SA124S23	SES105	-0.554123	-43.6427	-43.0886
BLOCK12/SES124/SA124S23	SES125	0.34568	-42.7429	-43.0886
BLOCK12/SES124/SA124S23	SES129	-1.58913	-44.6777	-43.0886
BLOCK12/SES124/SA124S23	SES158	0.0708809	-43.0177	-43.0886
BLOCK12/SES124/SA124S26	SES105	-0.737152	-44.8059	-44.0688
BLOCK12/SES124/SA124S26	SES125	0.326851	-43.7419	-44.0688
BLOCK12/SES124/SA124S26	SES129	-2.28059	-46.3494	-44.0688
BLOCK12/SES124/SA124S26	SES158	-0.0213356	-44.0901	-44.0688
BLOCK12/SES124/SA124S28	SES104	-0.138721	-43.7854	-43.6467
BLOCK12/SES124/SA124S28	SES106	0.0294571	-43.6173	-43.6467
BLOCK12/SES124/SA124S28	SES125	0.0463448	-43.6004	-43.6467
BLOCK12/SES124/SA124S28	SES275	-1.45678	-45.1035	-43.6467
BLOCK12/SES126/SA126S13	SES007	0.00540924	-45.2888	-45.2942
BLOCK12/SES126/SA126S13	SES162	-0.262852	-45.5571	-45.2942
BLOCK12/SES126/SA126S13	SES177	-0.246857	-45.5411	-45.2942
BLOCK12/SES126/SA126S13	SES180	-0.214859	-45.5091	-45.2942
BLOCK12/SES126/SA126S14	SES144	-0.00834656	-43.7892	-43.7809
BLOCK12/SES126/SA126S14	SES148	-0.0098381	-43.7907	-43.7809
BLOCK12/SES126/SA126S14	SES177	0.218094	-43.5628	-43.7809
BLOCK12/SES126/SA126S14	SES180	0.310898	-43.47	-43.7809
BLOCK12/SES126/SA126S20	SES007	-0.225002	-44.6759	-44.4509
BLOCK12/SES126/SA126S20	SES162	-0.566513	-45.0174	-44.4509
BLOCK12/SES126/SA126S20	SES172	-1.17702	-45.6279	-44.4509
BLOCK12/SES126/SA126S20	SES180	-1.03021	-45.4811	-44.4509
BLOCK12/SES126/SA126S24	SES120	0.0118675	-44.2521	-44.264
BLOCK12/SES126/SA126S24	SES162	-0.157925	-44.4219	-44.264
BLOCK12/SES126/SA126S24	SES177	0.229248	-44.0347	-44.264
BLOCK12/SES126/SA126S24	SES180	0.202614	-44.0613	-44.264
BLOCK12/SES126/SA126S26	SES120	0.113853	-44.7571	-44.8709
BLOCK12/SES126/SA126S26	SES177	-0.545635	-45.4165	-44.8709
BLOCK12/SES126/SA126S26	SES180	-0.0263062	-44.8972	-44.8709
BLOCK12/SES126/SA126S26	SES202	-0.357754	-45.2287	-44.8709
BLOCK12/SES128/SA128S10	SES087	-1.08804	-45.3097	-44.2216
BLOCK12/SES128/SA128S10	SES206	-0.563004	-44.7846	-44.2216
BLOCK12/SES128/SA128S10	SES226	-0.161381	-44.383	-44.2216
BLOCK12/SES128/SA128S10	SES270	-0.280495	-44.5021	-44.2216
BLOCK12/SES128/SA128S12	SES120	-1.03633	-45.5504	-44.5141
BLOCK12/SES128/SA128S12	SES158	-0.776165	-45.2902	-44.5141
BLOCK12/SES128/SA128S12	SES206	-0.179443	-44.6935	-44.5141
BLOCK12/SES128/SA128S12	SES226	-0.209908	-44.724	-44.5141
BLOCK12/SES128/SA128S21	SES106	-0.419441	-46.3169	-45.8975
BLOCK12/SES128/SA128S21	SES120	-0.923119	-46.8206	-45.8975
BLOCK12/SES128/SA128S21	SES206	-0.83416	-46.7316	-45.8975
BLOCK12/SES128/SA128S21	SES226	-0.403431	-46.3009	-45.8975
BLOCK12/SES128/SA128S24	SES087	-1.27736	-45.7644	-44.4871
BLOCK12/SES128/SA128S24	SES120	-0.594872	-45.0819	-44.4871
BLOCK12/SES128/SA128S24	SES206	-0.598225	-45.0853	-44.4871
BLOCK12/SES128/SA128S24	SES226	-0.578022	-45.0651	-44.4871
BLOCK12/SES128/SA128S27	SES099	-0.357605	-44.1668	-43.8092
BLOCK12/SES128/SA128S27	SES120	-0.888855	-44.698	-43.8092
BLOCK12/SES128/SA128S27	SES206	-0.601795	-44.411	-43.8092
BLOCK12/SES128/SA128S27	SES226	-0.372841	-44.182	-43.8092
BLOCK13/SES130/SA130S13	SES143	-0.781166	-46.6763	-45.8952
BLOCK13/SES130/SA130S13	SES144	-0.248692	-46.1438	-45.8952
BLOCK13/SES130/SA130S13	SES146	-0.815212	-46.7104	-45.8952
BLOCK13/SES130/SA130S13	SES275	-1.45745	-47.3526	-45.8952
BLOCK13/SES130/SA130S15	SES143	-0.293983	-44.7399	-44.4459
BLOCK13/SES130/SA130S15	SES144	-0.0228539	-44.4688	-44.4459
BLOCK13/SES130/SA130S15	SES146	-0.307224	-44.7531	-44.4459
BLOCK13/SES130/SA130S15	SES275	-0.346378	-44.7923	-44.4459
BLOCK13/SES130/SA130S23	SES127	-0.922287	-46.4361	-45.5138
BLOCK13/SES130/SA130S23	SES144	0.113235	-45.4006	-45.5138
BLOCK13/SES130/SA130S23	SES146	-0.134609	-45.6484	-45.5138
BLOCK13/SES130/SA130S23	SES162	-0.137783	-45.6516	-45.5138
BLOCK13/SES130/SA130S25	SES127	-0.426487	-44.9862	-44.5597
BLOCK13/SES130/SA130S25	SES144	0.250874	-44.3088	-44.5597
BLOCK13/SES130/SA130S25	SES146	0.156647	-44.4031	-44.5597
BLOCK13/SES130/SA130S25	SES275	-0.258636	-44.8183	-44.5597
BLOCK13/SES130/SA130S28	SES127	-0.106789	-44.8202	-44.7134
BLOCK13/SES130/SA130S28	SES144	-0.155144	-44.8686	-44.7134
BLOCK13/SES130/SA130S28	SES146	-0.0888214	-44.8023	-44.7134
BLOCK13/SES130/SA130S28	SES275	0.0730247	-44.6404	-44.7134
BLOCK13/SES131/SA131S13	SES002	-0.99165	-47.0094	-46.0177
BLOCK13/SES131/SA131S13	SES007	-1.05965	-47.0774	-46.0177
BLOCK13/SES131/SA131S13	SES099	-0.666229	-46.6839	-46.0177
BLOCK13/SES131/SA131S13	SES105	-0.670773	-46.6885	-46.0177
BLOCK13/SES131/SA131S14	SES104	-0.373329	-45.0551	-44.6817
BLOCK13/SES131/SA131S14	SES106	0.203732	-44.478	-44.6817
BLOCK13/SES131/SA131S14	SES125	-0.880638	-45.5624	-44.6817
BLOCK13/SES131/SA131S14	SES148	-1.29522	-45.977	-44.6817
BLOCK13/SES131/SA131S20	SES104	-1.22691	-46.9625	-45.7356
BLOCK13/SES131/SA131S20	SES106	-0.108494	-45.8441	-45.7356
BLOCK13/SES131/SA131S20	SES125	-1.21684	-46.9524	-45.7356
BLOCK13/SES131/SA131S20	SES148	-1.48391	-47.2195	-45.7356
BLOCK13/SES131/SA131S22	SES099	0.145428	-44.3572	-44.5027
BLOCK13/SES131/SA131S22	SES104	-0.587982	-45.0907	-44.5027
BLOCK13/SES131/SA131S22	SES125	-0.515202	-45.0179	-44.5027
BLOCK13/SES131/SA131S22	SES206	-0.446995	-44.9497	-44.5027
BLOCK13/SES131/SA131S29	SES087	-0.698891	-46.2124	-45.5135
BLOCK13/SES131/SA131S29	SES104	-1.14336	-46.6569	-45.5135
BLOCK13/SES131/SA131S29	SES125	-0.993614	-46.5071	-45.5135
BLOCK13/SES131/SA131S29	SES206	-0.626564	-46.1401	-45.5135
BLOCK13/SES132/SA132S11	SES083	-0.484051	-43.9416	-43.4575
BLOCK13/SES132/SA132S11	SES120	0.0689163	-43.3886	-43.4575
BLOCK13/SES132/SA132S11	SES127	-0.166412	-43.6239	-43.4575
BLOCK13/SES132/SA132S11	SES275	-0.221268	-43.6788	-43.4575
BLOCK13/SES132/SA132S12	SES083	-0.45615	-43.9909	-43.5348
BLOCK13/SES132/SA132S12	SES143	-0.213581	-43.7483	-43.5348
BLOCK13/SES132/SA132S12	SES144	-0.00558853	-43.5404	-43.5348
BLOCK13/SES132/SA132S12	SES148	0.0676956	-43.4671	-43.5348
BLOCK13/SES132/SA132S22	SES062	-0.355694	-44.1382	-43.7825
BLOCK13/SES132/SA132S22	SES083	-0.398968	-44.1815	-43.7825
BLOCK13/SES132/SA132S22	SES127	-0.222191	-44.0047	-43.7825
BLOCK13/SES132/SA132S22	SES275	0.186672	-43.5959	-43.7825
BLOCK13/SES132/SA132S24	SES007	-0.217922	-43.825	-43.6071
BLOCK13/SES132/SA132S24	SES083	-0.438129	-44.0452	-43.6071
BLOCK13/SES132/SA132S24	SES127	-0.356598	-43.9637	-43.6071
BLOCK13/SES132/SA132S24	SES275	-0.3172	-43.9243	-43.6071
BLOCK13/SES132/SA132S27	SES083	-0.766739	-45.1208	-44.3541
BLOCK13/SES132/SA132S27	SES120	0.0700645	-44.284	-44.3541
BLOCK13/SES132/SA132S27	SES127	-0.749825	-45.1039	-44.3541
BLOCK13/SES132/SA132S27	SES275	-0.458	-44.8121	-44.3541
BLOCK14/SES141/SA141S09	SES143	-0.246845	-44.1882	-43.9414
BLOCK14/SES141/SA141S09	SES144	-0.0902863	-44.0317	-43.9414
BLOCK14/SES141/SA141S09	SES162	-0.1511	-44.0925	-43.9414
BLOCK14/SES141/SA141S09	SES180	-0.194313	-44.1357	-43.9414
BLOCK14/SES141/SA141S15	SES127	0.303246	-43.3308	-43.634
BLOCK14/SES141/SA141S15	SES144	-0.0253258	-43.6593	-43.634
BLOCK14/SES141/SA141S15	SES162	-0.038887	-43.6729	-43.634
BLOCK14/SES141/SA141S15	SES180	-0.0388031	-43.6728	-43.634
BLOCK14/SES141/SA141S24	SES127	0.24876	-43.5444	-43.7931
BLOCK14/SES141/SA141S24	SES144	-0.461082	-44.2542	-43.7931
BLOCK14/SES141/SA141S24	SES162	-0.155045	-43.9482	-43.7931
BLOCK14/SES141/SA141S24	SES183	-0.129459	-43.9226	-43.7931
BLOCK14/SES141/SA141S26	SES142	0.498718	-43.8131	-44.3118
BLOCK14/SES141/SA141S26	SES144	-0.0871582	-44.399	-44.3118
BLOCK14/SES141/SA141S26	SES172	0.051178	-44.2606	-44.3118
BLOCK14/SES141/SA141S26	SES180	0.383873	-43.928	-44.3118
BLOCK14/SES141/SA141S29	SES127	0.252167	-43.7125	-43.9646
BLOCK14/SES141/SA141S29	SES142	0.104782	-43.8599	-43.9646
BLOCK14/SES141/SA141S29	SES144	-0.328239	-44.2929	-43.9646
BLOCK14/SES141/SA141S29	SES180	0.332031	-43.6326	-43.9646
BLOCK15/SES157/SA157S08	SES083	-0.633968	-44.4687	-43.8347
BLOCK15/SES157/SA157S08	SES127	-0.824268	-44.659	-43.8347
BLOCK15/SES157/SA157S08	SES148	-0.239403	-44.0741	-43.8347
BLOCK15/SES157/SA157S08	SES292	-0.369602	-44.2043	-43.8347
BLOCK15/SES157/SA157S11	SES083	-0.693264	-45.2364	-44.5431
BLOCK15/SES157/SA157S11	SES127	-1.20612	-45.7493	-44.5431
BLOCK15/SES157/SA157S11	SES148	-0.414524	-44.9577	-44.5431
BLOCK15/SES157/SA157S11	SES292	-0.741451	-45.2846	-44.5431
BLOCK15/SES157/SA157S21	SES127	-1.09535	-45.3714	-44.276
BLOCK15/SES157/SA157S21	SES148	-0.307316	-44.5833	-44.276
BLOCK15/SES157/SA157S21	SES158	-1.95626	-46.2323	-44.276
BLOCK15/SES157/SA157S21	SES292	-0.411076	-44.6871	-44.276
BLOCK15/SES157/SA157S24	SES127	-0.477024	-44.0442	-43.5672
BLOCK15/SES157/SA157S24	SES148	-0.291008	-43.8582	-43.5672
BLOCK15/SES157/SA157S24	SES183	-0.319134	-43.8863	-43.5672
BLOCK15/SES157/SA157S24	SES292	-0.121712	-43.6889	-43.5672
BLOCK15/SES157/SA157S26	SES007	-0.245296	-44.0693	-43.824
BLOCK15/SES157/SA157S26	SES127	0.000473022	-43.8235	-43.824
BLOCK15/SES157/SA157S26	SES147	-0.0767784	-43.9007	-43.824
BLOCK15/SES157/SA157S26	SES148	-0.158493	-43.9824	-43.824
BLOCK16/SES161/SA161S10	SES007	-0.988083	-45.9291	-44.9411
BLOCK16/SES161/SA161S10	SES105	-0.576267	-45.5173	-44.9411
BLOCK16/SES161/SA161S10	SES158	-0.884621	-45.8257	-44.9411
BLOCK16/SES161/SA161S10	SES275	-0.897743	-45.8388	-44.9411
BLOCK16/SES161/SA161S12	SES007	-0.827122	-45.5611	-44.7339
BLOCK16/SES161/SA161S12	SES105	-0.608101	-45.342	-44.7339
BLOCK16/SES161/SA161S12	SES158	-0.669693	-45.4036	-44.7339
BLOCK16/SES161/SA161S12	SES275	-0.818577	-45.5525	-44.7339
BLOCK16/SES161/SA161S20	SES007	-0.921417	-46.4108	-45.4894
BLOCK16/SES161/SA161S20	SES105	-0.64291	-46.1323	-45.4894
BLOCK16/SES161/SA161S20	SES158	-1.03862	-46.528	-45.4894
BLOCK16/SES161/SA161S20	SES275	-1.31333	-46.8027	-45.4894
BLOCK16/SES161/SA161S23	SES007	-0.738182	-45.3324	-44.5943
BLOCK16/SES161/SA161S23	SES105	-0.336697	-44.931	-44.5943
BLOCK16/SES161/SA161S23	SES148	-0.713146	-45.3074	-44.5943
BLOCK16/SES161/SA161S23	SES158	-0.84972	-45.444	-44.5943
BLOCK16/SES161/SA161S28	SES007	-1.0505	-46.0832	-45.0327
BLOCK16/SES161/SA161S28	SES105	-0.731434	-45.7642	-45.0327
BLOCK16/SES161/SA161S28	SES158	-0.47694	-45.5097	-45.0327
BLOCK16/SES161/SA161S28	SES206	-0.78199	-45.8147	-45.0327
BLOCK16/SES164/SA164S11	SES104	-1.12814	-45.2504	-44.1222
BLOCK16/SES164/SA164S11	SES125	-0.829315	-44.9515	-44.1222
BLOCK16/SES164/SA164S11	SES158	0.181805	-43.9404	-44.1222
BLOCK16/SES164/SA164S11	SES206	-0.96133	-45.0836	-44.1222
BLOCK16/SES164/SA164S13	SES099	-0.484123	-45.9739	-45.4897
BLOCK16/SES164/SA164S13	SES104	-1.39629	-46.886	-45.4897
BLOCK16/SES164/SA164S13	SES125	-1.46517	-46.9549	-45.4897
BLOCK16/SES164/SA164S13	SES206	-1.17493	-46.6647	-45.4897
BLOCK16/SES164/SA164S24	SES002	-0.122726	-44.881	-44.7582
BLOCK16/SES164/SA164S24	SES099	0.141834	-44.6164	-44.7582
BLOCK16/SES164/SA164S24	SES125	-0.992115	-45.7503	-44.7582
BLOCK16/SES164/SA164S24	SES226	0.124454	-44.6338	-44.7582
BLOCK16/SES164/SA164S27	SES087	-1.21798	-46.024	-44.806
BLOCK16/SES164/SA164S27	SES125	-1.29922	-46.1052	-44.806
BLOCK16/SES164/SA164S27	SES206	-0.95668	-45.7627	-44.806
BLOCK16/SES164/SA164S27	SES226	-0.417404	-45.2234	-44.806
BLOCK16/SES164/SA164S29	SES002	-0.686077	-45.3931	-44.707
BLOCK16/SES164/SA164S29	SES019	-1.07761	-45.7846	-44.707
BLOCK16/SES164/SA164S29	SES125	-0.69355	-45.4005	-44.707
BLOCK16/SES164/SA164S29	SES226	-0.311695	-45.0187	-44.707
BLOCK16/SES169/SA169S13	SES117	-0.256382	-44.7205	-44.4641
BLOCK16/SES169/SA169S13	SES144	-0.133392	-44.5975	-44.4641
BLOCK16/SES169/SA169S13	SES146	-0.339104	-44.8032	-44.4641
BLOCK16/SES169/SA169S13	SES162	-0.690487	-45.1546	-44.4641
BLOCK16/SES169/SA169S14	SES144	-0.148651	-43.9549	-43.8062
BLOCK16/SES169/SA169S14	SES148	-0.19746	-44.0037	-43.8062
BLOCK16/SES169/SA169S14	SES177	-0.461617	-44.2678	-43.8062
BLOCK16/SES169/SA169S14	SES180	-0.548977	-44.3552	-43.8062
BLOCK16/SES169/SA169S24	SES117	-0.388775	-45.3679	-44.9791
BLOCK16/SES169/SA169S24	SES144	-0.163013	-45.1421	-44.9791
BLOCK16/SES169/SA169S24	SES146	-0.378189	-45.3573	-44.9791
BLOCK16/SES169/SA169S24	SES162	-0.48909	-45.4682	-44.9791
BLOCK16/SES169/SA169S27	SES127	-0.346069	-44.1227	-43.7766
BLOCK16/SES169/SA169S27	SES129	-0.120926	-43.8975	-43.7766
BLOCK16/SES169/SA169S27	SES144	-0.283516	-44.0601	-43.7766
BLOCK16/SES169/SA169S27	SES146	0.0166626	-43.7599	-43.7766
BLOCK16/SES169/SA169S29	SES144	-0.0596542	-43.4812	-43.4216
BLOCK16/SES169/SA169S29	SES162	-0.366592	-43.7881	-43.4216
BLOCK16/SES169/SA169S29	SES177	-0.472748	-43.8943	-43.4216
BLOCK16/SES169/SA169S29	SES180	-0.214077	-43.6356	-43.4216
BLOCK17/SES171/SA171S12	SES083	-0.661251	-45.0847	-44.4234
BLOCK17/SES171/SA171S12	SES148	-0.371975	-44.7954	-44.4234
BLOCK17/SES171/SA171S12	SES172	-0.595886	-45.0193	-44.4234
BLOCK17/SES171/SA171S12	SES292	-0.662182	-45.0856	-44.4234
BLOCK17/SES171/SA171S15	SES148	-0.492641	-45.9155	-45.4229
BLOCK17/SES171/SA171S15	SES177	-0.766544	-46.1894	-45.4229
BLOCK17/SES171/SA171S15	SES180	-1.70971	-47.1326	-45.4229
BLOCK17/SES171/SA171S15	SES292	-1.12986	-46.5527	-45.4229
BLOCK17/SES171/SA171S22	SES007	-0.406071	-44.4193	-44.0132
BLOCK17/SES171/SA171S22	SES148	0.0650139	-43.9482	-44.0132
BLOCK17/SES171/SA171S22	SES177	0.0523643	-43.9609	-44.0132
BLOCK17/SES171/SA171S22	SES180	-0.588985	-44.6022	-44.0132
BLOCK17/SES171/SA171S25	SES101	-0.610523	-46.3671	-45.7565
BLOCK17/SES171/SA171S25	SES120	-0.963085	-46.7196	-45.7565
BLOCK17/SES171/SA171S25	SES177	-0.836632	-46.5932	-45.7565
BLOCK17/SES171/SA171S25	SES180	-1.61818	-47.3747	-45.7565
BLOCK17/SES171/SA171S27	SES177	-0.51461	-45.4913	-44.9767
BLOCK17/SES171/SA171S27	SES180	-1.20914	-46.1858	-44.9767
BLOCK17/SES171/SA171S27	SES189	-0.348534	-45.3252	-44.9767
BLOCK17/SES171/SA171S27	SES292	-0.755352	-45.7321	-44.9767
BLOCK17/SES173/SA173S13	SES162	-0.557449	-45.4826	-44.9252
BLOCK17/SES173/SA173S13	SES177	-0.411549	-45.3367	-44.9252
BLOCK17/SES173/SA173S13	SES180	-0.894222	-45.8194	-44.9252
BLOCK17/SES173/SA173S13	SES292	-0.333206	-45.2584	-44.9252
BLOCK17/SES173/SA173S14	SES007	-0.339645	-45.9304	-45.5908
BLOCK17/SES173/SA173S14	SES162	-0.689739	-46.2805	-45.5908
BLOCK17/SES173/SA173S14	SES177	-0.452309	-46.0431	-45.5908
BLOCK17/SES173/SA173S14	SES180	-1.1876	-46.7784	-45.5908
BLOCK17/SES173/SA173S24	SES144	-0.412476	-46.1699	-45.7575
BLOCK17/SES173/SA173S24	SES162	-0.689304	-46.4468	-45.7575
BLOCK17/SES173/SA173S24	SES177	-0.761791	-46.5193	-45.7575
BLOCK17/SES173/SA173S24	SES180	-1.18896	-46.9464	-45.7575
BLOCK17/SES173/SA173S27	SES162	-0.79353	-45.4939	-44.7004
BLOCK17/SES173/SA173S27	SES177	-0.549183	-45.2496	-44.7004
BLOCK17/SES173/SA173S27	SES180	-0.74152	-45.4419	-44.7004
BLOCK17/SES173/SA173S27	SES292	-0.247482	-44.9479	-44.7004
BLOCK17/SES173/SA173S29	SES162	-0.604492	-46.556	-45.9515
BLOCK17/SES173/SA173S29	SES175	-0.404461	-46.3559	-45.9515
BLOCK17/SES173/SA173S29	SES177	-0.50835	-46.4598	-45.9515
BLOCK17/SES173/SA173S29	SES292	-0.561443	-46.5129	-45.9515
BLOCK18/SES182/SA182S10	SES144	-0.156982	-43.5763	-43.4193
BLOCK18/SES182/SA182S10	SES177	0.0846558	-43.3346	-43.4193
BLOCK18/SES182/SA182S10	SES180	-0.390236	-43.8095	-43.4193
BLOCK18/SES182/SA182S10	SES275	-0.0759888	-43.4953	-43.4193
BLOCK18/SES182/SA182S12	SES144	-0.0655823	-43.5892	-43.5236
BLOCK18/SES182/SA182S12	SES177	-0.342457	-43.8661	-43.5236
BLOCK18/SES182/SA182S12	SES180	-0.540234	-44.0639	-43.5236
BLOCK18/SES182/SA182S12	SES275	-0.109268	-43.6329	-43.5236
BLOCK18/SES182/SA182S21	SES117	-0.255627	-45.036	-44.7804
BLOCK18/SES182/SA182S21	SES144	-0.1096	-44.89	-44.7804
BLOCK18/SES182/SA182S21	SES162	-0.0333138	-44.8137	-44.7804
BLOCK18/SES182/SA182S21	SES180	-0.0922165	-44.8726	-44.7804
BLOCK18/SES182/SA182S23	SES117	-0.31237	-44.4115	-44.0991
BLOCK18/SES182/SA182S23	SES144	-0.442657	-44.5418	-44.0991
BLOCK18/SES182/SA182S23	SES180	-0.549324	-44.6484	-44.0991
BLOCK18/SES182/SA182S23	SES275	0.279659	-43.8195	-44.0991
BLOCK18/SES182/SA182S25	SES007	0.100018	-44.6111	-44.7112
BLOCK18/SES182/SA182S25	SES162	-0.0143776	-44.7255	-44.7112
BLOCK18/SES182/SA182S25	SES177	-0.0344429	-44.7456	-44.7112
BLOCK18/SES182/SA182S25	SES180	-0.335873	-45.047	-44.7112
BLOCK18/SES184/SA184S12	SES177	-0.26059	-44.9078	-44.6473
BLOCK18/SES184/SA184S12	SES180	-0.65752	-45.3048	-44.6473
BLOCK18/SES184/SA184S12	SES189	-0.310146	-44.9574	-44.6473
BLOCK18/SES184/SA184S12	SES292	-0.415302	-45.0626	-44.6473
BLOCK18/SES184/SA184S13	SES101	-0.391392	-45.1662	-44.7748
BLOCK18/SES184/SA184S13	SES177	-0.220455	-44.9953	-44.7748
BLOCK18/SES184/SA184S13	SES180	-0.448307	-45.2231	-44.7748
BLOCK18/SES184/SA184S13	SES292	-0.227489	-45.0023	-44.7748
BLOCK18/SES184/SA184S22	SES177	-0.10313	-44.7576	-44.6545
BLOCK18/SES184/SA184S22	SES180	0.237354	-44.4171	-44.6545
BLOCK18/SES184/SA184S22	SES189	-0.408943	-45.0634	-44.6545
BLOCK18/SES184/SA184S22	SES292	-0.0210342	-44.6755	-44.6545
BLOCK18/SES184/SA184S25	SES101	-0.0417671	-43.8001	-43.7583
BLOCK18/SES184/SA184S25	SES177	0.0717506	-43.6865	-43.7583
BLOCK18/SES184/SA184S25	SES180	0.0245018	-43.7338	-43.7583
BLOCK18/SES184/SA184S25	SES292	0.0266609	-43.7316	-43.7583
BLOCK18/SES184/SA184S27	SES083	-0.161953	-43.9643	-43.8023
BLOCK18/SES184/SA184S27	SES177	-0.0630913	-43.8654	-43.8023
BLOCK18/SES184/SA184S27	SES202	-0.16967	-43.972	-43.8023
BLOCK18/SES184/SA184S27	SES292	-0.0272369	-43.8295	-43.8023
BLOCK20/SES204/SA204S12	SES062	-0.909119	-45.4122	-44.5031
BLOCK20/SES204/SA204S12	SES083	-0.956856	-45.4599	-44.5031
BLOCK20/SES204/SA204S12	SES206	-0.0800896	-44.5832	-44.5031
BLOCK20/SES204/SA204S12	SES226	-0.409958	-44.913	-44.5031
BLOCK20/SES204/SA204S14	SES068	-1.05055	-44.2851	-43.2346
BLOCK20/SES204/SA204S14	SES087	-0.230103	-43.4647	-43.2346
BLOCK20/SES204/SA204S14	SES206	-0.678818	-43.9134	-43.2346
BLOCK20/SES204/SA204S14	SES226	-0.366814	-43.6014	-43.2346
BLOCK20/SES204/SA204S22	SES068	-1.3085	-45.9053	-44.5968
BLOCK20/SES204/SA204S22	SES082	-1.28931	-45.8862	-44.5968
BLOCK20/SES204/SA204S22	SES083	-1.27165	-45.8685	-44.5968
BLOCK20/SES204/SA204S22	SES206	-0.583824	-45.1807	-44.5968
BLOCK20/SES204/SA204S25	SES062	-1.16947	-45.7616	-44.5921
BLOCK20/SES204/SA204S25	SES083	-1.25213	-45.8442	-44.5921
BLOCK20/SES204/SA204S25	SES206	-0.116768	-44.7089	-44.5921
BLOCK20/SES204/SA204S25	SES226	-0.232346	-44.8244	-44.5921
BLOCK20/SES204/SA204S27	SES068	-1.40395	-45.8441	-44.4402
BLOCK20/SES204/SA204S27	SES082	-0.583427	-45.0236	-44.4402
BLOCK20/SES204/SA204S27	SES087	-0.412212	-44.8524	-44.4402
BLOCK20/SES204/SA204S27	SES206	-0.358387	-44.7986	-44.4402
BLOCK20/SES207/SA207S10	SES127	-0.669258	-44.7231	-44.0538
BLOCK20/SES207/SA207S10	SES183	-0.128075	-44.1819	-44.0538
BLOCK20/SES207/SA207S10	SES189	-0.315617	-44.3695	-44.0538
BLOCK20/SES207/SA207S10	SES292	-0.300041	-44.3539	-44.0538
BLOCK20/SES207/SA207S11	SES127	-1.41961	-45.9498	-44.5301
BLOCK20/SES207/SA207S11	SES183	-0.122189	-44.6523	-44.5301
BLOCK20/SES207/SA207S11	SES187	-0.3675	-44.8976	-44.5301
BLOCK20/SES207/SA207S11	SES292	-0.656544	-45.1867	-44.5301
BLOCK20/SES207/SA207S25	SES068	-0.0407867	-44.6962	-44.6554
BLOCK20/SES207/SA207S25	SES083	-0.5023	-45.1577	-44.6554
BLOCK20/SES207/SA207S25	SES127	-0.0836678	-44.7391	-44.6554
BLOCK20/SES207/SA207S25	SES187	-0.126293	-44.7817	-44.6554
BLOCK20/SES207/SA207S27	SES127	-0.659706	-45.5082	-44.8485
BLOCK20/SES207/SA207S27	SES183	-0.0522003	-44.9007	-44.8485
BLOCK20/SES207/SA207S27	SES187	-0.326389	-45.1749	-44.8485
BLOCK20/SES207/SA207S27	SES292	-0.385708	-45.2342	-44.8485
BLOCK20/SES207/SA207S29	SES083	-0.599041	-45.2418	-44.6428
BLOCK20/SES207/SA207S29	SES085	-0.184937	-44.8277	-44.6428
BLOCK20/SES207/SA207S29	SES172	-0.0983963	-44.7412	-44.6428
BLOCK20/SES207/SA207S29	SES189	-0.396992	-45.0398	-44.6428
BLOCK22/SES221/SA221S12	SES068	0.00539398	-45.2078	-45.2132
BLOCK22/SES221/SA221S12	SES143	-0.204514	-45.4177	-45.2132
BLOCK22/SES221/SA221S12	SES175	-0.0279922	-45.2412	-45.2132
BLOCK22/SES221/SA221S12	SES202	0.192543	-45.0206	-45.2132
BLOCK22/SES221/SA221S15	SES085	-1.2965	-47.2009	-45.9044
BLOCK22/SES221/SA221S15	SES143	-0.806496	-46.7109	-45.9044
BLOCK22/SES221/SA221S15	SES175	-0.807606	-46.712	-45.9044
BLOCK22/SES221/SA221S15	SES187	0.0319786	-45.8724	-45.9044
BLOCK22/SES221/SA221S23	SES068	-0.254063	-45.541	-45.287
BLOCK22/SES221/SA221S23	SES143	-0.530312	-45.8173	-45.287
BLOCK22/SES221/SA221S23	SES175	-0.546535	-45.8335	-45.287
BLOCK22/SES221/SA221S23	SES189	0.254753	-45.0322	-45.287
BLOCK22/SES221/SA221S27	SES085	-0.679283	-45.8831	-45.2038
BLOCK22/SES221/SA221S27	SES143	-0.553997	-45.7578	-45.2038
BLOCK22/SES221/SA221S27	SES175	-1.07781	-46.2816	-45.2038
BLOCK22/SES221/SA221S27	SES189	0.436199	-44.7676	-45.2038
BLOCK22/SES221/SA221S29	SES085	-1.14961	-47.6368	-46.4872
BLOCK22/SES221/SA221S29	SES143	-0.62175	-47.1089	-46.4872
BLOCK22/SES221/SA221S29	SES175	-0.768444	-47.2556	-46.4872
BLOCK22/SES221/SA221S29	SES187	0.112507	-46.3747	-46.4872
BLOCK22/SES223/SA223S11	SES143	-0.17905	-45.7134	-45.5344
BLOCK22/SES223/SA223S11	SES144	-0.583199	-46.1176	-45.5344
BLOCK22/SES223/SA223S11	SES175	-0.406292	-45.9407	-45.5344
BLOCK22/SES223/SA223S11	SES187	-0.196136	-45.7305	-45.5344
BLOCK22/SES223/SA223S13	SES068	-0.302166	-46.1793	-45.8772
BLOCK22/SES223/SA223S13	SES143	-0.668606	-46.5458	-45.8772
BLOCK22/SES223/SA223S13	SES146	-0.757225	-46.6344	-45.8772
BLOCK22/SES223/SA223S13	SES202	-0.40926	-46.2864	-45.8772
BLOCK22/SES223/SA223S22	SES143	-0.416492	-46.3992	-45.9827
BLOCK22/SES223/SA223S22	SES144	-0.607529	-46.5902	-45.9827
BLOCK22/SES223/SA223S22	SES175	-0.8839	-46.8666	-45.9827
BLOCK22/SES223/SA223S22	SES187	-0.143623	-46.1263	-45.9827
BLOCK22/SES223/SA223S25	SES068	-0.0887756	-45.415	-45.3263
BLOCK22/SES223/SA223S25	SES143	-0.19429	-45.5206	-45.3263
BLOCK22/SES223/SA223S25	SES175	-0.348743	-45.675	-45.3263
BLOCK22/SES223/SA223S25	SES187	-0.260185	-45.5864	-45.3263
BLOCK22/SES223/SA223S27	SES143	-0.646141	-46.6259	-45.9798
BLOCK22/SES223/SA223S27	SES146	-0.753345	-46.7331	-45.9798
BLOCK22/SES223/SA223S27	SES187	-0.246078	-46.2258	-45.9798
BLOCK22/SES223/SA223S27	SES292	-1.19263	-47.1724	-45.9798
BLOCK27/SES273/SA273S12	SES099	0.487846	-42.9447	-43.4325
BLOCK27/SES273/SA273S12	SES104	0.433727	-42.9988	-43.4325
BLOCK27/SES273/SA273S12	SES125	-0.101307	-43.5338	-43.4325
BLOCK27/SES273/SA273S12	SES206	0.423805	-43.0087	-43.4325
BLOCK27/SES273/SA273S13	SES099	0.397675	-42.8014	-43.1991
BLOCK27/SES273/SA273S13	SES104	-0.246559	-43.4456	-43.1991
BLOCK27/SES273/SA273S13	SES206	0.177391	-43.0217	-43.1991
BLOCK27/SES273/SA273S13	SES292	-0.804585	-44.0037	-43.1991
BLOCK27/SES273/SA273S21	SES099	-0.0137711	-43.0452	-43.0314
BLOCK27/SES273/SA273S21	SES148	-1.50406	-44.5355	-43.0314
BLOCK27/SES273/SA273S21	SES149	-0.409439	-43.4408	-43.0314
BLOCK27/SES273/SA273S21	SES177	-1.3718	-44.4032	-43.0314
BLOCK27/SES273/SA273S25	SES104	-0.018528	-43.6282	-43.6097
BLOCK27/SES273/SA273S25	SES125	0.0821762	-43.5275	-43.6097
BLOCK27/SES273/SA273S25	SES158	0.264797	-43.3449	-43.6097
BLOCK27/SES273/SA273S25	SES206	0.213734	-43.396	-43.6097
BLOCK27/SES273/SA273S27	SES099	0.107376	-43.0705	-43.1779
BLOCK27/SES273/SA273S27	SES104	-0.190109	-43.368	-43.1779
BLOCK27/SES273/SA273S27	SES149	-0.126015	-43.3039	-43.1779
BLOCK27/SES273/SA273S27	SES275	-0.658905	-43.8368	-43.1779
BLOCK27/SES274/SA274S10	SES105	-0.534168	-43.5009	-42.9668
BLOCK27/SES274/SA274S10	SES125	-0.614067	-43.5808	-42.9668
BLOCK27/SES274/SA274S10	SES129	-0.728233	-43.695	-42.9668
BLOCK27/SES274/SA274S10	SES158	-1.07126	-44.038	-42.9668
BLOCK27/SES274/SA274S11	SES105	-0.52599	-43.4534	-42.9274
BLOCK27/SES274/SA274S11	SES149	-0.722614	-43.6501	-42.9274
BLOCK27/SES274/SA274S11	SES158	-0.720913	-43.6484	-42.9274
BLOCK27/SES274/SA274S11	SES275	-0.290653	-43.2181	-42.9274
BLOCK27/SES274/SA274S21	SES105	-0.452095	-43.2428	-42.7907
BLOCK27/SES274/SA274S21	SES129	-0.851089	-43.6418	-42.7907
BLOCK27/SES274/SA274S21	SES149	-0.842205	-43.6329	-42.7907
BLOCK27/SES274/SA274S21	SES158	-1.39452	-44.1853	-42.7907
BLOCK27/SES274/SA274S24	SES105	-0.59108	-43.5309	-42.9398
BLOCK27/SES274/SA274S24	SES129	-1.12751	-44.0673	-42.9398
BLOCK27/SES274/SA274S24	SES149	-0.533894	-43.4737	-42.9398
BLOCK27/SES274/SA274S24	SES158	-0.906944	-43.8468	-42.9398
BLOCK27/SES274/SA274S29	SES105	-0.306564	-43.6336	-43.327
BLOCK27/SES274/SA274S29	SES106	-0.782406	-44.1094	-43.327
BLOCK27/SES274/SA274S29	SES120	-0.49794	-43.825	-43.327
BLOCK27/SES274/SA274S29	SES275	-0.417549	-43.7446	-43.327
BLOCK27/SES276/SA276S16	SES148	-0.516068	-45.1751	-44.659
BLOCK27/SES276/SA276S16	SES172	-0.531929	-45.191	-44.659
BLOCK27/SES276/SA276S16	SES180	-0.507557	-45.1666	-44.659
BLOCK27/SES276/SA276S16	SES292	-0.311646	-44.9707	-44.659
BLOCK27/SES276/SA276S17	SES101	-0.234653	-44.7787	-44.5441
BLOCK27/SES276/SA276S17	SES177	-0.120213	-44.6643	-44.5441
BLOCK27/SES276/SA276S17	SES180	-0.0728378	-44.6169	-44.5441
BLOCK27/SES276/SA276S17	SES292	-0.158882	-44.7029	-44.5441
BLOCK27/SES276/SA276S24	SES101	-0.0555611	-44.2137	-44.1581
BLOCK27/SES276/SA276S24	SES177	-0.16061	-44.3187	-44.1581
BLOCK27/SES276/SA276S24	SES180	0.0344391	-44.1237	-44.1581
BLOCK27/SES276/SA276S24	SES292	-0.354401	-44.5125	-44.1581
BLOCK27/SES276/SA276S26	SES101	-0.322865	-44.7783	-44.4555
BLOCK27/SES276/SA276S26	SES177	-0.113358	-44.5688	-44.4555
BLOCK27/SES276/SA276S26	SES180	-0.144318	-44.5998	-44.4555
BLOCK27/SES276/SA276S26	SES292	-0.0244179	-44.4799	-44.4555
BLOCK27/SES276/SA276S28	SES101	-0.491589	-45.1162	-44.6246
BLOCK27/SES276/SA276S28	SES177	-0.433662	-45.0582	-44.6246
BLOCK27/SES276/SA276S28	SES180	-0.256882	-44.8815	-44.6246
BLOCK27/SES276/SA276S28	SES292	-0.523701	-45.1483	-44.6246
BLOCK27/SES277/SA277S12	SES101	-0.275894	-44.9545	-44.6786
BLOCK27/SES277/SA277S12	SES177	-0.693455	-45.372	-44.6786
BLOCK27/SES277/SA277S12	SES180	-0.667732	-45.3463	-44.6786
BLOCK27/SES277/SA277S12	SES292	-0.670547	-45.3491	-44.6786
BLOCK27/SES277/SA277S14	SES177	-0.328541	-45.0503	-44.7217
BLOCK27/SES277/SA277S14	SES180	-1.10856	-45.8303	-44.7217
BLOCK27/SES277/SA277S14	SES189	-0.14257	-44.8643	-44.7217
BLOCK27/SES277/SA277S14	SES292	-0.529137	-45.2509	-44.7217
BLOCK27/SES277/SA277S21	SES177	-0.468239	-44.2934	-43.8252
BLOCK27/SES277/SA277S21	SES180	-0.819725	-44.6449	-43.8252
BLOCK27/SES277/SA277S21	SES189	-0.311867	-44.1371	-43.8252
BLOCK27/SES277/SA277S21	SES292	-0.672493	-44.4977	-43.8252
BLOCK27/SES277/SA277S24	SES144	-0.744045	-45.9034	-45.1594
BLOCK27/SES277/SA277S24	SES177	-0.721378	-45.8808	-45.1594
BLOCK27/SES277/SA277S24	SES180	-1.36962	-46.529	-45.1594
BLOCK27/SES277/SA277S24	SES189	-0.369572	-45.5289	-45.1594
BLOCK27/SES277/SA277S29	SES177	-0.0429726	-44.0296	-43.9866
BLOCK27/SES277/SA277S29	SES180	-0.0118065	-43.9984	-43.9866
BLOCK27/SES277/SA277S29	SES202	-0.185944	-44.1725	-43.9866
BLOCK27/SES277/SA277S29	SES292	-0.476009	-44.4626	-43.9866
BLOCK27/SES279/SA279S09	SES120	-0.716671	-44.449	-43.7323
BLOCK27/SES279/SA279S09	SES146	-0.552326	-44.2847	-43.7323
BLOCK27/SES279/SA279S09	SES206	-0.97768	-44.71	-43.7323
BLOCK27/SES279/SA279S09	SES226	-0.852001	-44.5843	-43.7323
BLOCK27/SES279/SA279S10	SES099	-0.470661	-43.7509	-43.2802
BLOCK27/SES279/SA279S10	SES206	-0.669502	-43.9497	-43.2802
BLOCK27/SES279/SA279S10	SES226	-0.532612	-43.8129	-43.2802
BLOCK27/SES279/SA279S10	SES292	-0.751926	-44.0322	-43.2802
BLOCK27/SES279/SA279S20	SES099	-0.592602	-44.6488	-44.0562
BLOCK27/SES279/SA279S20	SES206	-0.595627	-44.6519	-44.0562
BLOCK27/SES279/SA279S20	SES226	-0.891888	-44.9481	-44.0562
BLOCK27/SES279/SA279S20	SES292	-0.600937	-44.6572	-44.0562
BLOCK27/SES279/SA279S26	SES099	-0.274223	-44.3127	-44.0385
BLOCK27/SES279/SA279S26	SES206	-0.0159187	-44.0544	-44.0385
BLOCK27/SES279/SA279S26	SES226	-0.647804	-44.6863	-44.0385
BLOCK27/SES279/SA279S26	SES292	-0.666649	-44.7051	-44.0385
BLOCK27/SES279/SA279S28	SES099	-0.201897	-43.1658	-42.9639
BLOCK27/SES279/SA279S28	SES120	-0.4935	-43.4574	-42.9639
BLOCK27/SES279/SA279S28	SES177	-0.829273	-43.7932	-42.9639
BLOCK27/SES279/SA279S28	SES206	-0.407974	-43.3719	-42.9639
BLOCK29/SES290/SA290S12	SES162	-0.179222	-44.5313	-44.3521
BLOCK29/SES290/SA290S12	SES177	-0.291306	-44.6434	-44.3521
BLOCK29/SES290/SA290S12	SES180	-0.416668	-44.7687	-44.3521
BLOCK29/SES290/SA290S12	SES292	-0.59341	-44.9455	-44.3521
BLOCK29/SES290/SA290S13	SES007	-0.211559	-45.5255	-45.3139
BLOCK29/SES290/SA290S13	SES162	-0.73872	-46.0526	-45.3139
BLOCK29/SES290/SA290S13	SES177	-0.651855	-45.9658	-45.3139
BLOCK29/SES290/SA290S13	SES180	-0.729305	-46.0432	-45.3139
BLOCK29/SES290/SA290S22	SES177	-0.474922	-44.6432	-44.1683
BLOCK29/SES290/SA290S22	SES180	-0.474606	-44.6429	-44.1683
BLOCK29/SES290/SA290S22	SES202	-0.297943	-44.4663	-44.1683
BLOCK29/SES290/SA290S22	SES292	-0.410141	-44.5785	-44.1683
BLOCK29/SES290/SA290S25	SES162	-0.379894	-44.4164	-44.0365
BLOCK29/SES290/SA290S25	SES177	-0.305126	-44.3416	-44.0365
BLOCK29/SES290/SA290S25	SES180	-0.276653	-44.3131	-44.0365
BLOCK29/SES290/SA290S25	SES292	-0.346058	-44.3826	-44.0365
BLOCK29/SES290/SA290S29	SES177	0.112175	-43.7559	-43.8681
BLOCK29/SES290/SA290S29	SES180	0.121296	-43.7468	-43.8681
BLOCK29/SES290/SA290S29	SES275	-0.340225	-44.2083	-43.8681
BLOCK29/SES290/SA290S29	SES292	-0.0723572	-43.9404	-43.8681
BLOCK29/SES291/SA291S11	SES105	-0.730064	-45.5887	-44.8587
BLOCK29/SES291/SA291S11	SES125	-0.0838203	-44.9425	-44.8587
BLOCK29/SES291/SA291S11	SES158	0.103184	-44.7555	-44.8587
BLOCK29/SES291/SA291S11	SES275	-1.28552	-46.1442	-44.8587
BLOCK29/SES291/SA291S12	SES158	0.145672	-44.3081	-44.4538
BLOCK29/SES291/SA291S12	SES226	-0.0470695	-44.5009	-44.4538
BLOCK29/SES291/SA291S12	SES270	0.525681	-43.9281	-44.4538
BLOCK29/SES291/SA291S12	SES275	-1.51073	-45.9645	-44.4538
BLOCK29/SES291/SA291S22	SES082	-0.366917	-44.7323	-44.3654
BLOCK29/SES291/SA291S22	SES158	-0.390079	-44.7555	-44.3654
BLOCK29/SES291/SA291S22	SES259	-0.411846	-44.7773	-44.3654
BLOCK29/SES291/SA291S22	SES275	-1.48909	-45.8545	-44.3654
BLOCK29/SES291/SA291S24	SES104	0.755302	-42.6692	-43.4245
BLOCK29/SES291/SA291S24	SES125	0.708866	-42.7156	-43.4245
BLOCK29/SES291/SA291S24	SES158	0.0622177	-43.3623	-43.4245
BLOCK29/SES291/SA291S24	SES275	-1.01445	-44.4389	-43.4245
BLOCK29/SES291/SA291S27	SES158	0.4884	-43.9302	-44.4186
BLOCK29/SES291/SA291S27	SES172	-2.29445	-46.713	-44.4186
BLOCK29/SES291/SA291S27	SES275	-1.15673	-45.5753	-44.4186
BLOCK29/SES291/SA291S27	SES292	-1.05676	-45.4754	-44.4186
