BLOCK00/SES002/SA002S12	SES002	0.853865	-7.25598	-8.10984
BLOCK00/SES002/SA002S13	SES002	1.43202	-7.19653	-8.62854
BLOCK00/SES002/SA002S23	SES002	0.579566	-7.61235	-8.19192
BLOCK00/SES002/SA002S26	SES002	0.429493	-8.46343	-8.89292
BLOCK00/SES002/SA002S28	SES002	0.235672	-7.85365	-8.08932
BLOCK00/SES007/SA007S14	SES007	1.18682	-5.80083	-6.98765
BLOCK00/SES007/SA007S15	SES007	0.686122	-6.79204	-7.47816
BLOCK00/SES007/SA007S24	SES007	0.631018	-6.50242	-7.13343
BLOCK00/SES007/SA007S27	SES007	0.426994	-7.86071	-8.28771
BLOCK00/SES007/SA007S29	SES007	0.312	-6.7235	-7.0355
BLOCK00/SES008/SA008S11	SES008	1.13669	-6.40335	-7.54004
BLOCK00/SES008/SA008S12	SES008	-0.157022	-7.37181	-7.21479
BLOCK00/SES008/SA008S19	SES008	1.30661	-6.37499	-7.6816
BLOCK00/SES008/SA008S22	SES008	0.816919	-7.16829	-7.98521
BLOCK00/SES008/SA008S29	SES008	1.11254	-6.23211	-7.34465
BLOCK01/SES014/SA014S10	SES014	0.801069	-7.03914	-7.84021
BLOCK01/SES014/SA014S12	SES014	1.51546	-6.22385	-7.73931
BLOCK01/SES014/SA014S24	SES014	1.09462	-6.99272	-8.08734
BLOCK01/SES014/SA014S26	SES014	1.71498	-5.85074	-7.56572
BLOCK01/SES014/SA014S28	SES014	1.83727	-5.4532	-7.29047
BLOCK01/SES016/SA016S12	SES016	1.02099	-8.46013	-9.48113
BLOCK01/SES016/SA016S13	SES016	1.00885	-6.76025	-7.7691
BLOCK01/SES016/SA016S22	SES016	1.10286	-6.33819	-7.44105
BLOCK01/SES016/SA016S25	SES016	1.56062	-4.99851	-6.55913
BLOCK01/SES016/SA016S27	SES016	1.24337	-6.3049	-7.54827
BLOCK01/SES019/SA019S13	SES019	3.26314	-5.82635	-9.08949
BLOCK01/SES019/SA019S14	SES019	1.34154	-7.66955	-9.01109
BLOCK01/SES019/SA019S22	SES019	2.20847	-6.37936	-8.58783
BLOCK01/SES019/SA019S25	SES019	2.08725	-6.72072	-8.80797
BLOCK01/SES019/SA019S29	SES019	3.68481	-6.54604	-10.2309
BLOCK02/SES029/SA029S11	SES029	0.677153	-5.96429	-6.64145
BLOCK02/SES029/SA029S12	SES029	0.158704	-6.59868	-6.75739
BLOCK02/SES029/SA029S20	SES029	0.518815	-6.09821	-6.61703
BLOCK02/SES029/SA029S25	SES029	0.52546	-6.82312	-7.34858
BLOCK02/SES029/SA029S28	SES029	0.514535	-6.48435	-6.99889
BLOCK04/SES042/SA042S12	SES042	1.26652	-6.36592	-7.63244
BLOCK04/SES042/SA042S15	SES042	1.63574	-5.70387	-7.33961
BLOCK04/SES042/SA042S22	SES042	2.32839	-6.69808	-9.02646
BLOCK04/SES042/SA042S25	SES042	0.849001	-8.1794	-9.0284
BLOCK04/SES042/SA042S27	SES042	2.03711	-6.79457	-8.83169
BLOCK04/SES048/SA048S11	SES048	0.685772	-5.93427	-6.62004
BLOCK04/SES048/SA048S12	SES048	0.517022	-7.3982	-7.91522
BLOCK04/SES048/SA048S20	SES048	0.552822	-6.17521	-6.72803
BLOCK04/SES048/SA048S23	SES048	1.11217	-6.23627	-7.34844
BLOCK04/SES048/SA048S27	SES048	0.504224	-7.06746	-7.57168
BLOCK06/SES060/SA060S11	SES060	1.37512	-6.33875	-7.71388
BLOCK06/SES060/SA060S12	SES060	0.91605	-7.53331	-8.44936
BLOCK06/SES060/SA060S22	SES060	-0.841982	-9.08155	-8.23957
BLOCK06/SES060/SA060S24	SES060	1.31127	-5.32326	-6.63453
BLOCK06/SES060/SA060S28	SES060	0.778155	-5.5977	-6.37585
BLOCK06/SES062/SA062S10	SES062	-0.214914	-7.06111	-6.8462
BLOCK06/SES062/SA062S11	SES062	0.216918	-7.98583	-8.20275
BLOCK06/SES062/SA062S21	SES062	0.641404	-5.23856	-5.87996
BLOCK06/SES062/SA062S26	SES062	0.311853	-6.96265	-7.2745
BLOCK06/SES062/SA062S29	SES062	0.735326	-6.07076	-6.80609
BLOCK06/SES068/SA068S14	SES068	0.376505	-7.29816	-7.67466
BLOCK06/SES068/SA068S15	SES068	0.847685	-6.85792	-7.7056
BLOCK06/SES068/SA068S23	SES068	0.498116	-7.07105	-7.56917
BLOCK06/SES068/SA068S27	SES068	1.61287	-6.01702	-7.62989
BLOCK06/SES068/SA068S29	SES068	0.73007	-6.96318	-7.69325
BLOCK08/SES082/SA082S12	SES082	-0.312969	-8.47119	-8.15822
BLOCK08/SES082/SA082S14	SES082	0.106838	-7.95511	-8.06195
BLOCK08/SES082/SA082S21	SES082	0.418886	-7.01822	-7.43711
BLOCK08/SES082/SA082S24	SES082	0.371042	-7.73378	-8.10483
BLOCK08/SES082/SA082S28	SES082	0.173762	-7.70126	-7.87502
BLOCK08/SES083/SA083S14	SES083	0.163243	-6.85553	-7.01878
BLOCK08/SES083/SA083S15	SES083	0.552437	-6.63676	-7.18919
BLOCK08/SES083/SA083S24	SES083	0.346057	-7.12196	-7.46801
BLOCK08/SES083/SA083S26	SES083	0.488774	-7.83314	-8.32191
BLOCK08/SES083/SA083S29	SES083	0.0274787	-7.59676	-7.62424
BLOCK08/SES085/SA085S10	SES085	1.15381	-5.7594	-6.91321
BLOCK08/SES085/SA085S13	SES085	-0.0962224	-7.97723	-7.88101
BLOCK08/SES085/SA085S22	SES085	0.533639	-6.74381	-7.27744
BLOCK08/SES085/SA085S26	SES085	0.429531	-7.19198	-7.62151
BLOCK08/SES085/SA085S28	SES085	0.30748	-7.03215	-7.33963
BLOCK08/SES087/SA087S15	SES087	0.82154	-7.59774	-8.41928
BLOCK08/SES087/SA087S16	SES087	1.16117	-7.35476	-8.51593
BLOCK08/SES087/SA087S24	SES087	1.27962	-7.07125	-8.35087
BLOCK08/SES087/SA087S26	SES087	0.980775	-6.31777	-7.29855
BLOCK08/SES087/SA087S29	SES087	1.18454	-6.33271	-7.51725
BLOCK09/SES099/SA099S15	SES099	0.812154	-7.58499	-8.39714
BLOCK09/SES099/SA099S16	SES099	0.991636	-6.86508	-7.85671
BLOCK09/SES099/SA099S24	SES099	0.770555	-7.36197	-8.13253
BLOCK09/SES099/SA099S26	SES099	1.18224	-6.59893	-7.78117
BLOCK09/SES099/SA099S29	SES099	0.529305	-7.60846	-8.13776
BLOCK10/SES101/SA101S11	SES101	0.670718	-6.05218	-6.7229
BLOCK10/SES101/SA101S13	SES101	0.735757	-5.30854	-6.04429
BLOCK10/SES101/SA101S22	SES101	0.550083	-7.4813	-8.03138
BLOCK10/SES101/SA101S24	SES101	0.858299	-6.30233	-7.16063
BLOCK10/SES101/SA101S28	SES101	0.706824	-6.67847	-7.38529
BLOCK10/SES104/SA104S11	SES104	0.741239	-6.50507	-7.24631
BLOCK10/SES104/SA104S12	SES104	0.770069	-7.05657	-7.82664
BLOCK10/SES104/SA104S21	SES104	0.574782	-7.34133	-7.91611
BLOCK10/SES104/SA104S24	SES104	-0.105039	-7.98151	-7.87647
BLOCK10/SES104/SA104S28	SES104	0.833434	-6.97106	-7.80449
BLOCK10/SES105/SA105S12	SES105	0.859045	-7.45451	-8.31356
BLOCK10/SES105/SA105S13	SES105	0.16869	-7.27868	-7.44737
BLOCK10/SES105/SA105S22	SES105	0.394585	-8.17049	-8.56507
BLOCK10/SES105/SA105S26	SES105	1.13707	-7.30918	-8.44626
BLOCK10/SES105/SA105S29	SES105	1.35689	-5.895	-7.25189
BLOCK10/SES106/SA106S09	SES106	0.959586	-7.41444	-8.37402
BLOCK10/SES106/SA106S11	SES106	0.890952	-6.51607	-7.40702
BLOCK10/SES106/SA106S22	SES106	1.61244	-7.20536	-8.8178
BLOCK10/SES106/SA106S27	SES106	0.62163	-6.69654	-7.31817
BLOCK10/SES106/SA106S29	SES106	1.09843	-5.9589	-7.05733
BLOCK11/SES117/SA117S12	SES117	1.11	-7.05765	-8.16764
BLOCK11/SES117/SA117S13	SES117	0.104574	-7.67972	-7.7843
BLOCK11/SES117/SA117S23	SES117	0.889232	-8.26922	-9.15845
BLOCK11/SES117/SA117S25	SES117	1.08798	-7.39016	-8.47814
BLOCK11/SES117/SA117S28	SES117	0.883086	-7.41834	-8.30143
BLOCK12/SES120/SA120S08	SES120	0.380777	-7.39698	-7.77776
BLOCK12/SES120/SA120S11	SES120	0.397849	-9.8828	-10.2806
BLOCK12/SES120/SA120S22	SES120	0.37534	-6.7573	-7.13264
BLOCK12/SES120/SA120S24	SES120	0.400968	-7.86822	-8.26919
BLOCK12/SES120/SA120S28	SES120	0.228565	-7.95518	-8.18374
BLOCK12/SES125/SA125S13	SES125	1.08082	-6.81945	-7.90027
BLOCK12/SES125/SA125S14	SES125	0.648445	-7.3734	-8.02185
BLOCK12/SES125/SA125S25	SES125	0.844954	-7.51036	-8.35532
BLOCK12/SES125/SA125S27	SES125	1.33923	-6.26995	-7.60918
BLOCK12/SES125/SA125S29	SES125	0.492737	-7.0224	-7.51514
BLOCK12/SES127/SA127S11	SES127	0.298733	-7.4667	-7.76543
BLOCK12/SES127/SA127S12	SES127	0.272497	-5.91622	-6.18872
BLOCK12/SES127/SA127S23	SES127	0.458327	-6.35229	-6.81062
BLOCK12/SES127/SA127S25	SES127	0.423537	-6.4204	-6.84394
BLOCK12/SES127/SA127S27	SES127	0.60299	-6.62612	-7.22911
BLOCK12/SES129/SA129S11	SES129	1.30106	-5.57419	-6.87525
BLOCK12/SES129/SA129S12	SES129	0.777505	-5.67986	-6.45736
BLOCK12/SES129/SA129S22	SES129	1.21018	-6.27895	-7.48912
BLOCK12/SES129/SA129S27	SES129	1.14869	-6.46745	-7.61613
BLOCK12/SES129/SA129S29	SES129	0.113835	-7.9245	-8.03833
BLOCK14/SES142/SA142S11	SES142	1.25248	-6.14569	-7.39817
BLOCK14/SES142/SA142S12	SES142	0.696641	-7.11979	-7.81643
BLOCK14/SES142/SA142S24	SES142	1.03805	-6.30574	-7.34379
BLOCK14/SES142/SA142S27	SES142	1.1911	-6.11259	-7.30369
BLOCK14/SES142/SA142S29	SES142	1.48133	-5.84296	-7.32429
BLOCK14/SES143/SA143S12	SES143	0.633588	-6.887	-7.52059
BLOCK14/SES143/SA143S13	SES143	0.777797	-6.93886	-7.71666
BLOCK14/SES143/SA143S23	SES143	0.367014	-6.90808	-7.27509
BLOCK14/SES143/SA143S25	SES143	0.633002	-7.26893	-7.90193
BLOCK14/SES143/SA143S28	SES143	0.736847	-6.89776	-7.63461
BLOCK14/SES144/SA144S09	SES144	0.440676	-7.16375	-7.60443
BLOCK14/SES144/SA144S11	SES144	0.180937	-6.94594	-7.12688
BLOCK14/SES144/SA144S21	SES144	-0.293365	-7.86974	-7.57638
BLOCK14/SES144/SA144S25	SES144	0.549281	-7.39684	-7.94613
BLOCK14/SES144/SA144S29	SES144	-0.270998	-8.09876	-7.82777
BLOCK14/SES146/SA146S14	SES146	0.737164	-7.30582	-8.04299
BLOCK14/SES146/SA146S15	SES146	0.181134	-7.66825	-7.84938
BLOCK14/SES146/SA146S24	SES146	0.800562	-6.93972	-7.74029
BLOCK14/SES146/SA146S26	SES146	0.667833	-7.08782	-7.75565
BLOCK14/SES146/SA146S29	SES146	0.558477	-7.64879	-8.20727
BLOCK14/SES147/SA147S11	SES147	0.450732	-7.10293	-7.55366
BLOCK14/SES147/SA147S13	SES147	0.397807	-6.51151	-6.90932
BLOCK14/SES147/SA147S23	SES147	0.570017	-7.084	-7.65401
BLOCK14/SES147/SA147S26	SES147	0.932041	-6.84318	-7.77522
BLOCK14/SES147/SA147S28	SES147	1.04936	-6.34108	-7.39044
BLOCK14/SES148/SA148S10	SES148	0.628853	-6.31027	-6.93912
BLOCK14/SES148/SA148S12	SES148	0.329388	-7.36198	-7.69136
BLOCK14/SES148/SA148S22	SES148	0.703885	-6.41429	-7.11817
BLOCK14/SES148/SA148S26	SES148	0.101333	-6.16511	-6.26644
BLOCK14/SES148/SA148S29	SES148	0.407881	-7.21988	-7.62776
BLOCK14/SES149/SA149S13	SES149	0.170477	-6.84063	-7.01111
BLOCK14/SES149/SA149S14	SES149	0.293228	-6.23903	-6.53225
BLOCK14/SES149/SA149S24	SES149	0.851346	-6.59674	-7.44808
BLOCK14/SES149/SA149S26	SES149	1.06624	-5.84264	-6.90888
BLOCK14/SES149/SA149S28	SES149	1.46648	-4.93546	-6.40194
BLOCK15/SES158/SA158S13	SES158	1.07665	-6.58389	-7.66054
BLOCK15/SES158/SA158S14	SES158	0.794644	-7.75112	-8.54577
BLOCK15/SES158/SA158S23	SES158	0.748494	-6.18471	-6.93321
BLOCK15/SES158/SA158S26	SES158	1.51085	-7.02345	-8.5343
BLOCK15/SES158/SA158S28	SES158	0.618162	-7.44274	-8.0609
BLOCK16/SES162/SA162S10	SES162	0.580156	-7.83008	-8.41024
BLOCK16/SES162/SA162S11	SES162	0.640559	-6.34032	-6.98088
BLOCK16/SES162/SA162S21	SES162	0.925107	-6.51232	-7.43743
BLOCK16/SES162/SA162S24	SES162	0.727726	-6.74251	-7.47023
BLOCK16/SES162/SA162S27	SES162	1.22899	-7.51012	-8.73911
BLOCK16/SES167/SA167S14	SES167	1.18108	-6.07173	-7.25282
BLOCK16/SES167/SA167S15	SES167	1.43272	-5.86595	-7.29867
BLOCK16/SES167/SA167S21	SES167	1.45833	-5.72762	-7.18595
BLOCK16/SES167/SA167S25	SES167	1.60275	-6.12249	-7.72524
BLOCK16/SES167/SA167S29	SES167	1.85643	-5.32213	-7.17856
BLOCK17/SES172/SA172S12	SES172	1.06512	-7.55936	-8.62448
BLOCK17/SES172/SA172S13	SES172	1.37882	-7.18594	-8.56476
BLOCK17/SES172/SA172S23	SES172	1.09396	-6.5942	-7.68816
BLOCK17/SES172/SA172S27	SES172	0.756128	-8.158	-8.91413
BLOCK17/SES172/SA172S29	SES172	1.31702	-6.83602	-8.15304
BLOCK17/SES175/SA175S11	SES175	0.426305	-7.31719	-7.7435
BLOCK17/SES175/SA175S13	SES175	0.543503	-5.25426	-5.79776
BLOCK17/SES175/SA175S23	SES175	0.701168	-6.05886	-6.76003
BLOCK17/SES175/SA175S25	SES175	-0.0411205	-8.05728	-8.01616
BLOCK17/SES175/SA175S28	SES175	0.363607	-6.48271	-6.84631
BLOCK17/SES177/SA177S15	SES177	0.503282	-7.90106	-8.40434
BLOCK17/SES177/SA177S17	SES177	0.632295	-7.53832	-8.17062
BLOCK17/SES177/SA177S23	SES177	0.406806	-7.71243	-8.11924
BLOCK17/SES177/SA177S26	SES177	1.01893	-5.37733	-6.39626
BLOCK17/SES177/SA177S28	SES177	1.02502	-7.23534	-8.26036
BLOCK18/SES180/SA180S13	SES180	-0.0716705	-8.18798	-8.11631
BLOCK18/SES180/SA180S15	SES180	0.270483	-6.98552	-7.25601
BLOCK18/SES180/SA180S24	SES180	0.614856	-6.14732	-6.76218
BLOCK18/SES180/SA180S26	SES180	0.30442	-6.46229	-6.76671
BLOCK18/SES180/SA180S29	SES180	-0.0833406	-7.83558	-7.75224
BLOCK18/SES183/SA183S13	SES183	1.28046	-6.51271	-7.79316
BLOCK18/SES183/SA183S14	SES183	0.079392	-7.16156	-7.24095
BLOCK18/SES183/SA183S24	SES183	1.37893	-7.14705	-8.52598
BLOCK18/SES183/SA183S27	SES183	1.12702	-7.57873	-8.70575
BLOCK18/SES183/SA183S29	SES183	1.24391	-6.56684	-7.81075
BLOCK18/SES187/SA187S13	SES187	0.311133	-8.2227	-8.53384
BLOCK18/SES187/SA187S14	SES187	0.586782	-7.73644	-8.32322
BLOCK18/SES187/SA187S24	SES187	0.519493	-7.94881	-8.4683
BLOCK18/SES187/SA187S27	SES187	0.451145	-7.88324	-8.33439
BLOCK18/SES187/SA187S29	SES187	0.787606	-8.13411	-8.92172
BLOCK18/SES189/SA189S10	SES189	1.09296	-7.50942	-8.60238
BLOCK18/SES189/SA189S13	SES189	1.32234	-8.11114	-9.43348
BLOCK18/SES189/SA189S24	SES189	0.804097	-6.62132	-7.42542
BLOCK18/SES189/SA189S26	SES189	1.30841	-6.62584	-7.93426
BLOCK18/SES189/SA189S29	SES189	1.35144	-6.40559	-7.75704
BLOCK20/SES202/SA202S12	SES202	0.725339	-7.01615	-7.74149
BLOCK20/SES202/SA202S14	SES202	1.08992	-6.71563	-7.80554
BLOCK20/SES202/SA202S24	SES202	0.541805	-7.63369	-8.17549
BLOCK20/SES202/SA202S27	SES202	0.957336	-6.37695	-7.33428
BLOCK20/SES202/SA202S29	SES202	1.02147	-6.4755	-7.49698
BLOCK20/SES206/SA206S15	SES206	-0.562236	-7.12282	-6.56058
BLOCK20/SES206/SA206S17	SES206	0.747273	-7.26663	-8.0139
BLOCK20/SES206/SA206S24	SES206	1.27598	-5.73582	-7.0118
BLOCK20/SES206/SA206S27	SES206	1.30432	-7.16249	-8.46682
BLOCK20/SES206/SA206S29	SES206	1.46962	-5.75707	-7.22669
BLOCK22/SES226/SA226S12	SES226	0.943976	-7.18344	-8.12742
BLOCK22/SES226/SA226S13	SES226	-0.0214376	-8.3077	-8.28626
BLOCK22/SES226/SA226S20	SES226	0.502121	-7.31702	-7.81915
BLOCK22/SES226/SA226S23	SES226	0.752546	-6.65748	-7.41002
BLOCK22/SES226/SA226S28	SES226	1.19377	-6.43542	-7.62919
BLOCK25/SES259/SA259S13	SES259	2.13159	-6.06575	-8.19735
BLOCK25/SES259/SA259S14	SES259	1.2953	-6.1642	-7.4595
BLOCK25/SES259/SA259S22	SES259	1.68066	-5.80707	-7.48773
BLOCK25/SES259/SA259S24	SES259	1.03256	-6.63639	-7.66896
BLOCK25/SES259/SA259S28	SES259	0.866217	-6.55977	-7.42599
BLOCK27/SES270/SA270S14	SES270	1.69161	-6.94793	-8.63954
BLOCK27/SES270/SA270S16	SES270	0.345014	-6.94535	-7.29037
BLOCK27/SES270/SA270S22	SES270	2.04517	-6.28489	-8.33006
BLOCK27/SES270/SA270S26	SES270	0.518511	-7.41685	-7.93536
BLOCK27/SES270/SA270S28	SES270	0.881047	-6.92003	-7.80108
BLOCK27/SES275/SA275S17	SES275	0.715674	-6.50389	-7.21957
BLOCK27/SES275/SA275S18	SES275	0.287724	-7.0145	-7.30222
BLOCK27/SES275/SA275S24	SES275	0.583657	-7.35254	-7.9362
BLOCK27/SES275/SA275S26	SES275	0.856812	-6.80272	-7.65953
BLOCK27/SES275/SA275S28	SES275	0.710251	-6.97955	-7.6898
BLOCK29/SES292/SA292S10	SES292	-0.222688	-6.7456	-6.52291
BLOCK29/SES292/SA292S12	SES292	0.511189	-7.8886	-8.39979
BLOCK29/SES292/SA292S22	SES292	0.140449	-7.48591	-7.62636
BLOCK29/SES292/SA292S24	SES292	-0.0586958	-7.37503	-7.31634
BLOCK29/SES292/SA292S27	SES292	-0.102621	-7.203	-7.10038
BLOCK00/SES001/SA001S14	SES062	-1.91881	-10.0439	-8.12508
BLOCK00/SES001/SA001S14	SES082	-0.655635	-8.78072	-8.12508
BLOCK00/SES001/SA001S14	SES106	-1.19474	-9.31983	-8.12508
BLOCK00/SES001/SA001S14	SES206	-1.74494	-9.87002	-8.12508
BLOCK00/SES001/SA001S15	SES062	-1.25239	-8.41241	-7.16002
BLOCK00/SES001/SA001S15	SES104	-1.5747	-8.73472	-7.16002
BLOCK00/SES001/SA001S15	SES106	-1.89447	-9.05449	-7.16002
BLOCK00/SES001/SA001S15	SES206	-2.09981	-9.25983	-7.16002
BLOCK00/SES001/SA001S24	SES062	-0.401064	-7.98686	-7.58579
BLOCK00/SES001/SA001S24	SES082	-0.421822	-8.00762	-7.58579
BLOCK00/SES001/SA001S24	SES087	-0.574416	-8.16021	-7.58579
BLOCK00/SES001/SA001S24	SES206	0.046308	-7.53949	-7.58579
BLOCK00/SES001/SA001S27	SES062	-0.494121	-6.58676	-6.09264
BLOCK00/SES001/SA001S27	SES082	-0.77472	-6.86736	-6.09264
BLOCK00/SES001/SA001S27	SES087	-0.408538	-6.50118	-6.09264
BLOCK00/SES001/SA001S27	SES206	-1.37684	-7.46948	-6.09264
BLOCK00/SES001/SA001S29	SES062	-1.49447	-9.12633	-7.63187
BLOCK00/SES001/SA001S29	SES082	-0.630091	-8.26196	-7.63187
BLOCK00/SES001/SA001S29	SES158	-0.797568	-8.42943	-7.63187
BLOCK00/SES001/SA001S29	SES206	-1.32041	-8.95227	-7.63187
BLOCK00/SES003/SA003S11	SES002	-0.391583	-8.44798	-8.0564
BLOCK00/SES003/SA003S11	SES019	-1.32279	-9.37918	-8.0564
BLOCK00/SES003/SA003S11	SES082	-0.444678	-8.50108	-8.0564
BLOCK00/SES003/SA003S11	SES125	-0.842568	-8.89897	-8.0564
BLOCK00/SES003/SA003S15	SES016	-1.25801	-8.25105	-6.99304
BLOCK00/SES003/SA003S15	SES019	-3.52983	-10.5229	-6.99304
BLOCK00/SES003/SA003S15	SES062	-0.138025	-7.13106	-6.99304
BLOCK00/SES003/SA003S15	SES206	-0.900393	-7.89343	-6.99304
BLOCK00/SES003/SA003S22	SES002	-0.464899	-7.9568	-7.4919
BLOCK00/SES003/SA003S22	SES062	-0.052362	-7.54426	-7.4919
BLOCK00/SES003/SA003S22	SES082	-0.258533	-7.75043	-7.4919
BLOCK00/SES003/SA003S22	SES087	-0.335262	-7.82716	-7.4919
BLOCK00/SES003/SA003S25	SES062	-1.70046	-10.1614	-8.46098
BLOCK00/SES003/SA003S25	SES082	-2.30679	-10.7678	-8.46098
BLOCK00/SES003/SA003S25	SES087	-1.80623	-10.2672	-8.46098
BLOCK00/SES003/SA003S25	SES206	-1.67637	-10.1373	-8.46098
BLOCK00/SES003/SA003S29	SES002	-1.28305	-9.16051	-7.87745
BLOCK00/SES003/SA003S29	SES062	-2.22206	-10.0995	-7.87745
BLOCK00/SES003/SA003S29	SES082	-1.44008	-9.31753	-7.87745
BLOCK00/SES003/SA003S29	SES087	-1.8835	-9.76095	-7.87745
BLOCK00/SES004/SA004S12	SES083	-0.949187	-7.84161	-6.89242
BLOCK00/SES004/SA004S12	SES148	-0.735948	-7.62837	-6.89242
BLOCK00/SES004/SA004S12	SES172	0.27993	-6.61249	-6.89242
BLOCK00/SES004/SA004S12	SES292	-0.955342	-7.84776	-6.89242
BLOCK00/SES004/SA004S17	SES083	-0.888222	-8.01259	-7.12437
BLOCK00/SES004/SA004S17	SES162	-0.814552	-7.93892	-7.12437
BLOCK00/SES004/SA004S17	SES172	-0.459185	-7.58356	-7.12437
BLOCK00/SES004/SA004S17	SES292	-1.00894	-8.13331	-7.12437
BLOCK00/SES004/SA004S24	SES083	-0.676223	-7.60629	-6.93007
BLOCK00/SES004/SA004S24	SES148	-1.26868	-8.19875	-6.93007
BLOCK00/SES004/SA004S24	SES172	0.189388	-6.74068	-6.93007
BLOCK00/SES004/SA004S24	SES292	-0.527344	-7.45742	-6.93007
BLOCK00/SES004/SA004S26	SES083	-1.41818	-8.81799	-7.39981
BLOCK00/SES004/SA004S26	SES127	-0.899215	-8.29902	-7.39981
BLOCK00/SES004/SA004S26	SES148	-2.32539	-9.7252	-7.39981
BLOCK00/SES004/SA004S26	SES292	-1.41824	-8.81805	-7.39981
BLOCK00/SES004/SA004S28	SES083	-1.10898	-7.83394	-6.72496
BLOCK00/SES004/SA004S28	SES127	-0.160908	-6.88587	-6.72496
BLOCK00/SES004/SA004S28	SES187	-0.190125	-6.91509	-6.72496
BLOCK00/SES004/SA004S28	SES292	-1.34726	-8.07222	-6.72496
BLOCK00/SES006/SA006S10	SES014	-1.15978	-10.2163	-9.05652
BLOCK00/SES006/SA006S10	SES158	-1.3201	-10.3766	-9.05652
BLOCK00/SES006/SA006S10	SES226	-2.625	-11.6815	-9.05652
BLOCK00/SES006/SA006S10	SES270	0.0561972	-9.00032	-9.05652
BLOCK00/SES006/SA006S11	SES158	-1.73587	-10.4593	-8.7234
BLOCK00/SES006/SA006S11	SES226	-1.50446	-10.2279	-8.7234
BLOCK00/SES006/SA006S11	SES270	-0.0924282	-8.81583	-8.7234
BLOCK00/SES006/SA006S11	SES275	-1.64452	-10.3679	-8.7234
BLOCK00/SES006/SA006S23	SES062	-3.93682	-12.603	-8.66618
BLOCK00/SES006/SA006S23	SES105	-3.28889	-11.9551	-8.66618
BLOCK00/SES006/SA006S23	SES158	-1.79978	-10.466	-8.66618
BLOCK00/SES006/SA006S23	SES275	-2.78745	-11.4536	-8.66618
BLOCK00/SES006/SA006S26	SES104	-2.61512	-11.3678	-8.75272
BLOCK00/SES006/SA006S26	SES158	-2.18054	-10.9333	-8.75272
BLOCK00/SES006/SA006S26	SES270	-0.290375	-9.04309	-8.75272
BLOCK00/SES006/SA006S26	SES275	-2.30299	-11.0557	-8.75272
BLOCK00/SES006/SA006S28	SES007	-2.07967	-11.0932	-9.01356
BLOCK00/SES006/SA006S28	SES105	-3.11687	-12.1304	-9.01356
BLOCK00/SES006/SA006S28	SES158	-0.933611	-9.94717	-9.01356
BLOCK00/SES006/SA006S28	SES275	-2.1357	-11.1493	-9.01356
BLOCK00/SES009/SA009S12	SES083	-2.23979	-9.92158	-7.68179
BLOCK00/SES009/SA009S12	SES148	-1.36241	-9.0442	-7.68179
BLOCK00/SES009/SA009S12	SES177	-0.234207	-7.91599	-7.68179
BLOCK00/SES009/SA009S12	SES292	-0.742926	-8.42471	-7.68179
BLOCK00/SES009/SA009S15	SES007	0.040669	-6.96914	-7.00981
BLOCK00/SES009/SA009S15	SES099	-3.05709	-10.0669	-7.00981
BLOCK00/SES009/SA009S15	SES148	-1.31154	-8.32135	-7.00981
BLOCK00/SES009/SA009S15	SES172	-0.659505	-7.66932	-7.00981
BLOCK00/SES009/SA009S24	SES146	-0.27939	-7.943	-7.66361
BLOCK00/SES009/SA009S24	SES148	-1.79767	-9.46128	-7.66361
BLOCK00/SES009/SA009S24	SES177	-0.247827	-7.91144	-7.66361
BLOCK00/SES009/SA009S24	SES292	-0.865221	-8.52883	-7.66361
BLOCK00/SES009/SA009S26	SES083	-2.32511	-9.73947	-7.41436
BLOCK00/SES009/SA009S26	SES101	-2.02659	-9.44095	-7.41436
BLOCK00/SES009/SA009S26	SES120	-0.602281	-8.01664	-7.41436
BLOCK00/SES009/SA009S26	SES177	-0.846021	-8.26038	-7.41436
BLOCK00/SES009/SA009S29	SES083	-1.7201	-9.19573	-7.47564
BLOCK00/SES009/SA009S29	SES101	-1.12194	-8.59757	-7.47564
BLOCK00/SES009/SA009S29	SES177	-0.452526	-7.92816	-7.47564
BLOCK00/SES009/SA009S29	SES292	-1.00257	-8.47821	-7.47564
BLOCK01/SES011/SA011S10	SES019	-3.36916	-12.4031	-9.0339
BLOCK01/SES011/SA011S10	SES042	1.2564	-7.7775	-9.0339
BLOCK01/SES011/SA011S10	SES082	-0.518625	-9.55253	-9.0339
BLOCK01/SES011/SA011S10	SES206	-0.0266933	-9.06059	-9.0339
BLOCK01/SES011/SA011S11	SES019	-2.54234	-11.2154	-8.67303
BLOCK01/SES011/SA011S11	SES042	0.84102	-7.83201	-8.67303
BLOCK01/SES011/SA011S11	SES082	-0.152248	-8.82528	-8.67303
BLOCK01/SES011/SA011S11	SES206	-0.79756	-9.47059	-8.67303
BLOCK01/SES011/SA011S22	SES019	-2.59317	-11.2173	-8.62416
BLOCK01/SES011/SA011S22	SES042	0.610831	-8.01332	-8.62416
BLOCK01/SES011/SA011S22	SES082	-0.978616	-9.60277	-8.62416
BLOCK01/SES011/SA011S22	SES206	-1.09358	-9.71774	-8.62416
BLOCK01/SES011/SA011S24	SES019	-2.65217	-10.6277	-7.97553
BLOCK01/SES011/SA011S24	SES042	1.26845	-6.70709	-7.97553
BLOCK01/SES011/SA011S24	SES104	0.140744	-7.83479	-7.97553
BLOCK01/SES011/SA011S24	SES206	-0.12054	-8.09607	-7.97553
BLOCK01/SES011/SA011S27	SES082	-0.380799	-8.27023	-7.88943
BLOCK01/SES011/SA011S27	SES087	-1.27067	-9.1601	-7.88943
BLOCK01/SES011/SA011S27	SES125	-0.065835	-7.95526	-7.88943
BLOCK01/SES011/SA011S27	SES206	-0.474227	-8.36366	-7.88943
BLOCK01/SES012/SA012S11	SES007	0.035531	-6.7486	-6.78413
BLOCK01/SES012/SA012S11	SES082	-0.244332	-7.02846	-6.78413
BLOCK01/SES012/SA012S11	SES083	-1.25217	-8.0363	-6.78413
BLOCK01/SES012/SA012S11	SES206	-0.635222	-7.41936	-6.78413
BLOCK01/SES012/SA012S14	SES082	-0.145889	-8.18154	-8.03565
BLOCK01/SES012/SA012S14	SES087	-1.27629	-9.31194	-8.03565
BLOCK01/SES012/SA012S14	SES206	-0.226278	-8.26193	-8.03565
BLOCK01/SES012/SA012S14	SES292	-0.717007	-8.75266	-8.03565
BLOCK01/SES012/SA012S24	SES082	0.00984097	-8.72792	-8.73776
BLOCK01/SES012/SA012S24	SES087	-1.39669	-10.1344	-8.73776
BLOCK01/SES012/SA012S24	SES120	-1.45	-10.1878	-8.73776
BLOCK01/SES012/SA012S24	SES206	-0.782719	-9.52048	-8.73776
BLOCK01/SES012/SA012S26	SES019	-7.35759	-16.2292	-8.87159
BLOCK01/SES012/SA012S26	SES082	-0.831514	-9.7031	-8.87159
BLOCK01/SES012/SA012S26	SES206	0.744563	-8.12702	-8.87159
BLOCK01/SES012/SA012S26	SES292	-0.500432	-9.37202	-8.87159
BLOCK01/SES012/SA012S29	SES062	-0.914535	-7.55353	-6.63899
BLOCK01/SES012/SA012S29	SES082	0.386551	-6.25244	-6.63899
BLOCK01/SES012/SA012S29	SES083	-1.48683	-8.12583	-6.63899
BLOCK01/SES012/SA012S29	SES206	0.180397	-6.4586	-6.63899
BLOCK01/SES013/SA013S16	SES062	-2.88153	-11.7213	-8.83979
BLOCK01/SES013/SA013S16	SES106	-1.00764	-9.84742	-8.83979
BLOCK01/SES013/SA013S16	SES206	-1.01832	-9.85811	-8.83979
BLOCK01/SES013/SA013S16	SES226	-0.87742	-9.71721	-8.83979
BLOCK01/SES013/SA013S17	SES062	-1.32349	-9.00228	-7.67879
BLOCK01/SES013/SA013S17	SES106	-1.36917	-9.04796	-7.67879
BLOCK01/SES013/SA013S17	SES206	-0.39566	-8.07445	-7.67879
BLOCK01/SES013/SA013S17	SES226	-0.744484	-8.42327	-7.67879
BLOCK01/SES013/SA013S23	SES104	-1.00257	-10.0081	-9.00556
BLOCK01/SES013/SA013S23	SES106	0.16015	-8.84541	-9.00556
BLOCK01/SES013/SA013S23	SES206	-1.49025	-10.4958	-9.00556
BLOCK01/SES013/SA013S23	SES270	-0.188311	-9.19387	-9.00556
BLOCK01/SES013/SA013S25	SES042	-2.77798	-10.9651	-8.18716
BLOCK01/SES013/SA013S25	SES104	-0.601448	-8.78861	-8.18716
BLOCK01/SES013/SA013S25	SES106	-0.0996704	-8.28683	-8.18716
BLOCK01/SES013/SA013S25	SES206	-1.60628	-9.79344	-8.18716
BLOCK01/SES013/SA013S29	SES062	-3.09597	-11.5193	-8.42338
BLOCK01/SES013/SA013S29	SES104	-1.15363	-9.57701	-8.42338
BLOCK01/SES013/SA013S29	SES106	-0.622969	-9.04634	-8.42338
BLOCK01/SES013/SA013S29	SES206	-2.34668	-10.7701	-8.42338
BLOCK02/SES021/SA021S13	SES016	-2.71969	-10.3694	-7.64971
BLOCK02/SES021/SA021S13	SES029	-0.797608	-8.44732	-7.64971
BLOCK02/SES021/SA021S13	SES087	-2.69913	-10.3488	-7.64971
BLOCK02/SES021/SA021S13	SES206	-1.45081	-9.10052	-7.64971
BLOCK02/SES021/SA021S15	SES087	-0.469532	-7.851	-7.38146
BLOCK02/SES021/SA021S15	SES125	-0.896807	-8.27827	-7.38146
BLOCK02/SES021/SA021S15	SES206	-1.26119	-8.64265	-7.38146
BLOCK02/SES021/SA021S15	SES226	-1.10428	-8.48574	-7.38146
BLOCK02/SES021/SA021S23	SES062	-2.46673	-10.9624	-8.49571
BLOCK02/SES021/SA021S23	SES087	-0.794752	-9.29047	-8.49571
BLOCK02/SES021/SA021S23	SES206	-1.30012	-9.79583	-8.49571
BLOCK02/SES021/SA021S23	SES226	-1.10184	-9.59755	-8.49571
BLOCK02/SES021/SA021S27	SES002	-0.956215	-7.90426	-6.94804
BLOCK02/SES021/SA021S27	SES016	-3.06303	-10.0111	-6.94804
BLOCK02/SES021/SA021S27	SES019	-1.43913	-8.38718	-6.94804
BLOCK02/SES021/SA021S27	SES062	-0.926824	-7.87487	-6.94804
BLOCK02/SES021/SA021S29	SES087	-1.05199	-9.04352	-7.99153
BLOCK02/SES021/SA021S29	SES125	-1.72495	-9.71648	-7.99153
BLOCK02/SES021/SA021S29	SES206	-0.357924	-8.34945	-7.99153
BLOCK02/SES021/SA021S29	SES226	-1.22056	-9.21208	-7.99153
BLOCK04/SES043/SA043S09	SES083	-0.332794	-8.57352	-8.24073
BLOCK04/SES043/SA043S09	SES101	-0.356608	-8.59734	-8.24073
BLOCK04/SES043/SA043S09	SES144	-0.0591698	-8.2999	-8.24073
BLOCK04/SES043/SA043S09	SES172	-1.41087	-9.6516	-8.24073
BLOCK04/SES043/SA043S11	SES083	-0.136974	-7.20441	-7.06743
BLOCK04/SES043/SA043S11	SES101	-0.422195	-7.48963	-7.06743
BLOCK04/SES043/SA043S11	SES144	0.131055	-6.93638	-7.06743
BLOCK04/SES043/SA043S11	SES172	-0.473304	-7.54074	-7.06743
BLOCK04/SES043/SA043S23	SES083	-0.290806	-7.93564	-7.64483
BLOCK04/SES043/SA043S23	SES144	-0.0860596	-7.73089	-7.64483
BLOCK04/SES043/SA043S23	SES177	-0.826408	-8.47124	-7.64483
BLOCK04/SES043/SA043S23	SES275	-0.862804	-8.50763	-7.64483
BLOCK04/SES043/SA043S26	SES083	-0.544706	-9.33161	-8.78691
BLOCK04/SES043/SA043S26	SES101	-0.171744	-8.95865	-8.78691
BLOCK04/SES043/SA043S26	SES144	0.116547	-8.67036	-8.78691
BLOCK04/SES043/SA043S26	SES177	-0.84691	-9.63382	-8.78691
BLOCK04/SES043/SA043S28	SES016	-1.80967	-9.46634	-7.65666
BLOCK04/SES043/SA043S28	SES083	-0.597368	-8.25403	-7.65666
BLOCK04/SES043/SA043S28	SES101	-0.363994	-8.02066	-7.65666
BLOCK04/SES043/SA043S28	SES144	-0.564615	-8.22128	-7.65666
BLOCK04/SES044/SA044S10	SES127	-3.97026	-12.0979	-8.12765
BLOCK04/SES044/SA044S10	SES144	-0.703379	-8.83102	-8.12765
BLOCK04/SES044/SA044S10	SES147	-5.05184	-13.1795	-8.12765
BLOCK04/SES044/SA044S10	SES148	-3.00043	-11.1281	-8.12765
BLOCK04/SES044/SA044S11	SES101	-0.320975	-7.94758	-7.6266
BLOCK04/SES044/SA044S11	SES144	0.0393229	-7.58728	-7.6266
BLOCK04/SES044/SA044S11	SES147	-2.16642	-9.79302	-7.6266
BLOCK04/SES044/SA044S11	SES177	-1.19807	-8.82467	-7.6266
BLOCK04/SES044/SA044S24	SES007	-1.8242	-9.53355	-7.70935
BLOCK04/SES044/SA044S24	SES101	0.0657134	-7.64363	-7.70935
BLOCK04/SES044/SA044S24	SES147	-2.50911	-10.2185	-7.70935
BLOCK04/SES044/SA044S24	SES177	-0.58388	-8.29323	-7.70935
BLOCK04/SES044/SA044S26	SES007	-1.13298	-8.54607	-7.41308
BLOCK04/SES044/SA044S26	SES016	-0.345955	-7.75904	-7.41308
BLOCK04/SES044/SA044S26	SES101	0.10612	-7.30696	-7.41308
BLOCK04/SES044/SA044S26	SES147	-0.398895	-7.81198	-7.41308
BLOCK04/SES044/SA044S29	SES007	-2.10105	-9.27733	-7.17628
BLOCK04/SES044/SA044S29	SES101	0.14399	-7.03229	-7.17628
BLOCK04/SES044/SA044S29	SES147	-1.45239	-8.62867	-7.17628
BLOCK04/SES044/SA044S29	SES177	-2.22727	-9.40355	-7.17628
BLOCK04/SES046/SA046S13	SES101	-0.288846	-8.93253	-8.64368
BLOCK04/SES046/SA046S13	SES144	-0.35484	-8.99852	-8.64368
BLOCK04/SES046/SA046S13	SES147	-2.40884	-11.0525	-8.64368
BLOCK04/SES046/SA046S13	SES177	-1.21611	-9.85979	-8.64368
BLOCK04/SES046/SA046S15	SES048	-0.178991	-6.36553	-6.18654
BLOCK04/SES046/SA046S15	SES083	-0.778284	-6.96482	-6.18654
BLOCK04/SES046/SA046S15	SES120	-2.59338	-8.77992	-6.18654
BLOCK04/SES046/SA046S15	SES148	-0.989989	-7.17653	-6.18654
BLOCK04/SES046/SA046S22	SES101	-0.043942	-8.02441	-7.98046
BLOCK04/SES046/SA046S22	SES144	0.0152187	-7.96525	-7.98046
BLOCK04/SES046/SA046S22	SES147	-2.01761	-9.99808	-7.98046
BLOCK04/SES046/SA046S22	SES172	-0.130816	-8.11128	-7.98046
BLOCK04/SES046/SA046S25	SES083	-0.75089	-7.86027	-7.10938
BLOCK04/SES046/SA046S25	SES127	-1.4228	-8.53219	-7.10938
BLOCK04/SES046/SA046S25	SES144	-0.527638	-7.63702	-7.10938
BLOCK04/SES046/SA046S25	SES148	-1.48673	-8.59611	-7.10938
BLOCK04/SES046/SA046S28	SES007	-0.951562	-8.37825	-7.42668
BLOCK04/SES046/SA046S28	SES105	-1.14899	-8.57567	-7.42668
BLOCK04/SES046/SA046S28	SES147	-1.08723	-8.51391	-7.42668
BLOCK04/SES046/SA046S28	SES148	-1.35586	-8.78255	-7.42668
BLOCK04/SES049/SA049S16	SES104	-1.03966	-9.91615	-8.87649
BLOCK04/SES049/SA049S16	SES106	-2.00448	-10.881	-8.87649
BLOCK04/SES049/SA049S16	SES120	-1.41063	-10.2871	-8.87649
BLOCK04/SES049/SA049S16	SES206	-1.96629	-10.8428	-8.87649
BLOCK04/SES049/SA049S18	SES099	-0.162824	-8.83324	-8.67041
BLOCK04/SES049/SA049S18	SES104	-1.4271	-10.0975	-8.67041
BLOCK04/SES049/SA049S18	SES125	-1.27066	-9.94107	-8.67041
BLOCK04/SES049/SA049S18	SES206	-2.20993	-10.8803	-8.67041
BLOCK04/SES049/SA049S25	SES087	-2.21826	-11.2318	-9.01354
BLOCK04/SES049/SA049S25	SES104	-1.01223	-10.0258	-9.01354
BLOCK04/SES049/SA049S25	SES125	-1.55351	-10.5671	-9.01354
BLOCK04/SES049/SA049S25	SES206	-1.09594	-10.1095	-9.01354
BLOCK04/SES049/SA049S27	SES099	-0.707605	-8.45737	-7.74976
BLOCK04/SES049/SA049S27	SES104	-0.150095	-7.89986	-7.74976
BLOCK04/SES049/SA049S27	SES125	-1.71882	-9.46859	-7.74976
BLOCK04/SES049/SA049S27	SES206	-1.90682	-9.65658	-7.74976
BLOCK04/SES049/SA049S29	SES099	-0.497673	-8.00401	-7.50634
BLOCK04/SES049/SA049S29	SES104	-0.0688429	-7.57518	-7.50634
BLOCK04/SES049/SA049S29	SES125	-0.496265	-8.0026	-7.50634
BLOCK04/SES049/SA049S29	SES206	-1.6472	-9.15354	-7.50634
BLOCK06/SES063/SA063S09	SES068	-2.32054	-11.2624	-8.94188
BLOCK06/SES063/SA063S09	SES083	-0.761245	-9.70313	-8.94188
BLOCK06/SES063/SA063S09	SES177	-0.870434	-9.81232	-8.94188
BLOCK06/SES063/SA063S09	SES187	-0.867171	-9.80905	-8.94188
BLOCK06/SES063/SA063S10	SES068	-1.25443	-9.97039	-8.71597
BLOCK06/SES063/SA063S10	SES083	-0.42397	-9.13994	-8.71597
BLOCK06/SES063/SA063S10	SES172	-0.596943	-9.31291	-8.71597
BLOCK06/SES063/SA063S10	SES187	-0.828691	-9.54466	-8.71597
BLOCK06/SES063/SA063S20	SES068	-2.58897	-11.2307	-8.64175
BLOCK06/SES063/SA063S20	SES083	-0.907401	-9.54915	-8.64175
BLOCK06/SES063/SA063S20	SES172	-0.648972	-9.29072	-8.64175
BLOCK06/SES063/SA063S20	SES187	-0.793913	-9.43566	-8.64175
BLOCK06/SES063/SA063S24	SES029	-3.16674	-12.1899	-9.0232
BLOCK06/SES063/SA063S24	SES083	-1.04719	-10.0704	-9.0232
BLOCK06/SES063/SA063S24	SES177	-1.53472	-10.5579	-9.0232
BLOCK06/SES063/SA063S24	SES189	0.223252	-8.79994	-9.0232
BLOCK06/SES063/SA063S27	SES083	-0.444194	-8.74877	-8.30458
BLOCK06/SES063/SA063S27	SES172	-1.42902	-9.7336	-8.30458
BLOCK06/SES063/SA063S27	SES187	-0.929304	-9.23388	-8.30458
BLOCK06/SES063/SA063S27	SES292	-1.45192	-9.7565	-8.30458
BLOCK06/SES067/SA067S12	SES083	-0.809855	-7.91422	-7.10437
BLOCK06/SES067/SA067S12	SES172	-1.38136	-8.48573	-7.10437
BLOCK06/SES067/SA067S12	SES202	-0.608171	-7.71254	-7.10437
BLOCK06/SES067/SA067S12	SES292	-1.02109	-8.12546	-7.10437
BLOCK06/SES067/SA067S14	SES085	-1.07817	-7.04573	-5.96755
BLOCK06/SES067/SA067S14	SES177	-1.52823	-7.49579	-5.96755
BLOCK06/SES067/SA067S14	SES183	0.33443	-5.63312	-5.96755
BLOCK06/SES067/SA067S14	SES202	0.0125022	-5.95505	-5.96755
BLOCK06/SES067/SA067S21	SES144	-1.19758	-8.84131	-7.64374
BLOCK06/SES067/SA067S21	SES177	-1.44356	-9.0873	-7.64374
BLOCK06/SES067/SA067S21	SES183	-1.62102	-9.26476	-7.64374
BLOCK06/SES067/SA067S21	SES189	-0.969123	-8.61286	-7.64374
BLOCK06/SES067/SA067S25	SES085	-1.65456	-8.55213	-6.89757
BLOCK06/SES067/SA067S25	SES177	-0.789218	-7.68679	-6.89757
BLOCK06/SES067/SA067S25	SES183	-1.09738	-7.99495	-6.89757
BLOCK06/SES067/SA067S25	SES202	-1.57698	-8.47455	-6.89757
BLOCK06/SES067/SA067S29	SES085	-2.24279	-10.2648	-8.02196
BLOCK06/SES067/SA067S29	SES177	-1.76224	-9.78421	-8.02196
BLOCK06/SES067/SA067S29	SES183	-0.576216	-8.59818	-8.02196
BLOCK06/SES067/SA067S29	SES202	-0.00948715	-8.03145	-8.02196
BLOCK06/SES069/SA069S12	SES029	-1.67662	-8.971	-7.29438
BLOCK06/SES069/SA069S12	SES082	-0.76897	-8.06335	-7.29438
BLOCK06/SES069/SA069S12	SES087	-1.14576	-8.44014	-7.29438
BLOCK06/SES069/SA069S12	SES206	-0.346186	-7.64057	-7.29438
BLOCK06/SES069/SA069S13	SES029	-2.59103	-9.77934	-7.18831
BLOCK06/SES069/SA069S13	SES087	-1.30456	-8.49287	-7.18831
BLOCK06/SES069/SA069S13	SES206	-1.6881	-8.87642	-7.18831
BLOCK06/SES069/SA069S13	SES226	0.213437	-6.97488	-7.18831
BLOCK06/SES069/SA069S23	SES029	-0.667636	-7.30574	-6.6381
BLOCK06/SES069/SA069S23	SES087	-0.418947	-7.05705	-6.6381
BLOCK06/SES069/SA069S23	SES206	-1.16978	-7.80788	-6.6381
BLOCK06/SES069/SA069S23	SES226	-0.0316782	-6.66978	-6.6381
BLOCK06/SES069/SA069S25	SES087	-1.14115	-8.17941	-7.03826
BLOCK06/SES069/SA069S25	SES206	-2.17198	-9.21024	-7.03826
BLOCK06/SES069/SA069S25	SES226	-0.211223	-7.24948	-7.03826
BLOCK06/SES069/SA069S25	SES270	-1.59241	-8.63067	-7.03826
BLOCK06/SES069/SA069S27	SES087	-1.82151	-9.49606	-7.67455
BLOCK06/SES069/SA069S27	SES206	-1.15982	-8.83437	-7.67455
BLOCK06/SES069/SA069S27	SES226	0.193189	-7.48136	-7.67455
BLOCK06/SES069/SA069S27	SES270	-0.722404	-8.39696	-7.67455
BLOCK08/SES081/SA081S11	SES060	-2.18505	-10.0601	-7.87504
BLOCK08/SES081/SA081S11	SES062	-0.330544	-8.20558	-7.87504
BLOCK08/SES081/SA081S11	SES117	-1.87907	-9.7541	-7.87504
BLOCK08/SES081/SA081S11	SES162	-1.71576	-9.59079	-7.87504
BLOCK08/SES081/SA081S13	SES016	-0.298715	-7.2428	-6.94408
BLOCK08/SES081/SA081S13	SES060	-0.155031	-7.09911	-6.94408
BLOCK08/SES081/SA081S13	SES068	-0.218063	-7.16214	-6.94408
BLOCK08/SES081/SA081S13	SES129	-1.67645	-8.62053	-6.94408
BLOCK08/SES081/SA081S24	SES060	-0.55495	-7.9697	-7.41475
BLOCK08/SES081/SA081S24	SES068	-0.544712	-7.95946	-7.41475
BLOCK08/SES081/SA081S24	SES117	-1.55982	-8.97457	-7.41475
BLOCK08/SES081/SA081S24	SES275	-0.957684	-8.37244	-7.41475
BLOCK08/SES081/SA081S27	SES007	0.209917	-8.14125	-8.35116
BLOCK08/SES081/SA081S27	SES060	-0.538398	-8.88956	-8.35116
BLOCK08/SES081/SA081S27	SES117	-0.474836	-8.826	-8.35116
BLOCK08/SES081/SA081S27	SES275	-0.797052	-9.14822	-8.35116
BLOCK08/SES081/SA081S29	SES007	-0.235353	-8.75654	-8.52119
BLOCK08/SES081/SA081S29	SES060	-0.51228	-9.03347	-8.52119
BLOCK08/SES081/SA081S29	SES117	-1.03483	-9.55602	-8.52119
BLOCK08/SES081/SA081S29	SES275	-1.05065	-9.57184	-8.52119
BLOCK08/SES086/SA086S11	SES029	-2.66806	-11.921	-9.25298
BLOCK08/SES086/SA086S11	SES082	-1.60499	-10.858	-9.25298
BLOCK08/SES086/SA086S11	SES087	-0.0900736	-9.34305	-9.25298
BLOCK08/SES086/SA086S11	SES206	-1.52657	-10.7795	-9.25298
BLOCK08/SES086/SA086S12	SES029	-2.12363	-10.5647	-8.44108
BLOCK08/SES086/SA086S12	SES082	-1.39204	-9.83311	-8.44108
BLOCK08/SES086/SA086S12	SES087	0.642699	-7.79838	-8.44108
BLOCK08/SES086/SA086S12	SES206	-0.960898	-9.40197	-8.44108
BLOCK08/SES086/SA086S20	SES029	-1.88093	-9.74869	-7.86777
BLOCK08/SES086/SA086S20	SES082	-1.50672	-9.37449	-7.86777
BLOCK08/SES086/SA086S20	SES087	0.0801659	-7.7876	-7.86777
BLOCK08/SES086/SA086S20	SES206	-1.05498	-8.92274	-7.86777
BLOCK08/SES086/SA086S24	SES087	0.456796	-8.8267	-9.28349
BLOCK08/SES086/SA086S24	SES104	-0.959197	-10.2427	-9.28349
BLOCK08/SES086/SA086S24	SES120	-0.686706	-9.9702	-9.28349
BLOCK08/SES086/SA086S24	SES206	-0.0898476	-9.37334	-9.28349
BLOCK08/SES086/SA086S28	SES029	-2.04705	-9.72183	-7.67478
BLOCK08/SES086/SA086S28	SES082	-1.35529	-9.03007	-7.67478
BLOCK08/SES086/SA086S28	SES087	-0.0657206	-7.7405	-7.67478
BLOCK08/SES086/SA086S28	SES206	-0.497922	-8.17271	-7.67478
BLOCK08/SES089/SA089S13	SES087	-0.711773	-9.44088	-8.72911
BLOCK08/SES089/SA089S13	SES206	-1.5317	-10.2608	-8.72911
BLOCK08/SES089/SA089S13	SES226	-0.837231	-9.56634	-8.72911
BLOCK08/SES089/SA089S13	SES270	-1.57486	-10.304	-8.72911
BLOCK08/SES089/SA089S14	SES062	-1.63819	-9.83887	-8.20068
BLOCK08/SES089/SA089S14	SES087	-0.196445	-8.39712	-8.20068
BLOCK08/SES089/SA089S14	SES206	-1.60741	-9.80809	-8.20068
BLOCK08/SES089/SA089S14	SES226	-1.21319	-9.41387	-8.20068
BLOCK08/SES089/SA089S23	SES087	-0.630725	-10.4619	-9.83113
BLOCK08/SES089/SA089S23	SES206	-1.95608	-11.7872	-9.83113
BLOCK08/SES089/SA089S23	SES226	-1.11327	-10.9444	-9.83113
BLOCK08/SES089/SA089S23	SES270	-3.51623	-13.3474	-9.83113
BLOCK08/SES089/SA089S25	SES062	-0.972777	-9.60833	-8.63555
BLOCK08/SES089/SA089S25	SES087	-0.278459	-8.91401	-8.63555
BLOCK08/SES089/SA089S25	SES206	-2.11192	-10.7475	-8.63555
BLOCK08/SES089/SA089S25	SES226	-1.09033	-9.72588	-8.63555
BLOCK08/SES089/SA089S28	SES062	-0.646805	-9.05305	-8.40624
BLOCK08/SES089/SA089S28	SES087	0.284728	-8.12151	-8.40624
BLOCK08/SES089/SA089S28	SES206	-1.56604	-9.97229	-8.40624
BLOCK08/SES089/SA089S28	SES226	-0.630841	-9.03708	-8.40624
BLOCK09/SES097/SA097S11	SES099	-0.450507	-9.16531	-8.71481
BLOCK09/SES097/SA097S11	SES125	-1.77674	-10.4915	-8.71481
BLOCK09/SES097/SA097S11	SES206	-1.52136	-10.2362	-8.71481
BLOCK09/SES097/SA097S11	SES226	0.35886	-8.35595	-8.71481
BLOCK09/SES097/SA097S14	SES062	-2.19526	-10.1697	-7.97448
BLOCK09/SES097/SA097S14	SES099	-0.993487	-8.96797	-7.97448
BLOCK09/SES097/SA097S14	SES104	-1.09355	-9.06803	-7.97448
BLOCK09/SES097/SA097S14	SES206	-1.85741	-9.8319	-7.97448
BLOCK09/SES097/SA097S22	SES099	0.00785923	-8.59001	-8.59787
BLOCK09/SES097/SA097S22	SES206	-2.01628	-10.6142	-8.59787
BLOCK09/SES097/SA097S22	SES226	-0.979957	-9.57783	-8.59787
BLOCK09/SES097/SA097S22	SES270	-1.21437	-9.81224	-8.59787
BLOCK09/SES097/SA097S26	SES099	0.0773802	-8.7912	-8.86858
BLOCK09/SES097/SA097S26	SES120	-0.778944	-9.64752	-8.86858
BLOCK09/SES097/SA097S26	SES206	-2.24983	-11.1184	-8.86858
BLOCK09/SES097/SA097S26	SES226	-0.265798	-9.13438	-8.86858
BLOCK09/SES097/SA097S28	SES099	-0.273493	-7.85863	-7.58513
BLOCK09/SES097/SA097S28	SES120	-1.19439	-8.77952	-7.58513
BLOCK09/SES097/SA097S28	SES206	-1.97275	-9.55788	-7.58513
BLOCK09/SES097/SA097S28	SES226	-0.855845	-8.44098	-7.58513
BLOCK09/SES098/SA098S11	SES127	-0.744256	-7.99041	-7.24616
BLOCK09/SES098/SA098S11	SES144	-0.268768	-7.51493	-7.24616
BLOCK09/SES098/SA098S11	SES147	-0.435442	-7.6816	-7.24616
BLOCK09/SES098/SA098S11	SES148	-1.82705	-9.07321	-7.24616
BLOCK09/SES098/SA098S12	SES127	-2.28733	-11.1767	-8.88941
BLOCK09/SES098/SA098S12	SES144	-1.26175	-10.1512	-8.88941
BLOCK09/SES098/SA098S12	SES147	-1.19973	-10.0891	-8.88941
BLOCK09/SES098/SA098S12	SES189	-0.800793	-9.6902	-8.88941
BLOCK09/SES098/SA098S20	SES127	-2.62324	-10.8647	-8.24149
BLOCK09/SES098/SA098S20	SES147	-1.24214	-9.48364	-8.24149
BLOCK09/SES098/SA098S20	SES148	-3.50123	-11.7427	-8.24149
BLOCK09/SES098/SA098S20	SES292	-1.14072	-9.38222	-8.24149
BLOCK09/SES098/SA098S23	SES127	-1.51112	-9.41797	-7.90684
BLOCK09/SES098/SA098S23	SES147	-1.62598	-9.53283	-7.90684
BLOCK09/SES098/SA098S23	SES187	-0.657637	-8.56448	-7.90684
BLOCK09/SES098/SA098S23	SES292	-0.734337	-8.64118	-7.90684
BLOCK09/SES098/SA098S27	SES127	-2.7795	-10.8649	-8.08539
BLOCK09/SES098/SA098S27	SES147	-2.53785	-10.6232	-8.08539
BLOCK09/SES098/SA098S27	SES148	-3.22251	-11.3079	-8.08539
BLOCK09/SES098/SA098S27	SES292	-0.392627	-8.47802	-8.08539
BLOCK10/SES102/SA102S13	SES101	0.212686	-8.85796	-9.07065
BLOCK10/SES102/SA102S13	SES105	-0.69015	-9.7608	-9.07065
BLOCK10/SES102/SA102S13	SES120	-2.59946	-11.6701	-9.07065
BLOCK10/SES102/SA102S13	SES158	-2.03398	-11.1046	-9.07065
BLOCK10/SES102/SA102S14	SES007	0.385752	-5.98384	-6.36959
BLOCK10/SES102/SA102S14	SES101	0.0624084	-6.30718	-6.36959
BLOCK10/SES102/SA102S14	SES105	-0.455026	-6.82461	-6.36959
BLOCK10/SES102/SA102S14	SES147	-1.72742	-8.09701	-6.36959
BLOCK10/SES102/SA102S22	SES007	-0.973019	-8.12165	-7.14863
BLOCK10/SES102/SA102S22	SES101	-0.352846	-7.50148	-7.14863
BLOCK10/SES102/SA102S22	SES105	-0.743631	-7.89226	-7.14863
BLOCK10/SES102/SA102S22	SES158	-2.12528	-9.27391	-7.14863
BLOCK10/SES102/SA102S25	SES007	-0.185513	-7.25922	-7.0737
BLOCK10/SES102/SA102S25	SES101	0.000480175	-7.07322	-7.0737
BLOCK10/SES102/SA102S25	SES105	-1.09817	-8.17188	-7.0737
BLOCK10/SES102/SA102S25	SES147	-2.79477	-9.86847	-7.0737
BLOCK10/SES102/SA102S27	SES007	-0.59809	-8.04809	-7.45
BLOCK10/SES102/SA102S27	SES101	0.193835	-7.25617	-7.45
BLOCK10/SES102/SA102S27	SES105	-1.49026	-8.94026	-7.45
BLOCK10/SES102/SA102S27	SES147	-2.48314	-9.93314	-7.45
BLOCK10/SES103/SA103S14	SES105	-2.01071	-10.5833	-8.57256
BLOCK10/SES103/SA103S14	SES106	-1.62848	-10.201	-8.57256
BLOCK10/SES103/SA103S14	SES120	-1.88388	-10.4564	-8.57256
BLOCK10/SES103/SA103S14	SES206	-1.90732	-10.4799	-8.57256
BLOCK10/SES103/SA103S15	SES099	-2.19718	-11.8721	-9.67494
BLOCK10/SES103/SA103S15	SES101	-3.72886	-13.4038	-9.67494
BLOCK10/SES103/SA103S15	SES104	-1.41154	-11.0865	-9.67494
BLOCK10/SES103/SA103S15	SES125	-1.88152	-11.5565	-9.67494
BLOCK10/SES103/SA103S24	SES104	-1.07593	-9.54969	-8.47376
BLOCK10/SES103/SA103S24	SES125	-2.69867	-11.1724	-8.47376
BLOCK10/SES103/SA103S24	SES148	-2.18447	-10.6582	-8.47376
BLOCK10/SES103/SA103S24	SES158	-1.66357	-10.1373	-8.47376
BLOCK10/SES103/SA103S26	SES104	-0.84926	-9.07482	-8.22556
BLOCK10/SES103/SA103S26	SES106	-2.02486	-10.2504	-8.22556
BLOCK10/SES103/SA103S26	SES125	-1.24969	-9.47525	-8.22556
BLOCK10/SES103/SA103S26	SES148	-2.21196	-10.4375	-8.22556
BLOCK10/SES103/SA103S28	SES104	-0.625399	-9.31857	-8.69317
BLOCK10/SES103/SA103S28	SES106	-1.62454	-10.3177	-8.69317
BLOCK10/SES103/SA103S28	SES125	-2.14819	-10.8414	-8.69317
BLOCK10/SES103/SA103S28	SES206	-2.18821	-10.8814	-8.69317
BLOCK12/SES121/SA121S12	SES042	-1.50597	-9.95984	-8.45387
BLOCK12/SES121/SA121S12	SES087	-1.4651	-9.91897	-8.45387
BLOCK12/SES121/SA121S12	SES105	-0.568969	-9.02284	-8.45387
BLOCK12/SES121/SA121S12	SES206	-0.886443	-9.34031	-8.45387
BLOCK12/SES121/SA121S14	SES007	-2.42302	-12.9449	-10.5219
BLOCK12/SES121/SA121S14	SES105	-1.62068	-12.1426	-10.5219
BLOCK12/SES121/SA121S14	SES106	-1.49453	-12.0164	-10.5219
BLOCK12/SES121/SA121S14	SES206	-1.67547	-12.1974	-10.5219
BLOCK12/SES121/SA121S23	SES105	-1.42629	-11.3632	-9.93692
BLOCK12/SES121/SA121S23	SES106	-1.21292	-11.1498	-9.93692
BLOCK12/SES121/SA121S23	SES120	-1.97722	-11.9141	-9.93692
BLOCK12/SES121/SA121S23	SES206	-0.782845	-10.7198	-9.93692
BLOCK12/SES121/SA121S25	SES007	-1.11056	-11.9008	-10.7903
BLOCK12/SES121/SA121S25	SES105	-1.29993	-12.0902	-10.7903
BLOCK12/SES121/SA121S25	SES106	-0.563131	-11.3534	-10.7903
BLOCK12/SES121/SA121S25	SES206	-1.25795	-12.0482	-10.7903
BLOCK12/SES121/SA121S27	SES087	0.796277	-9.52387	-10.3202
BLOCK12/SES121/SA121S27	SES105	-2.54964	-12.8698	-10.3202
BLOCK12/SES121/SA121S27	SES120	-0.204669	-10.5248	-10.3202
BLOCK12/SES121/SA121S27	SES206	-0.875269	-11.1954	-10.3202
BLOCK12/SES124/SA124S16	SES042	-0.0273604	-6.82704	-6.79968
BLOCK12/SES124/SA124S16	SES082	-0.410893	-7.21057	-6.79968
BLOCK12/SES124/SA124S16	SES183	-1.40158	-8.20126	-6.79968
BLOCK12/SES124/SA124S16	SES206	-0.884355	-7.68403	-6.79968
BLOCK12/SES124/SA124S17	SES105	-1.93137	-9.99177	-8.0604
BLOCK12/SES124/SA124S17	SES149	-0.899279	-8.95968	-8.0604
BLOCK12/SES124/SA124S17	SES158	-1.91895	-9.97935	-8.0604
BLOCK12/SES124/SA124S17	SES275	-1.47123	-9.53163	-8.0604
BLOCK12/SES124/SA124S23	SES105	-1.98955	-8.2526	-6.26305
BLOCK12/SES124/SA124S23	SES125	0.368885	-5.89416	-6.26305
BLOCK12/SES124/SA124S23	SES129	-1.87625	-8.13929	-6.26305
BLOCK12/SES124/SA124S23	SES158	-1.59821	-7.86125	-6.26305
BLOCK12/SES124/SA124S26	SES105	-1.90226	-9.79155	-7.88929
BLOCK12/SES124/SA124S26	SES125	-0.182973	-8.07226	-7.88929
BLOCK12/SES124/SA124S26	SES129	-2.01309	-9.90239	-7.88929
BLOCK12/SES124/SA124S26	SES158	-0.664674	-8.55397	-7.88929
BLOCK12/SES124/SA124S28	SES104	-0.580704	-7.63207	-7.05136
BLOCK12/SES124/SA124S28	SES106	-0.998979	-8.05034	-7.05136
BLOCK12/SES124/SA124S28	SES125	0.0470886	-7.00428	-7.05136
BLOCK12/SES124/SA124S28	SES275	-1.11644	-8.16781	-7.05136
BLOCK12/SES126/SA126S13	SES007	-0.377153	-8.25357	-7.87642
BLOCK12/SES126/SA126S13	SES162	-1.27017	-9.14658	-7.87642
BLOCK12/SES126/SA126S13	SES177	-0.382337	-8.25875	-7.87642
BLOCK12/SES126/SA126S13	SES180	-1.35618	-9.23259	-7.87642
BLOCK12/SES126/SA126S14	SES144	-0.372616	-7.64967	-7.27705
BLOCK12/SES126/SA126S14	SES148	-1.17412	-8.45118	-7.27705
BLOCK12/SES126/SA126S14	SES177	-0.594201	-7.87126	-7.27705
BLOCK12/SES126/SA126S14	SES180	-1.37235	-8.64941	-7.27705
BLOCK12/SES126/SA126S20	SES007	-0.697483	-7.15038	-6.4529
BLOCK12/SES126/SA126S20	SES162	-1.23327	-7.68617	-6.4529
BLOCK12/SES126/SA126S20	SES172	-1.59363	-8.04653	-6.4529
BLOCK12/SES126/SA126S20	SES180	-1.22765	-7.68054	-6.4529
BLOCK12/SES126/SA126S24	SES120	0.156584	-7.00786	-7.16444
BLOCK12/SES126/SA126S24	SES162	-0.949044	-8.11348	-7.16444
BLOCK12/SES126/SA126S24	SES177	-0.0878735	-7.25231	-7.16444
BLOCK12/SES126/SA126S24	SES180	-0.540457	-7.7049	-7.16444
BLOCK12/SES126/SA126S26	SES120	0.476252	-7.20858	-7.68483
BLOCK12/SES126/SA126S26	SES177	-0.0481143	-7.73294	-7.68483
BLOCK12/SES126/SA126S26	SES180	-0.351596	-8.03642	-7.68483
BLOCK12/SES126/SA126S26	SES202	-0.730443	-8.41527	-7.68483
BLOCK12/SES128/SA128S10	SES087	-2.10528	-10.1248	-8.01955
BLOCK12/SES128/SA128S10	SES206	-0.825641	-8.84519	-8.01955
BLOCK12/SES128/SA128S10	SES226	-0.286384	-8.30593	-8.01955
BLOCK12/SES128/SA128S10	SES270	-0.721941	-8.74149	-8.01955
BLOCK12/SES128/SA128S12	SES120	-0.0119343	-8.1419	-8.12997
BLOCK12/SES128/SA128S12	SES158	-0.187001	-8.31697	-8.12997
BLOCK12/SES128/SA128S12	SES206	-0.250564	-8.38053	-8.12997
BLOCK12/SES128/SA128S12	SES226	-1.47709	-9.60706	-8.12997
BLOCK12/SES128/SA128S21	SES106	-0.975787	-8.88573	-7.90994
BLOCK12/SES128/SA128S21	SES120	-0.842941	-8.75288	-7.90994
BLOCK12/SES128/SA128S21	SES206	-1.00483	-8.91478	-7.90994
BLOCK12/SES128/SA128S21	SES226	0.243935	-7.66601	-7.90994
BLOCK12/SES128/SA128S24	SES087	-1.30861	-9.61645	-8.30783
BLOCK12/SES128/SA128S24	SES120	-0.642269	-8.9501	-8.30783
BLOCK12/SES128/SA128S24	SES206	-0.452204	-8.76004	-8.30783
BLOCK12/SES128/SA128S24	SES226	-1.29327	-9.60111	-8.30783
BLOCK12/SES128/SA128S27	SES099	0.0552888	-7.13978	-7.19507
BLOCK12/SES128/SA128S27	SES120	-0.119617	-7.31469	-7.19507
BLOCK12/SES128/SA128S27	SES206	-0.811327	-8.00639	-7.19507
BLOCK12/SES128/SA128S27	SES226	-1.07056	-8.26563	-7.19507
BLOCK13/SES130/SA130S13	SES143	-0.320967	-9.0267	-8.70573
BLOCK13/SES130/SA130S13	SES144	0.362257	-8.34347	-8.70573
BLOCK13/SES130/SA130S13	SES146	-2.09033	-10.7961	-8.70573
BLOCK13/SES130/SA130S13	SES275	-2.41785	-11.1236	-8.70573
BLOCK13/SES130/SA130S15	SES143	-0.567668	-7.91949	-7.35182
BLOCK13/SES130/SA130S15	SES144	0.489482	-6.86234	-7.35182
BLOCK13/SES130/SA130S15	SES146	-0.254251	-7.60607	-7.35182
BLOCK13/SES130/SA130S15	SES275	-0.900273	-8.25209	-7.35182
BLOCK13/SES130/SA130S23	SES127	-1.12825	-8.9958	-7.86755
BLOCK13/SES130/SA130S23	SES144	-0.164524	-8.03207	-7.86755
BLOCK13/SES130/SA130S23	SES146	-0.785604	-8.65315	-7.86755
BLOCK13/SES130/SA130S23	SES162	-0.930219	-8.79777	-7.86755
BLOCK13/SES130/SA130S25	SES127	-0.946118	-7.52234	-6.57623
BLOCK13/SES130/SA130S25	SES144	-0.217085	-6.79331	-6.57623
BLOCK13/SES130/SA130S25	SES146	-1.12598	-7.7022	-6.57623
BLOCK13/SES130/SA130S25	SES275	-1.09047	-7.66669	-6.57623
BLOCK13/SES130/SA130S28	SES127	-0.635713	-8.61331	-7.9776
BLOCK13/SES130/SA130S28	SES144	-0.592863	-8.57046	-7.9776
BLOCK13/SES130/SA130S28	SES146	-0.300534	-8.27814	-7.9776
BLOCK13/SES130/SA130S28	SES275	-0.750613	-8.72821	-7.9776
BLOCK13/SES131/SA131S13	SES002	-1.51596	-10.1552	-8.63922
BLOCK13/SES131/SA131S13	SES007	-1.34149	-9.98071	-8.63922
BLOCK13/SES131/SA131S13	SES099	-0.00502777	-8.64425	-8.63922
BLOCK13/SES131/SA131S13	SES105	-1.43955	-10.0788	-8.63922
BLOCK13/SES131/SA131S14	SES104	-0.680926	-6.99611	-6.31519
BLOCK13/SES131/SA131S14	SES106	-2.11712	-8.43231	-6.31519
BLOCK13/SES131/SA131S14	SES125	-1.52586	-7.84105	-6.31519
BLOCK13/SES131/SA131S14	SES148	-0.073976	-6.38916	-6.31519
BLOCK13/SES131/SA131S20	SES104	-1.09687	-9.7294	-8.63253
BLOCK13/SES131/SA131S20	SES106	-1.81244	-10.445	-8.63253
BLOCK13/SES131/SA131S20	SES125	-1.52121	-10.1537	-8.63253
BLOCK13/SES131/SA131S20	SES148	-1.74606	-10.3786	-8.63253
BLOCK13/SES131/SA131S22	SES099	-0.565779	-7.53846	-6.97268
BLOCK13/SES131/SA131S22	SES104	-0.716693	-7.68937	-6.97268
BLOCK13/SES131/SA131S22	SES125	-0.575071	-7.54775	-6.97268
BLOCK13/SES131/SA131S22	SES206	-0.801055	-7.77373	-6.97268
BLOCK13/SES131/SA131S29	SES087	-1.51759	-10.2208	-8.70323
BLOCK13/SES131/SA131S29	SES104	-1.92919	-10.6324	-8.70323
BLOCK13/SES131/SA131S29	SES125	-3.79336	-12.4966	-8.70323
BLOCK13/SES131/SA131S29	SES206	-2.22801	-10.9312	-8.70323
BLOCK13/SES132/SA132S11	SES083	-1.46144	-9.06059	-7.59915
BLOCK13/SES132/SA132S11	SES120	0.193269	-7.40588	-7.59915
BLOCK13/SES132/SA132S11	SES127	-2.13061	-9.72976	-7.59915
BLOCK13/SES132/SA132S11	SES275	-1.15078	-8.74993	-7.59915
BLOCK13/SES132/SA132S12	SES083	-1.54385	-8.88432	-7.34047
BLOCK13/SES132/SA132S12	SES143	-1.69453	-9.035	-7.34047
BLOCK13/SES132/SA132S12	SES144	-0.584655	-7.92512	-7.34047
BLOCK13/SES132/SA132S12	SES148	-1.1685	-8.50897	-7.34047
BLOCK13/SES132/SA132S22	SES062	-0.31532	-8.08278	-7.76746
BLOCK13/SES132/SA132S22	SES083	-1.58041	-9.34787	-7.76746
BLOCK13/SES132/SA132S22	SES127	-1.62337	-9.39083	-7.76746
BLOCK13/SES132/SA132S22	SES275	-0.485382	-8.25284	-7.76746
BLOCK13/SES132/SA132S24	SES007	-0.527536	-7.5474	-7.01987
BLOCK13/SES132/SA132S24	SES083	-1.71973	-8.73959	-7.01987
BLOCK13/SES132/SA132S24	SES127	-2.47616	-9.49603	-7.01987
BLOCK13/SES132/SA132S24	SES275	-0.845254	-7.86512	-7.01987
BLOCK13/SES132/SA132S27	SES083	-2.36046	-10.981	-8.62053
BLOCK13/SES132/SA132S27	SES120	0.516065	-8.10446	-8.62053
BLOCK13/SES132/SA132S27	SES127	-3.98432	-12.6048	-8.62053
BLOCK13/SES132/SA132S27	SES275	-1.44546	-10.066	-8.62053
BLOCK14/SES141/SA141S09	SES143	-1.07947	-8.00397	-6.9245
BLOCK14/SES141/SA141S09	SES144	-0.1715	-7.096	-6.9245
BLOCK14/SES141/SA141S09	SES162	-0.929956	-7.85446	-6.9245
BLOCK14/SES141/SA141S09	SES180	-0.836911	-7.76141	-6.9245
BLOCK14/SES141/SA141S15	SES127	-1.89305	-9.66031	-7.76726
BLOCK14/SES141/SA141S15	SES144	-1.29469	-9.06194	-7.76726
BLOCK14/SES141/SA141S15	SES162	-1.92305	-9.69031	-7.76726
BLOCK14/SES141/SA141S15	SES180	-1.35446	-9.12172	-7.76726
BLOCK14/SES141/SA141S24	SES127	-1.88751	-9.45287	-7.56537
BLOCK14/SES141/SA141S24	SES144	-0.975422	-8.54079	-7.56537
BLOCK14/SES141/SA141S24	SES162	-1.46167	-9.02704	-7.56537
BLOCK14/SES141/SA141S24	SES183	-1.13341	-8.69878	-7.56537
BLOCK14/SES141/SA141S26	SES142	-0.0584326	-8.28149	-8.22306
BLOCK14/SES141/SA141S26	SES144	-1.09871	-9.32177	-8.22306
BLOCK14/SES141/SA141S26	SES172	-0.644083	-8.86714	-8.22306
BLOCK14/SES141/SA141S26	SES180	-1.06449	-9.28754	-8.22306
BLOCK14/SES141/SA141S29	SES127	-1.41946	-8.59409	-7.17463
BLOCK14/SES141/SA141S29	SES142	0.30389	-6.87074	-7.17463
BLOCK14/SES141/SA141S29	SES144	-0.150423	-7.32505	-7.17463
BLOCK14/SES141/SA141S29	SES180	-0.312094	-7.48673	-7.17463
BLOCK15/SES157/SA157S08	SES083	-1.16143	-8.35778	-7.19635
BLOCK15/SES157/SA157S08	SES127	-1.08605	-8.2824	-7.19635
BLOCK15/SES157/SA157S08	SES148	-0.211658	-7.40801	-7.19635
BLOCK15/SES157/SA157S08	SES292	-1.4529	-8.64925	-7.19635
BLOCK15/SES157/SA157S11	SES083	-1.123	-9.06722	-7.94422
BLOCK15/SES157/SA157S11	SES127	-1.04849	-8.99271	-7.94422
BLOCK15/SES157/SA157S11	SES148	-1.46699	-9.41121	-7.94422
BLOCK15/SES157/SA157S11	SES292	-1.78742	-9.73163	-7.94422
BLOCK15/SES157/SA157S21	SES127	-0.306673	-7.0827	-6.77603
BLOCK15/SES157/SA157S21	SES148	0.00178909	-6.77424	-6.77603
BLOCK15/SES157/SA157S21	SES158	-3.70947	-10.4855	-6.77603
BLOCK15/SES157/SA157S21	SES292	-1.63197	-8.40799	-6.77603
BLOCK15/SES157/SA157S24	SES127	-0.443581	-8.6407	-8.19712
BLOCK15/SES157/SA157S24	SES148	-0.461233	-8.65835	-8.19712
BLOCK15/SES157/SA157S24	SES183	-0.714023	-8.91114	-8.19712
BLOCK15/SES157/SA157S24	SES292	-1.64501	-9.84212	-8.19712
BLOCK15/SES157/SA157S26	SES007	-0.923127	-8.25814	-7.33501
BLOCK15/SES157/SA157S26	SES127	-0.631488	-7.9665	-7.33501
BLOCK15/SES157/SA157S26	SES147	-1.32303	-8.65805	-7.33501
BLOCK15/SES157/SA157S26	SES148	-1.04978	-8.38479	-7.33501
BLOCK16/SES161/SA161S10	SES007	-0.79819	-8.47295	-7.67476
BLOCK16/SES161/SA161S10	SES105	-0.821844	-8.4966	-7.67476
BLOCK16/SES161/SA161S10	SES158	-1.33162	-9.00638	-7.67476
BLOCK16/SES161/SA161S10	SES275	-0.595464	-8.27022	-7.67476
BLOCK16/SES161/SA161S12	SES007	-1.92671	-11.1258	-9.19911
BLOCK16/SES161/SA161S12	SES105	-1.21974	-10.4188	-9.19911
BLOCK16/SES161/SA161S12	SES158	-1.12615	-10.3253	-9.19911
BLOCK16/SES161/SA161S12	SES275	-3.06358	-12.2627	-9.19911
BLOCK16/SES161/SA161S20	SES007	-0.617597	-9.81841	-9.20082
BLOCK16/SES161/SA161S20	SES105	-1.88202	-11.0828	-9.20082
BLOCK16/SES161/SA161S20	SES158	-0.189649	-9.39046	-9.20082
BLOCK16/SES161/SA161S20	SES275	-2.11246	-11.3133	-9.20082
BLOCK16/SES161/SA161S23	SES007	-2.22838	-11.2529	-9.02451
BLOCK16/SES161/SA161S23	SES105	-0.504629	-9.52914	-9.02451
BLOCK16/SES161/SA161S23	SES148	-2.36746	-11.392	-9.02451
BLOCK16/SES161/SA161S23	SES158	-2.42707	-11.4516	-9.02451
BLOCK16/SES161/SA161S28	SES007	-0.981812	-9.35893	-8.37712
BLOCK16/SES161/SA161S28	SES105	-1.91136	-10.2885	-8.37712
BLOCK16/SES161/SA161S28	SES158	-0.102383	-8.4795	-8.37712
BLOCK16/SES161/SA161S28	SES206	-0.611866	-8.98898	-8.37712
BLOCK16/SES164/SA164S11	SES104	-1.29007	-8.95516	-7.66509
BLOCK16/SES164/SA164S11	SES125	-0.390182	-8.05527	-7.66509
BLOCK16/SES164/SA164S11	SES158	-1.34352	-9.00861	-7.66509
BLOCK16/SES164/SA164S11	SES206	-3.24911	-10.9142	-7.66509
BLOCK16/SES164/SA164S13	SES099	-2.11782	-10.4866	-8.36875
BLOCK16/SES164/SA164S13	SES104	-0.985492	-9.35424	-8.36875
BLOCK16/SES164/SA164S13	SES125	-1.2096	-9.57835	-8.36875
BLOCK16/SES164/SA164S13	SES206	-2.20932	-10.5781	-8.36875
BLOCK16/SES164/SA164S24	SES002	0.223985	-7.59372	-7.8177
BLOCK16/SES164/SA164S24	SES099	-1.01886	-8.83657	-7.8177
BLOCK16/SES164/SA164S24	SES125	-0.931419	-8.74912	-7.8177
BLOCK16/SES164/SA164S24	SES226	0.480933	-7.33677	-7.8177
BLOCK16/SES164/SA164S27	SES087	-2.92394	-11.4739	-8.54993
BLOCK16/SES164/SA164S27	SES125	-0.610045	-9.15997	-8.54993
BLOCK16/SES164/SA164S27	SES206	-2.12915	-10.6791	-8.54993
BLOCK16/SES164/SA164S27	SES226	-0.293709	-8.84363	-8.54993
BLOCK16/SES164/SA164S29	SES002	-0.224307	-8.23348	-8.00918
BLOCK16/SES164/SA164S29	SES019	-1.79295	-9.80213	-8.00918
BLOCK16/SES164/SA164S29	SES125	-0.476235	-8.48541	-8.00918
BLOCK16/SES164/SA164S29	SES226	-0.211679	-8.22085	-8.00918
BLOCK16/SES169/SA169S13	SES117	-1.23955	-8.91924	-7.67969
BLOCK16/SES169/SA169S13	SES144	-0.723931	-8.40362	-7.67969
BLOCK16/SES169/SA169S13	SES146	-0.646727	-8.32641	-7.67969
BLOCK16/SES169/SA169S13	SES162	-1.31125	-8.99094	-7.67969
BLOCK16/SES169/SA169S14	SES144	-0.766653	-7.07591	-6.30926
BLOCK16/SES169/SA169S14	SES148	-0.49325	-6.80251	-6.30926
BLOCK16/SES169/SA169S14	SES177	-0.336363	-6.64562	-6.30926
BLOCK16/SES169/SA169S14	SES180	-0.866803	-7.17606	-6.30926
BLOCK16/SES169/SA169S24	SES117	-0.912077	-9.31177	-8.3997
BLOCK16/SES169/SA169S24	SES144	-0.465046	-8.86474	-8.3997
BLOCK16/SES169/SA169S24	SES146	-0.533246	-8.93294	-8.3997
BLOCK16/SES169/SA169S24	SES162	-1.18119	-9.58089	-8.3997
BLOCK16/SES169/SA169S27	SES127	-0.65038	-8.30588	-7.6555
BLOCK16/SES169/SA169S27	SES129	-0.558593	-8.2141	-7.6555
BLOCK16/SES169/SA169S27	SES144	-0.438046	-8.09355	-7.6555
BLOCK16/SES169/SA169S27	SES146	-0.357583	-8.01309	-7.6555
BLOCK16/SES169/SA169S29	SES144	0.170768	-6.52319	-6.69396
BLOCK16/SES169/SA169S29	SES162	-0.193835	-6.8878	-6.69396
BLOCK16/SES169/SA169S29	SES177	-0.585917	-7.27988	-6.69396
BLOCK16/SES169/SA169S29	SES180	-0.973397	-7.66736	-6.69396
BLOCK17/SES171/SA171S12	SES083	-1.14058	-9.9104	-8.76982
BLOCK17/SES171/SA171S12	SES148	-2.02433	-10.7942	-8.76982
BLOCK17/SES171/SA171S12	SES172	-1.35105	-10.1209	-8.76982
BLOCK17/SES171/SA171S12	SES292	-3.07708	-11.8469	-8.76982
BLOCK17/SES171/SA171S15	SES148	-1.31923	-9.39895	-8.07972
BLOCK17/SES171/SA171S15	SES177	-0.901356	-8.98108	-8.07972
BLOCK17/SES171/SA171S15	SES180	-2.7226	-10.8023	-8.07972
BLOCK17/SES171/SA171S15	SES292	-1.73779	-9.81752	-8.07972
BLOCK17/SES171/SA171S22	SES007	-0.694358	-7.3538	-6.65944
BLOCK17/SES171/SA171S22	SES148	-0.467011	-7.12645	-6.65944
BLOCK17/SES171/SA171S22	SES177	0.0127912	-6.64665	-6.65944
BLOCK17/SES171/SA171S22	SES180	-1.339	-7.99844	-6.65944
BLOCK17/SES171/SA171S25	SES101	-1.5556	-9.70953	-8.15392
BLOCK17/SES171/SA171S25	SES120	-2.96331	-11.1172	-8.15392
BLOCK17/SES171/SA171S25	SES177	-1.07009	-9.22401	-8.15392
BLOCK17/SES171/SA171S25	SES180	-2.00495	-10.1589	-8.15392
BLOCK17/SES171/SA171S27	SES177	-0.987758	-9.09078	-8.10302
BLOCK17/SES171/SA171S27	SES180	-3.21634	-11.3194	-8.10302
BLOCK17/SES171/SA171S27	SES189	-0.517401	-8.62042	-8.10302
BLOCK17/SES171/SA171S27	SES292	-2.99635	-11.0994	-8.10302
BLOCK17/SES173/SA173S13	SES162	-2.12893	-9.8013	-7.67238
BLOCK17/SES173/SA173S13	SES177	-1.02307	-8.69544	-7.67238
BLOCK17/SES173/SA173S13	SES180	-1.64089	-9.31326	-7.67238
BLOCK17/SES173/SA173S13	SES292	0.0990396	-7.57334	-7.67238
BLOCK17/SES173/SA173S14	SES007	-0.622777	-8.11787	-7.49509
BLOCK17/SES173/SA173S14	SES162	-2.63039	-10.1255	-7.49509
BLOCK17/SES173/SA173S14	SES177	-1.17986	-8.67495	-7.49509
BLOCK17/SES173/SA173S14	SES180	-2.42284	-9.91793	-7.49509
BLOCK17/SES173/SA173S24	SES144	-1.7998	-9.81322	-8.01342
BLOCK17/SES173/SA173S24	SES162	-2.15493	-10.1684	-8.01342
BLOCK17/SES173/SA173S24	SES177	-0.348793	-8.36221	-8.01342
BLOCK17/SES173/SA173S24	SES180	-2.22588	-10.2393	-8.01342
BLOCK17/SES173/SA173S27	SES162	-3.65792	-11.276	-7.61806
BLOCK17/SES173/SA173S27	SES177	-1.02873	-8.64679	-7.61806
BLOCK17/SES173/SA173S27	SES180	-1.77683	-9.39489	-7.61806
BLOCK17/SES173/SA173S27	SES292	-0.207104	-7.82516	-7.61806
BLOCK17/SES173/SA173S29	SES162	-2.10295	-10.2045	-8.10155
BLOCK17/SES173/SA173S29	SES175	-0.527013	-8.62857	-8.10155
BLOCK17/SES173/SA173S29	SES177	-0.455831	-8.55738	-8.10155
BLOCK17/SES173/SA173S29	SES292	-1.31589	-9.41745	-8.10155
BLOCK18/SES182/SA182S10	SES144	-1.35182	-8.27192	-6.9201
BLOCK18/SES182/SA182S10	SES177	-1.6311	-8.5512	-6.9201
BLOCK18/SES182/SA182S10	SES180	-2.75551	-9.67562	-6.9201
BLOCK18/SES182/SA182S10	SES275	-0.887684	-7.80779	-6.9201
BLOCK18/SES182/SA182S12	SES144	-0.702034	-7.64227	-6.94023
BLOCK18/SES182/SA182S12	SES177	-0.614801	-7.55503	-6.94023
BLOCK18/SES182/SA182S12	SES180	-2.25064	-9.19088	-6.94023
BLOCK18/SES182/SA182S12	SES275	-0.655278	-7.59551	-6.94023
BLOCK18/SES182/SA182S21	SES117	-1.32597	-9.80791	-8.48194
BLOCK18/SES182/SA182S21	SES144	-0.842134	-9.32407	-8.48194
BLOCK18/SES182/SA182S21	SES162	-1.22245	-9.70438	-8.48194
BLOCK18/SES182/SA182S21	SES180	-2.61079	-11.0927	-8.48194
BLOCK18/SES182/SA182S23	SES117	-1.70074	-10.2675	-8.56678
BLOCK18/SES182/SA182S23	SES144	-1.73442	-10.3012	-8.56678
BLOCK18/SES182/SA182S23	SES180	-4.5083	-13.0751	-8.56678
BLOCK18/SES182/SA182S23	SES275	-1.54817	-10.1149	-8.56678
BLOCK18/SES182/SA182S25	SES007	0.280159	-7.76873	-8.04889
BLOCK18/SES182/SA182S25	SES162	-1.02484	-9.07372	-8.04889
BLOCK18/SES182/SA182S25	SES177	-0.693962	-8.74285	-8.04889
BLOCK18/SES182/SA182S25	SES180	-2.23571	-10.2846	-8.04889
BLOCK18/SES184/SA184S12	SES177	-1.39905	-8.79294	-7.39389
BLOCK18/SES184/SA184S12	SES180	-0.183853	-7.57774	-7.39389
BLOCK18/SES184/SA184S12	SES189	-1.27984	-8.67372	-7.39389
BLOCK18/SES184/SA184S12	SES292	0.0632453	-7.33064	-7.39389
BLOCK18/SES184/SA184S13	SES101	-0.68485	-8.43302	-7.74817
BLOCK18/SES184/SA184S13	SES177	-0.758486	-8.50666	-7.74817
BLOCK18/SES184/SA184S13	SES180	-0.793272	-8.54145	-7.74817
BLOCK18/SES184/SA184S13	SES292	-0.714037	-8.46221	-7.74817
BLOCK18/SES184/SA184S22	SES177	-1.43741	-9.31171	-7.87429
BLOCK18/SES184/SA184S22	SES180	-0.234385	-8.10868	-7.87429
BLOCK18/SES184/SA184S22	SES189	-1.06111	-8.9354	-7.87429
BLOCK18/SES184/SA184S22	SES292	-0.429691	-8.30398	-7.87429
BLOCK18/SES184/SA184S25	SES101	-0.916201	-8.29124	-7.37504
BLOCK18/SES184/SA184S25	SES177	-1.34204	-8.71707	-7.37504
BLOCK18/SES184/SA184S25	SES180	-0.1542	-7.52924	-7.37504
BLOCK18/SES184/SA184S25	SES292	-0.702093	-8.07713	-7.37504
BLOCK18/SES184/SA184S27	SES083	-0.656427	-8.32689	-7.67046
BLOCK18/SES184/SA184S27	SES177	-0.469473	-8.13993	-7.67046
BLOCK18/SES184/SA184S27	SES202	-0.53874	-8.2092	-7.67046
BLOCK18/SES184/SA184S27	SES292	-0.760562	-8.43102	-7.67046
BLOCK20/SES204/SA204S12	SES062	-0.778584	-7.81722	-7.03864
BLOCK20/SES204/SA204S12	SES083	-1.92742	-8.96605	-7.03864
BLOCK20/SES204/SA204S12	SES206	-0.719393	-7.75803	-7.03864
BLOCK20/SES204/SA204S12	SES226	-1.03477	-8.0734	-7.03864
BLOCK20/SES204/SA204S14	SES068	-0.463635	-6.64253	-6.1789
BLOCK20/SES204/SA204S14	SES087	-0.183784	-6.36268	-6.1789
BLOCK20/SES204/SA204S14	SES206	-1.11696	-7.29586	-6.1789
BLOCK20/SES204/SA204S14	SES226	-1.40411	-7.58301	-6.1789
BLOCK20/SES204/SA204S22	SES068	-0.369457	-7.4308	-7.06135
BLOCK20/SES204/SA204S22	SES082	-0.738299	-7.79965	-7.06135
BLOCK20/SES204/SA204S22	SES083	-2.27543	-9.33678	-7.06135
BLOCK20/SES204/SA204S22	SES206	-0.536207	-7.59755	-7.06135
BLOCK20/SES204/SA204S25	SES062	-0.771774	-7.53384	-6.76206
BLOCK20/SES204/SA204S25	SES083	-2.35314	-9.1152	-6.76206
BLOCK20/SES204/SA204S25	SES206	-0.472946	-7.23501	-6.76206
BLOCK20/SES204/SA204S25	SES226	-1.05813	-7.82019	-6.76206
BLOCK20/SES204/SA204S27	SES068	-0.299819	-8.02039	-7.72057
BLOCK20/SES204/SA204S27	SES082	-1.598	-9.31857	-7.72057
BLOCK20/SES204/SA204S27	SES087	0.245525	-7.47505	-7.72057
BLOCK20/SES204/SA204S27	SES206	-1.87311	-9.59368	-7.72057
BLOCK20/SES207/SA207S10	SES127	-2.28172	-9.51685	-7.23513
BLOCK20/SES207/SA207S10	SES183	-1.1225	-8.35762	-7.23513
BLOCK20/SES207/SA207S10	SES189	-0.632545	-7.86767	-7.23513
BLOCK20/SES207/SA207S10	SES292	-1.41653	-8.65166	-7.23513
BLOCK20/SES207/SA207S11	SES127	-1.96449	-10.1661	-8.20166
BLOCK20/SES207/SA207S11	SES183	-1.42017	-9.62183	-8.20166
BLOCK20/SES207/SA207S11	SES187	-1.10848	-9.31014	-8.20166
BLOCK20/SES207/SA207S11	SES292	-0.659989	-8.86165	-8.20166
BLOCK20/SES207/SA207S25	SES068	-0.70624	-9.07881	-8.37257
BLOCK20/SES207/SA207S25	SES083	-1.39376	-9.76634	-8.37257
BLOCK20/SES207/SA207S25	SES127	-0.557525	-8.9301	-8.37257
BLOCK20/SES207/SA207S25	SES187	-0.783656	-9.15623	-8.37257
BLOCK20/SES207/SA207S27	SES127	-1.88733	-9.96274	-8.07541
BLOCK20/SES207/SA207S27	SES183	-1.36836	-9.44378	-8.07541
BLOCK20/SES207/SA207S27	SES187	-0.969812	-9.04523	-8.07541
BLOCK20/SES207/SA207S27	SES292	-1.5583	-9.63371	-8.07541
BLOCK20/SES207/SA207S29	SES083	-2.19775	-9.8783	-7.68056
BLOCK20/SES207/SA207S29	SES085	-1.24744	-8.92799	-7.68056
BLOCK20/SES207/SA207S29	SES172	-0.485891	-8.16645	-7.68056
BLOCK20/SES207/SA207S29	SES189	-1.95479	-9.63535	-7.68056
BLOCK22/SES221/SA221S12	SES068	0.0296469	-6.73294	-6.76259
BLOCK22/SES221/SA221S12	SES143	-1.08129	-7.84388	-6.76259
BLOCK22/SES221/SA221S12	SES175	-0.233822	-6.99641	-6.76259
BLOCK22/SES221/SA221S12	SES202	-0.484806	-7.2474	-6.76259
BLOCK22/SES221/SA221S15	SES085	0.0679331	-7.10444	-7.17237
BLOCK22/SES221/SA221S15	SES143	-0.940313	-8.11268	-7.17237
BLOCK22/SES221/SA221S15	SES175	-0.597083	-7.76945	-7.17237
BLOCK22/SES221/SA221S15	SES187	-0.851362	-8.02373	-7.17237
BLOCK22/SES221/SA221S23	SES068	0.460855	-6.62855	-7.08941
BLOCK22/SES221/SA221S23	SES143	-1.46011	-8.54951	-7.08941
BLOCK22/SES221/SA221S23	SES175	-0.874758	-7.96417	-7.08941
BLOCK22/SES221/SA221S23	SES189	-1.27493	-8.36434	-7.08941
BLOCK22/SES221/SA221S27	SES085	0.633958	-7.15389	-7.78785
BLOCK22/SES221/SA221S27	SES143	-0.991348	-8.77919	-7.78785
BLOCK22/SES221/SA221S27	SES175	-0.656553	-8.4444	-7.78785
BLOCK22/SES221/SA221S27	SES189	-0.679218	-8.46706	-7.78785
BLOCK22/SES221/SA221S29	SES085	0.0695949	-7.00988	-7.07948
BLOCK22/SES221/SA221S29	SES143	-0.697553	-7.77703	-7.07948
BLOCK22/SES221/SA221S29	SES175	-0.149259	-7.22874	-7.07948
BLOCK22/SES221/SA221S29	SES187	-0.82429	-7.90377	-7.07948
BLOCK22/SES223/SA223S11	SES143	-0.997919	-8.68793	-7.69001
BLOCK22/SES223/SA223S11	SES144	-1.89621	-9.58622	-7.69001
BLOCK22/SES223/SA223S11	SES175	-0.570099	-8.26011	-7.69001
BLOCK22/SES223/SA223S11	SES187	-1.19877	-8.88878	-7.69001
BLOCK22/SES223/SA223S13	SES068	0.214955	-7.57859	-7.79355
BLOCK22/SES223/SA223S13	SES143	-1.20816	-9.00171	-7.79355
BLOCK22/SES223/SA223S13	SES146	-0.804206	-8.59775	-7.79355
BLOCK22/SES223/SA223S13	SES202	-0.800809	-8.59436	-7.79355
BLOCK22/SES223/SA223S22	SES143	-0.479665	-7.72964	-7.24997
BLOCK22/SES223/SA223S22	SES144	-1.94842	-9.19839	-7.24997
BLOCK22/SES223/SA223S22	SES175	-0.495372	-7.74534	-7.24997
BLOCK22/SES223/SA223S22	SES187	-1.31148	-8.56145	-7.24997
BLOCK22/SES223/SA223S25	SES068	-0.619761	-8.11178	-7.49202
BLOCK22/SES223/SA223S25	SES143	-1.1653	-8.65732	-7.49202
BLOCK22/SES223/SA223S25	SES175	-0.860136	-8.35215	-7.49202
BLOCK22/SES223/SA223S25	SES187	-1.43909	-8.93111	-7.49202
BLOCK22/SES223/SA223S27	SES143	-0.467494	-8.44903	-7.98153
BLOCK22/SES223/SA223S27	SES146	-1.84081	-9.82234	-7.98153
BLOCK22/SES223/SA223S27	SES187	-1.15608	-9.13761	-7.98153
BLOCK22/SES223/SA223S27	SES292	-0.342541	-8.32407	-7.98153
BLOCK27/SES273/SA273S12	SES099	-0.0244455	-7.51036	-7.48592
BLOCK27/SES273/SA273S12	SES104	0.337521	-7.1484	-7.48592
BLOCK27/SES273/SA273S12	SES125	-0.175712	-7.66163	-7.48592
BLOCK27/SES273/SA273S12	SES206	0.0572834	-7.42863	-7.48592
BLOCK27/SES273/SA273S13	SES099	-0.970387	-7.87463	-6.90424
BLOCK27/SES273/SA273S13	SES104	0.0913396	-6.8129	-6.90424
BLOCK27/SES273/SA273S13	SES206	-1.60443	-8.50867	-6.90424
BLOCK27/SES273/SA273S13	SES292	-0.865154	-7.76939	-6.90424
BLOCK27/SES273/SA273S21	SES099	-0.73037	-8.54055	-7.81018
BLOCK27/SES273/SA273S21	SES148	-1.93843	-9.74861	-7.81018
BLOCK27/SES273/SA273S21	SES149	-1.28767	-9.09785	-7.81018
BLOCK27/SES273/SA273S21	SES177	-1.86534	-9.67552	-7.81018
BLOCK27/SES273/SA273S25	SES104	0.198496	-8.13867	-8.33716
BLOCK27/SES273/SA273S25	SES125	-0.890339	-9.2275	-8.33716
BLOCK27/SES273/SA273S25	SES158	0.46368	-7.87348	-8.33716
BLOCK27/SES273/SA273S25	SES206	-0.14396	-8.48112	-8.33716
BLOCK27/SES273/SA273S27	SES099	-0.50755	-6.93249	-6.42494
BLOCK27/SES273/SA273S27	SES104	-0.449672	-6.87461	-6.42494
BLOCK27/SES273/SA273S27	SES149	-1.05244	-7.47738	-6.42494
BLOCK27/SES273/SA273S27	SES275	-1.03779	-7.46274	-6.42494
BLOCK27/SES274/SA274S10	SES105	-1.67293	-8.27034	-6.59741
BLOCK27/SES274/SA274S10	SES125	-1.42369	-8.0211	-6.59741
BLOCK27/SES274/SA274S10	SES129	-0.0547652	-6.65218	-6.59741
BLOCK27/SES274/SA274S10	SES158	-3.93596	-10.5334	-6.59741
BLOCK27/SES274/SA274S11	SES105	-1.02524	-7.67954	-6.6543
BLOCK27/SES274/SA274S11	SES149	-0.552539	-7.20684	-6.6543
BLOCK27/SES274/SA274S11	SES158	-1.26328	-7.91758	-6.6543
BLOCK27/SES274/SA274S11	SES275	-0.0927181	-6.74702	-6.6543
BLOCK27/SES274/SA274S21	SES105	-1.10668	-7.89595	-6.78927
BLOCK27/SES274/SA274S21	SES129	0.104564	-6.68471	-6.78927
BLOCK27/SES274/SA274S21	SES149	-1.68512	-8.47439	-6.78927
BLOCK27/SES274/SA274S21	SES158	-3.37846	-10.1677	-6.78927
BLOCK27/SES274/SA274S24	SES105	-1.49373	-9.22592	-7.7322
BLOCK27/SES274/SA274S24	SES129	0.356085	-7.37611	-7.7322
BLOCK27/SES274/SA274S24	SES149	-2.26604	-9.99824	-7.7322
BLOCK27/SES274/SA274S24	SES158	-4.71023	-12.4424	-7.7322
BLOCK27/SES274/SA274S29	SES105	-1.24113	-8.41693	-7.1758
BLOCK27/SES274/SA274S29	SES106	-1.75331	-8.92911	-7.1758
BLOCK27/SES274/SA274S29	SES120	-0.850807	-8.02661	-7.1758
BLOCK27/SES274/SA274S29	SES275	-0.514918	-7.69072	-7.1758
BLOCK27/SES276/SA276S16	SES148	-0.432679	-7.38606	-6.95338
BLOCK27/SES276/SA276S16	SES172	0.134303	-6.81908	-6.95338
BLOCK27/SES276/SA276S16	SES180	-0.678436	-7.63182	-6.95338
BLOCK27/SES276/SA276S16	SES292	-0.670581	-7.62396	-6.95338
BLOCK27/SES276/SA276S17	SES101	-1.05523	-8.46674	-7.41152
BLOCK27/SES276/SA276S17	SES177	-1.466	-8.87752	-7.41152
BLOCK27/SES276/SA276S17	SES180	-1.53615	-8.94767	-7.41152
BLOCK27/SES276/SA276S17	SES292	-1.05999	-8.47151	-7.41152
BLOCK27/SES276/SA276S24	SES101	-0.37199	-7.02662	-6.65463
BLOCK27/SES276/SA276S24	SES177	-0.735627	-7.39025	-6.65463
BLOCK27/SES276/SA276S24	SES180	-0.964127	-7.61876	-6.65463
BLOCK27/SES276/SA276S24	SES292	-0.954654	-7.60928	-6.65463
BLOCK27/SES276/SA276S26	SES101	-0.729185	-7.38842	-6.65923
BLOCK27/SES276/SA276S26	SES177	-0.928603	-7.58784	-6.65923
BLOCK27/SES276/SA276S26	SES180	-0.811441	-7.47067	-6.65923
BLOCK27/SES276/SA276S26	SES292	-0.230655	-6.88989	-6.65923
BLOCK27/SES276/SA276S28	SES101	-0.336344	-7.29043	-6.95408
BLOCK27/SES276/SA276S28	SES177	-0.762843	-7.71693	-6.95408
BLOCK27/SES276/SA276S28	SES180	-0.136941	-7.09102	-6.95408
BLOCK27/SES276/SA276S28	SES292	-0.241076	-7.19516	-6.95408
BLOCK27/SES277/SA277S12	SES101	-0.489075	-8.66243	-8.17336
BLOCK27/SES277/SA277S12	SES177	-2.1931	-10.3665	-8.17336
BLOCK27/SES277/SA277S12	SES180	-2.09269	-10.266	-8.17336
BLOCK27/SES277/SA277S12	SES292	-1.58154	-9.7549	-8.17336
BLOCK27/SES277/SA277S14	SES177	-0.940149	-9.56353	-8.62339
BLOCK27/SES277/SA277S14	SES180	-1.80512	-10.4285	-8.62339
BLOCK27/SES277/SA277S14	SES189	-0.0230207	-8.64641	-8.62339
BLOCK27/SES277/SA277S14	SES292	-1.82458	-10.448	-8.62339
BLOCK27/SES277/SA277S21	SES177	-0.671467	-8.99529	-8.32383
BLOCK27/SES277/SA277S21	SES180	-1.25041	-9.57424	-8.32383
BLOCK27/SES277/SA277S21	SES189	-0.10488	-8.42871	-8.32383
BLOCK27/SES277/SA277S21	SES292	-2.6771	-11.0009	-8.32383
BLOCK27/SES277/SA277S24	SES144	-0.559186	-9.21258	-8.65339
BLOCK27/SES277/SA277S24	SES177	-1.10574	-9.75914	-8.65339
BLOCK27/SES277/SA277S24	SES180	-2.73049	-11.3839	-8.65339
BLOCK27/SES277/SA277S24	SES189	0.0928659	-8.56053	-8.65339
BLOCK27/SES277/SA277S29	SES177	-0.840527	-7.05721	-6.21669
BLOCK27/SES277/SA277S29	SES180	-0.658233	-6.87492	-6.21669
BLOCK27/SES277/SA277S29	SES202	-0.311584	-6.52827	-6.21669
BLOCK27/SES277/SA277S29	SES292	-1.34696	-7.56364	-6.21669
BLOCK27/SES279/SA279S09	SES120	-0.980299	-7.72868	-6.74838
BLOCK27/SES279/SA279S09	SES146	-1.1668	-7.91519	-6.74838
BLOCK27/SES279/SA279S09	SES206	-0.528567	-7.27695	-6.74838
BLOCK27/SES279/SA279S09	SES226	-1.1999	-7.94829	-6.74838
BLOCK27/SES279/SA279S10	SES099	-1.24639	-8.52567	-7.27928
BLOCK27/SES279/SA279S10	SES206	-1.74825	-9.02752	-7.27928
BLOCK27/SES279/SA279S10	SES226	-1.97887	-9.25814	-7.27928
BLOCK27/SES279/SA279S10	SES292	-0.465737	-7.74501	-7.27928
BLOCK27/SES279/SA279S20	SES099	-1.63045	-9.14779	-7.51734
BLOCK27/SES279/SA279S20	SES206	-0.749564	-8.2669	-7.51734
BLOCK27/SES279/SA279S20	SES226	-2.27218	-9.78952	-7.51734
BLOCK27/SES279/SA279S20	SES292	-0.344957	-7.8623	-7.51734
BLOCK27/SES279/SA279S26	SES099	-0.478946	-8.7886	-8.30965
BLOCK27/SES279/SA279S26	SES206	-0.709167	-9.01882	-8.30965
BLOCK27/SES279/SA279S26	SES226	-1.50057	-9.81022	-8.30965
BLOCK27/SES279/SA279S26	SES292	0.563105	-7.74654	-8.30965
BLOCK27/SES279/SA279S28	SES099	-0.657832	-7.08313	-6.4253
BLOCK27/SES279/SA279S28	SES120	-0.836961	-7.26226	-6.4253
BLOCK27/SES279/SA279S28	SES177	-1.9303	-8.3556	-6.4253
BLOCK27/SES279/SA279S28	SES206	-1.0666	-7.4919	-6.4253
BLOCK29/SES290/SA290S12	SES162	0.0677099	-5.91665	-5.98436
BLOCK29/SES290/SA290S12	SES177	-0.0449657	-6.02933	-5.98436
BLOCK29/SES290/SA290S12	SES180	-0.490553	-6.47492	-5.98436
BLOCK29/SES290/SA290S12	SES292	-0.856992	-6.84136	-5.98436
BLOCK29/SES290/SA290S13	SES007	0.0715594	-6.45708	-6.52864
BLOCK29/SES290/SA290S13	SES162	-1.19298	-7.72162	-6.52864
BLOCK29/SES290/SA290S13	SES177	-0.59574	-7.12438	-6.52864
BLOCK29/SES290/SA290S13	SES180	-0.32444	-6.85308	-6.52864
BLOCK29/SES290/SA290S22	SES177	-0.675931	-7.38	-6.70407
BLOCK29/SES290/SA290S22	SES180	-0.562694	-7.26677	-6.70407
BLOCK29/SES290/SA290S22	SES202	-0.405677	-7.10975	-6.70407
BLOCK29/SES290/SA290S22	SES292	-0.502863	-7.20693	-6.70407
BLOCK29/SES290/SA290S25	SES162	-0.197526	-6.81717	-6.61965
BLOCK29/SES290/SA290S25	SES177	-0.453935	-7.07358	-6.61965
BLOCK29/SES290/SA290S25	SES180	-0.859404	-7.47905	-6.61965
BLOCK29/SES290/SA290S25	SES292	-0.425367	-7.04501	-6.61965
BLOCK29/SES290/SA290S29	SES177	-0.108157	-6.46067	-6.35251
BLOCK29/SES290/SA290S29	SES180	0.0419574	-6.31055	-6.35251
BLOCK29/SES290/SA290S29	SES275	-0.517879	-6.87039	-6.35251
BLOCK29/SES290/SA290S29	SES292	-0.283385	-6.6359	-6.35251
BLOCK29/SES291/SA291S11	SES105	-1.65666	-9.65055	-7.99389
BLOCK29/SES291/SA291S11	SES125	-1.09858	-9.09247	-7.99389
BLOCK29/SES291/SA291S11	SES158	-0.325847	-8.31974	-7.99389
BLOCK29/SES291/SA291S11	SES275	-0.819812	-8.8137	-7.99389
BLOCK29/SES291/SA291S12	SES158	0.486	-6.91107	-7.39707
BLOCK29/SES291/SA291S12	SES226	-0.772398	-8.16947	-7.39707
BLOCK29/SES291/SA291S12	SES270	-0.520844	-7.91791	-7.39707
BLOCK29/SES291/SA291S12	SES275	-2.07716	-9.47423	-7.39707
BLOCK29/SES291/SA291S22	SES082	-0.764972	-8.32099	-7.55602
BLOCK29/SES291/SA291S22	SES158	-0.274574	-7.8306	-7.55602
BLOCK29/SES291/SA291S22	SES259	-0.871825	-8.42785	-7.55602
BLOCK29/SES291/SA291S22	SES275	-1.54443	-9.10045	-7.55602
BLOCK29/SES291/SA291S24	SES104	0.380188	-6.82332	-7.2035
BLOCK29/SES291/SA291S24	SES125	-0.153764	-7.35727	-7.2035
BLOCK29/SES291/SA291S24	SES158	-0.0231137	-7.22662	-7.2035
BLOCK29/SES291/SA291S24	SES275	-1.21943	-8.42294	-7.2035
BLOCK29/SES291/SA291S27	SES158	-0.0161533	-7.12598	-7.10982
BLOCK29/SES291/SA291S27	SES172	-2.12284	-9.23266	-7.10982
BLOCK29/SES291/SA291S27	SES275	-1.46127	-8.5711	-7.10982
BLOCK29/SES291/SA291S27	SES292	-0.276487	-7.38631	-7.10982
